#
# There is insufficient memory for the Java Runtime Environment to continue.
# Native memory allocation (mmap) failed to map 199753728 bytes for committing reserved memory.
# Possible reasons:
#   The system is out of physical RAM or swap space
#   In 32 bit mode, the process size limit was hit
# Possible solutions:
#   Reduce memory load on the system
#   Increase physical memory or swap space
#   Check if swap backing store is full
#   Use 64 bit Java on a 64 bit OS
#   Decrease Java heap size (-Xmx/-Xms)
#   Decrease number of Java threads
#   Decrease Java thread stack sizes (-Xss)
#   Set larger code cache with -XX:ReservedCodeCacheSize=
# This output file may be truncated or incomplete.
#
#  Out of Memory Error (os_linux.cpp:2643), pid=23318, tid=0x00007f5171bb4700
#
# JRE version: OpenJDK Runtime Environment (8.0_171-b11) (build 1.8.0_171-8u171-b11-0ubuntu0.18.04.1-b11)
# Java VM: OpenJDK 64-Bit Server VM (25.171-b11 mixed mode linux-amd64 compressed oops)
# Failed to write core dump. Core dumps have been disabled. To enable core dumping, try "ulimit -c unlimited" before starting Java again
#

---------------  T H R E A D  ---------------

Current thread (0x00007f5184145800):  VMThread [stack: 0x00007f5171ab5000,0x00007f5171bb5000] [id=23336]

Stack: [0x00007f5171ab5000,0x00007f5171bb5000],  sp=0x00007f5171bb3480,  free space=1017k
Native frames: (J=compiled Java code, j=interpreted, Vv=VM code, C=native code)
V  [libjvm.so+0xaab382]
V  [libjvm.so+0x4d79a7]
V  [libjvm.so+0x8e66c0]
V  [libjvm.so+0x8e0c1e]
V  [libjvm.so+0x961436]
V  [libjvm.so+0x9627a8]
V  [libjvm.so+0x95eda6]
V  [libjvm.so+0x95f13c]
V  [libjvm.so+0x90d978]
V  [libjvm.so+0xaad042]
V  [libjvm.so+0xab1c26]
V  [libjvm.so+0xaafec5]
V  [libjvm.so+0xab083d]
V  [libjvm.so+0xab0c17]
V  [libjvm.so+0x8e3b12]

VM_Operation (0x00007f518b14a720): ParallelGCFailedAllocation, mode: safepoint, requested by thread 0x00007f5184011000


---------------  P R O C E S S  ---------------

Java Threads: ( => current thread )
  0x00007f5184c1e800 JavaThread "hconnection-0x28701274-shared-pool3-t47" daemon [_thread_blocked, id=23458, stack(0x00007f50eb5f6000,0x00007f50eb6f7000)]
  0x00007f5184c07800 JavaThread "hconnection-0x28701274-shared-pool3-t46" daemon [_thread_blocked, id=23457, stack(0x00007f50eb6f7000,0x00007f50eb7f8000)]
  0x00007f5184c05800 JavaThread "hconnection-0x28701274-shared-pool3-t45" daemon [_thread_blocked, id=23451, stack(0x00007f50eb7f8000,0x00007f50eb8f9000)]
  0x00007f5184c04000 JavaThread "hconnection-0x28701274-shared-pool3-t44" daemon [_thread_blocked, id=23450, stack(0x00007f50eb8f9000,0x00007f50eb9fa000)]
  0x00007f5184c02800 JavaThread "hconnection-0x28701274-shared-pool3-t43" daemon [_thread_blocked, id=23448, stack(0x00007f50eb9fa000,0x00007f50ebafb000)]
  0x00007f5184c00800 JavaThread "hconnection-0x28701274-shared-pool3-t42" daemon [_thread_blocked, id=23447, stack(0x00007f50ebafb000,0x00007f50ebbfc000)]
  0x00007f5184d40000 JavaThread "hconnection-0x28701274-shared-pool3-t41" daemon [_thread_blocked, id=23442, stack(0x00007f50ebbfc000,0x00007f50ebcfd000)]
  0x00007f5184d3e000 JavaThread "hconnection-0x28701274-shared-pool3-t40" daemon [_thread_blocked, id=23441, stack(0x00007f50ebcfd000,0x00007f50ebdfe000)]
  0x00007f5184d3c800 JavaThread "hconnection-0x28701274-shared-pool3-t39" daemon [_thread_blocked, id=23439, stack(0x00007f50ebdfe000,0x00007f50ebeff000)]
  0x00007f5184d3a000 JavaThread "hconnection-0x28701274-shared-pool3-t38" daemon [_thread_blocked, id=23438, stack(0x00007f50ebeff000,0x00007f50ec000000)]
  0x00007f5184d39000 JavaThread "hconnection-0x28701274-shared-pool3-t37" daemon [_thread_blocked, id=23437, stack(0x00007f51340d6000,0x00007f51341d7000)]
  0x00007f5184c5d800 JavaThread "hconnection-0x28701274-shared-pool3-t36" daemon [_thread_blocked, id=23436, stack(0x00007f51341d7000,0x00007f51342d8000)]
  0x00007f5184c5c000 JavaThread "hconnection-0x28701274-shared-pool3-t35" daemon [_thread_blocked, id=23435, stack(0x00007f51342d8000,0x00007f51343d9000)]
  0x00007f5184c5a800 JavaThread "hconnection-0x28701274-shared-pool3-t34" daemon [_thread_blocked, id=23434, stack(0x00007f51343d9000,0x00007f51344da000)]
  0x00007f5184c58800 JavaThread "hconnection-0x28701274-shared-pool3-t33" daemon [_thread_blocked, id=23433, stack(0x00007f51344da000,0x00007f51345db000)]
  0x00007f5184af6800 JavaThread "hconnection-0x28701274-shared-pool3-t32" daemon [_thread_blocked, id=23432, stack(0x00007f51345db000,0x00007f51346dc000)]
  0x00007f5184af5000 JavaThread "hconnection-0x28701274-shared-pool3-t31" daemon [_thread_blocked, id=23431, stack(0x00007f51346dc000,0x00007f51347dd000)]
  0x00007f5184af3000 JavaThread "hconnection-0x28701274-shared-pool3-t30" daemon [_thread_blocked, id=23427, stack(0x00007f51347dd000,0x00007f51348de000)]
  0x00007f5184af1800 JavaThread "hconnection-0x28701274-shared-pool3-t29" daemon [_thread_blocked, id=23426, stack(0x00007f51348de000,0x00007f51349df000)]
  0x00007f5184af0000 JavaThread "hconnection-0x28701274-shared-pool3-t28" daemon [_thread_blocked, id=23423, stack(0x00007f51349df000,0x00007f5134ae0000)]
  0x00007f5184a3c800 JavaThread "hconnection-0x28701274-shared-pool3-t27" daemon [_thread_blocked, id=23416, stack(0x00007f5134ae0000,0x00007f5134be1000)]
  0x00007f5184a3a800 JavaThread "hconnection-0x28701274-shared-pool3-t26" daemon [_thread_blocked, id=23414, stack(0x00007f5134be1000,0x00007f5134ce2000)]
  0x00007f5184a39000 JavaThread "hconnection-0x28701274-shared-pool3-t25" daemon [_thread_blocked, id=23413, stack(0x00007f5134ce2000,0x00007f5134de3000)]
  0x00007f5184a37800 JavaThread "hconnection-0x28701274-shared-pool3-t24" daemon [_thread_blocked, id=23412, stack(0x00007f5134de3000,0x00007f5134ee4000)]
  0x00007f5184a36000 JavaThread "hconnection-0x28701274-shared-pool3-t23" daemon [_thread_blocked, id=23411, stack(0x00007f5134ee4000,0x00007f5134fe5000)]
  0x00007f5184aab800 JavaThread "hconnection-0x28701274-shared-pool3-t22" daemon [_thread_blocked, id=23410, stack(0x00007f5134fe5000,0x00007f51350e6000)]
  0x00007f5184aaa000 JavaThread "hconnection-0x28701274-shared-pool3-t21" daemon [_thread_blocked, id=23401, stack(0x00007f51350e6000,0x00007f51351e7000)]
  0x00007f5184aa8000 JavaThread "hconnection-0x28701274-shared-pool3-t20" daemon [_thread_blocked, id=23400, stack(0x00007f51351e7000,0x00007f51352e8000)]
  0x00007f5184aa6800 JavaThread "hconnection-0x28701274-shared-pool3-t19" daemon [_thread_blocked, id=23399, stack(0x00007f51352e8000,0x00007f51353e9000)]
  0x00007f5184d49800 JavaThread "hconnection-0x28701274-shared-pool3-t18" daemon [_thread_blocked, id=23398, stack(0x00007f51353e9000,0x00007f51354ea000)]
  0x00007f5184d47800 JavaThread "hconnection-0x28701274-shared-pool3-t17" daemon [_thread_blocked, id=23397, stack(0x00007f51354ea000,0x00007f51355eb000)]
  0x00007f5184d46000 JavaThread "hconnection-0x28701274-shared-pool3-t16" daemon [_thread_blocked, id=23396, stack(0x00007f51355eb000,0x00007f51356ec000)]
  0x00007f5184d44800 JavaThread "hconnection-0x28701274-shared-pool3-t15" daemon [_thread_blocked, id=23395, stack(0x00007f51356ec000,0x00007f51357ed000)]
  0x00007f5184d42800 JavaThread "hconnection-0x28701274-shared-pool3-t14" daemon [_thread_blocked, id=23394, stack(0x00007f51357ed000,0x00007f51358ee000)]
  0x00007f5184d1f800 JavaThread "hconnection-0x28701274-shared-pool3-t13" daemon [_thread_blocked, id=23393, stack(0x00007f51358ee000,0x00007f51359ef000)]
  0x00007f5184d1e800 JavaThread "hconnection-0x28701274-shared-pool3-t12" daemon [_thread_blocked, id=23392, stack(0x00007f51359ef000,0x00007f5135af0000)]
  0x00007f5184d1b800 JavaThread "hconnection-0x28701274-shared-pool3-t11" daemon [_thread_blocked, id=23391, stack(0x00007f5135af0000,0x00007f5135bf1000)]
  0x00007f5184d1a000 JavaThread "hconnection-0x28701274-shared-pool3-t10" daemon [_thread_blocked, id=23390, stack(0x00007f5135bf1000,0x00007f5135cf2000)]
  0x00007f5184c89800 JavaThread "hconnection-0x28701274-shared-pool3-t9" daemon [_thread_blocked, id=23389, stack(0x00007f5135cf2000,0x00007f5135df3000)]
  0x00007f5184c86000 JavaThread "hconnection-0x28701274-shared-pool3-t8" daemon [_thread_blocked, id=23388, stack(0x00007f5135df3000,0x00007f5135ef4000)]
  0x00007f5184f70800 JavaThread "hconnection-0x28701274-shared-pool3-t7" daemon [_thread_blocked, id=23387, stack(0x00007f5135ef4000,0x00007f5135ff5000)]
  0x00007f5184c84000 JavaThread "hconnection-0x28701274-shared-pool3-t6" daemon [_thread_blocked, id=23386, stack(0x00007f5135ff5000,0x00007f51360f6000)]
  0x00007f5184c82000 JavaThread "hconnection-0x28701274-shared-pool3-t5" daemon [_thread_blocked, id=23385, stack(0x00007f51360f6000,0x00007f51361f7000)]
  0x00007f5184f72800 JavaThread "hconnection-0x28701274-shared-pool3-t4" daemon [_thread_blocked, id=23377, stack(0x00007f51361f7000,0x00007f51362f8000)]
  0x00007f5184f6e800 JavaThread "hconnection-0x28701274-shared-pool3-t3" daemon [_thread_blocked, id=23376, stack(0x00007f51362f8000,0x00007f51363f9000)]
  0x00007f5184f6f800 JavaThread "hconnection-0x28701274-shared-pool3-t2" daemon [_thread_blocked, id=23375, stack(0x00007f51363f9000,0x00007f51364fa000)]
  0x00007f5184f6c800 JavaThread "hconnection-0x28701274-shared-pool3-t1" daemon [_thread_blocked, id=23373, stack(0x00007f51366fa000,0x00007f51367fb000)]
  0x00007f5184f6a800 JavaThread "hconnection-0x28701274-metaLookup-shared--pool4-t2" daemon [_thread_blocked, id=23372, stack(0x00007f51367fb000,0x00007f51368fc000)]
  0x00007f510c01d800 JavaThread "threadDeathWatcher-3-1" daemon [_thread_blocked, id=23371, stack(0x00007f51378fd000,0x00007f51379fe000)]
  0x00007f5118159000 JavaThread "RpcClient-timer-pool1-t1" daemon [_thread_blocked, id=23370, stack(0x00007f51379fe000,0x00007f5137aff000)]
  0x00007f5118152800 JavaThread "Default-IPC-NioEventLoopGroup-1-1" daemon [_thread_in_native, id=23369, stack(0x00007f5137aff000,0x00007f5137c00000)]
  0x00007f5184f56000 JavaThread "hconnection-0x28701274-metaLookup-shared--pool4-t1" daemon [_thread_blocked, id=23367, stack(0x00007f51400dd000,0x00007f51401de000)]
  0x00007f5184e07800 JavaThread "Idle-Rpc-Conn-Sweeper-pool2-t1" daemon [_thread_blocked, id=23365, stack(0x00007f51403de000,0x00007f51404df000)]
  0x00007f5128036800 JavaThread "ReadOnlyZKClient-localhost:2181@0x402e37bc-EventThread" daemon [_thread_blocked, id=23364, stack(0x00007f51406df000,0x00007f51407e0000)]
  0x00007f5128035000 JavaThread "ReadOnlyZKClient-localhost:2181@0x402e37bc-SendThread(localhost:2181)" daemon [_thread_in_native, id=23363, stack(0x00007f51680cf000,0x00007f51681d0000)]
  0x00007f51842d7800 JavaThread "ReadOnlyZKClient-localhost:2181@0x402e37bc" daemon [_thread_blocked, id=23359, stack(0x00007f517028e000,0x00007f517038f000)]
  0x00007f5184bc6800 JavaThread "process reaper" daemon [_thread_blocked, id=23355, stack(0x00007f517038f000,0x00007f51703c8000)]
  0x00007f5184a41000 JavaThread "Service Thread" daemon [_thread_blocked, id=23351, stack(0x00007f51704ce000,0x00007f51705cf000)]
  0x00007f5184a33800 JavaThread "C1 CompilerThread2" daemon [_thread_blocked, id=23350, stack(0x00007f51707e8000,0x00007f51708e8000)]
  0x00007f5184a31800 JavaThread "C2 CompilerThread1" daemon [_thread_blocked, id=23349, stack(0x00007f51708e9000,0x00007f51709e9000)]
  0x00007f5184a30000 JavaThread "C2 CompilerThread0" daemon [_thread_blocked, id=23348, stack(0x00007f51709ea000,0x00007f5170aea000)]
  0x00007f5184a2e000 JavaThread "Monitor Ctrl-Break" daemon [_thread_in_native, id=23347, stack(0x00007f5170aea000,0x00007f5170beb000)]
  0x00007f5184185800 JavaThread "Signal Dispatcher" daemon [_thread_blocked, id=23346, stack(0x00007f517131d000,0x00007f517141e000)]
  0x00007f5184152000 JavaThread "Finalizer" daemon [_thread_blocked, id=23339, stack(0x00007f51718b2000,0x00007f51719b3000)]
  0x00007f518414d800 JavaThread "Reference Handler" daemon [_thread_blocked, id=23338, stack(0x00007f51719b3000,0x00007f5171ab4000)]
  0x00007f5184011000 JavaThread "main" [_thread_blocked, id=23320, stack(0x00007f518b04c000,0x00007f518b14c000)]

Other Threads:
=>0x00007f5184145800 VMThread [stack: 0x00007f5171ab5000,0x00007f5171bb5000] [id=23336]
  0x00007f5184a43800 WatcherThread [stack: 0x00007f51703ce000,0x00007f51704ce000] [id=23352]

VM state:at safepoint (normal execution)

VM Mutex/Monitor currently owned by a thread:  ([mutex/lock_event])
[0x00007f518400d270] Threads_lock - owner thread: 0x00007f5184145800
[0x00007f518400d770] Heap_lock - owner thread: 0x00007f5184011000

Heap:
 PSYoungGen      total 464896K, used 10720K [0x00000000d6900000, 0x00000000f4180000, 0x0000000100000000)
  eden space 448512K, 0% used [0x00000000d6900000,0x00000000d6900000,0x00000000f1f00000)
  from space 16384K, 65% used [0x00000000f1f00000,0x00000000f2978000,0x00000000f2f00000)
  to   space 17408K, 0% used [0x00000000f2f00000,0x00000000f2f00000,0x00000000f4000000)
 ParOldGen       total 67584K, used 19446K [0x0000000083a00000, 0x0000000087c00000, 0x00000000d6900000)
  object space 67584K, 28% used [0x0000000083a00000,0x0000000084cfda50,0x0000000087c00000)
 Metaspace       used 22875K, capacity 23098K, committed 23680K, reserved 1071104K
  class space    used 2534K, capacity 2607K, committed 2688K, reserved 1048576K

Card table byte_map: [0x00007f5173e11000,0x00007f51741f5000] byte_map_base: 0x00007f51739f4000

Marking Bits: (ParMarkBitMap*) 0x00007f518a2e5140
 Begin Bits: [0x00007f51681d0000, 0x00007f516a0e8000)
 End Bits:   [0x00007f516a0e8000, 0x00007f516c000000)

Polling page: 0x00007f518b166000

CodeCache: size=245760Kb used=8042Kb max_used=8044Kb free=237717Kb
 bounds [0x00007f51745b5000, 0x00007f5174da5000, 0x00007f51835b5000]
 total_blobs=2776 nmethods=2321 adapters=369
 compilation: enabled

Compilation events (10 events):
Event: 27.827 Thread 0x00007f5184a31800 2338       4       org.apache.hbase.thirdparty.io.netty.util.internal.shaded.org.jctools.queues.BaseMpscLinkedArrayQueue::poll (108 bytes)
Event: 27.839 Thread 0x00007f5184a31800 nmethod 2338 0x00007f5174d96e50 code [0x00007f5174d96fa0, 0x00007f5174d970e8]
Event: 27.847 Thread 0x00007f5184a33800 2339       3       org.apache.hbase.thirdparty.io.netty.util.concurrent.ScheduledFutureTask::nanoTime (8 bytes)
Event: 27.848 Thread 0x00007f5184a33800 nmethod 2339 0x00007f5174d96b10 code [0x00007f5174d96c80, 0x00007f5174d96dd0]
Event: 28.452 Thread 0x00007f5184a33800 2340       3       java.util.concurrent.atomic.AtomicIntegerFieldUpdater$AtomicIntegerFieldUpdaterImpl::set (18 bytes)
Event: 28.475 Thread 0x00007f5184a33800 nmethod 2340 0x00007f5174d96210 code [0x00007f5174d96380, 0x00007f5174d96688]
Event: 28.478 Thread 0x00007f5184a33800 2342       3       org.apache.hbase.thirdparty.io.netty.channel.AbstractChannelHandlerContext::invokeChannelReadComplete (52 bytes)
Event: 28.549 Thread 0x00007f5184a33800 nmethod 2342 0x00007f5174d95610 code [0x00007f5174d957e0, 0x00007f5174d95f68]
Event: 28.549 Thread 0x00007f5184a33800 2343   !   3       org.apache.hbase.thirdparty.io.netty.channel.AbstractChannelHandlerContext::invokeChannelReadComplete (38 bytes)
Event: 28.549 Thread 0x00007f5184a33800 nmethod 2343 0x00007f5174d94910 code [0x00007f5174d94b00, 0x00007f5174d952f8]

GC Heap History (10 events):
Event: 3.203 GC heap after
Heap after GC invocations=5 (full 0):
 PSYoungGen      total 136192K, used 5117K [0x00000000d6900000, 0x00000000e8c00000, 0x0000000100000000)
  eden space 131072K, 0% used [0x00000000d6900000,0x00000000d6900000,0x00000000de900000)
  from space 5120K, 99% used [0x00000000de900000,0x00000000dedff578,0x00000000dee00000)
  to   space 17920K, 0% used [0x00000000e7a80000,0x00000000e7a80000,0x00000000e8c00000)
 ParOldGen       total 86016K, used 20331K [0x0000000083a00000, 0x0000000088e00000, 0x00000000d6900000)
  object space 86016K, 23% used [0x0000000083a00000,0x0000000084ddaf70,0x0000000088e00000)
 Metaspace       used 20795K, capacity 20998K, committed 21296K, reserved 1069056K
  class space    used 2331K, capacity 2403K, committed 2432K, reserved 1048576K
}
Event: 3.203 GC heap before
{Heap before GC invocations=6 (full 1):
 PSYoungGen      total 136192K, used 5117K [0x00000000d6900000, 0x00000000e8c00000, 0x0000000100000000)
  eden space 131072K, 0% used [0x00000000d6900000,0x00000000d6900000,0x00000000de900000)
  from space 5120K, 99% used [0x00000000de900000,0x00000000dedff578,0x00000000dee00000)
  to   space 17920K, 0% used [0x00000000e7a80000,0x00000000e7a80000,0x00000000e8c00000)
 ParOldGen       total 86016K, used 20331K [0x0000000083a00000, 0x0000000088e00000, 0x00000000d6900000)
  object space 86016K, 23% used [0x0000000083a00000,0x0000000084ddaf70,0x0000000088e00000)
 Metaspace       used 20795K, capacity 20998K, committed 21296K, reserved 1069056K
  class space    used 2331K, capacity 2403K, committed 2432K, reserved 1048576K
Event: 3.248 GC heap after
Heap after GC invocations=6 (full 1):
 PSYoungGen      total 136192K, used 0K [0x00000000d6900000, 0x00000000e8c00000, 0x0000000100000000)
  eden space 131072K, 0% used [0x00000000d6900000,0x00000000d6900000,0x00000000de900000)
  from space 5120K, 0% used [0x00000000de900000,0x00000000de900000,0x00000000dee00000)
  to   space 17920K, 0% used [0x00000000e7a80000,0x00000000e7a80000,0x00000000e8c00000)
 ParOldGen       total 67584K, used 18770K [0x0000000083a00000, 0x0000000087c00000, 0x00000000d6900000)
  object space 67584K, 27% used [0x0000000083a00000,0x0000000084c54898,0x0000000087c00000)
 Metaspace       used 20795K, capacity 20998K, committed 21296K, reserved 1069056K
  class space    used 2331K, capacity 2403K, committed 2432K, reserved 1048576K
}
Event: 5.894 GC heap before
{Heap before GC invocations=7 (full 1):
 PSYoungGen      total 136192K, used 131072K [0x00000000d6900000, 0x00000000e8c00000, 0x0000000100000000)
  eden space 131072K, 100% used [0x00000000d6900000,0x00000000de900000,0x00000000de900000)
  from space 5120K, 0% used [0x00000000de900000,0x00000000de900000,0x00000000dee00000)
  to   space 17920K, 0% used [0x00000000e7a80000,0x00000000e7a80000,0x00000000e8c00000)
 ParOldGen       total 67584K, used 18770K [0x0000000083a00000, 0x0000000087c00000, 0x00000000d6900000)
  object space 67584K, 27% used [0x0000000083a00000,0x0000000084c54898,0x0000000087c00000)
 Metaspace       used 22702K, capacity 22958K, committed 23424K, reserved 1071104K
  class space    used 2533K, capacity 2605K, committed 2688K, reserved 1048576K
Event: 5.901 GC heap after
Heap after GC invocations=7 (full 1):
 PSYoungGen      total 251392K, used 6384K [0x00000000d6900000, 0x00000000e8100000, 0x0000000100000000)
  eden space 244736K, 0% used [0x00000000d6900000,0x00000000d6900000,0x00000000e5800000)
  from space 6656K, 95% used [0x00000000e7a80000,0x00000000e80bc120,0x00000000e8100000)
  to   space 16896K, 0% used [0x00000000e6000000,0x00000000e6000000,0x00000000e7080000)
 ParOldGen       total 67584K, used 18778K [0x0000000083a00000, 0x0000000087c00000, 0x00000000d6900000)
  object space 67584K, 27% used [0x0000000083a00000,0x0000000084c56898,0x0000000087c00000)
 Metaspace       used 22702K, capacity 22958K, committed 23424K, reserved 1071104K
  class space    used 2533K, capacity 2605K, committed 2688K, reserved 1048576K
}
Event: 11.352 GC heap before
{Heap before GC invocations=8 (full 1):
 PSYoungGen      total 251392K, used 251120K [0x00000000d6900000, 0x00000000e8100000, 0x0000000100000000)
  eden space 244736K, 100% used [0x00000000d6900000,0x00000000e5800000,0x00000000e5800000)
  from space 6656K, 95% used [0x00000000e7a80000,0x00000000e80bc120,0x00000000e8100000)
  to   space 16896K, 0% used [0x00000000e6000000,0x00000000e6000000,0x00000000e7080000)
 ParOldGen       total 67584K, used 18778K [0x0000000083a00000, 0x0000000087c00000, 0x00000000d6900000)
  object space 67584K, 27% used [0x0000000083a00000,0x0000000084c56898,0x0000000087c00000)
 Metaspace       used 22800K, capacity 23034K, committed 23424K, reserved 1071104K
  class space    used 2534K, capacity 2607K, committed 2688K, reserved 1048576K
Event: 11.357 GC heap after
Heap after GC invocations=8 (full 1):
 PSYoungGen      total 269824K, used 2391K [0x00000000d6900000, 0x00000000f4000000, 0x0000000100000000)
  eden space 252928K, 0% used [0x00000000d6900000,0x00000000d6900000,0x00000000e6000000)
  from space 16896K, 14% used [0x00000000e6000000,0x00000000e6255d28,0x00000000e7080000)
  to   space 17408K, 0% used [0x00000000f2f00000,0x00000000f2f00000,0x00000000f4000000)
 ParOldGen       total 67584K, used 18778K [0x0000000083a00000, 0x0000000087c00000, 0x00000000d6900000)
  object space 67584K, 27% used [0x0000000083a00000,0x0000000084c56898,0x0000000087c00000)
 Metaspace       used 22800K, capacity 23034K, committed 23424K, reserved 1071104K
  class space    used 2534K, capacity 2607K, committed 2688K, reserved 1048576K
}
Event: 17.150 GC heap before
{Heap before GC invocations=9 (full 1):
 PSYoungGen      total 269824K, used 255319K [0x00000000d6900000, 0x00000000f4000000, 0x0000000100000000)
  eden space 252928K, 100% used [0x00000000d6900000,0x00000000e6000000,0x00000000e6000000)
  from space 16896K, 14% used [0x00000000e6000000,0x00000000e6255d28,0x00000000e7080000)
  to   space 17408K, 0% used [0x00000000f2f00000,0x00000000f2f00000,0x00000000f4000000)
 ParOldGen       total 67584K, used 18778K [0x0000000083a00000, 0x0000000087c00000, 0x00000000d6900000)
  object space 67584K, 27% used [0x0000000083a00000,0x0000000084c56898,0x0000000087c00000)
 Metaspace       used 22851K, capacity 23098K, committed 23680K, reserved 1071104K
  class space    used 2534K, capacity 2607K, committed 2688K, reserved 1048576K
Event: 17.160 GC heap after
Heap after GC invocations=9 (full 1):
 PSYoungGen      total 465920K, used 6444K [0x00000000d6900000, 0x00000000f4180000, 0x0000000100000000)
  eden space 448512K, 0% used [0x00000000d6900000,0x00000000d6900000,0x00000000f1f00000)
  from space 17408K, 37% used [0x00000000f2f00000,0x00000000f354b188,0x00000000f4000000)
  to   space 16384K, 0% used [0x00000000f1f00000,0x00000000f1f00000,0x00000000f2f00000)
 ParOldGen       total 67584K, used 18786K [0x0000000083a00000, 0x0000000087c00000, 0x00000000d6900000)
  object space 67584K, 27% used [0x0000000083a00000,0x0000000084c58898,0x0000000087c00000)
 Metaspace       used 22851K, capacity 23098K, committed 23680K, reserved 1071104K
  class space    used 2534K, capacity 2607K, committed 2688K, reserved 1048576K
}
Event: 28.668 GC heap before
{Heap before GC invocations=10 (full 1):
 PSYoungGen      total 465920K, used 454956K [0x00000000d6900000, 0x00000000f4180000, 0x0000000100000000)
  eden space 448512K, 100% used [0x00000000d6900000,0x00000000f1f00000,0x00000000f1f00000)
  from space 17408K, 37% used [0x00000000f2f00000,0x00000000f354b188,0x00000000f4000000)
  to   space 16384K, 0% used [0x00000000f1f00000,0x00000000f1f00000,0x00000000f2f00000)
 ParOldGen       total 67584K, used 18786K [0x0000000083a00000, 0x0000000087c00000, 0x00000000d6900000)
  object space 67584K, 27% used [0x0000000083a00000,0x0000000084c58898,0x0000000087c00000)
 Metaspace       used 22875K, capacity 23098K, committed 23680K, reserved 1071104K
  class space    used 2534K, capacity 2607K, committed 2688K, reserved 1048576K

Deoptimization events (10 events):
Event: 11.372 Thread 0x00007f5118152800 Uncommon trap: reason=class_check action=maybe_recompile pc=0x00007f5174ba2438 method=org.apache.hbase.thirdparty.io.netty.buffer.ByteBufOutputStream.write(I)V @ 5
Event: 11.372 Thread 0x00007f5118152800 Uncommon trap: reason=class_check action=maybe_recompile pc=0x00007f5174ba2438 method=org.apache.hbase.thirdparty.io.netty.buffer.ByteBufOutputStream.write(I)V @ 5
Event: 11.372 Thread 0x00007f5118152800 Uncommon trap: reason=class_check action=maybe_recompile pc=0x00007f5174bb8fec method=org.apache.hbase.thirdparty.io.netty.buffer.ByteBufOutputStream.write([BII)V @ 12
Event: 11.372 Thread 0x00007f5118152800 Uncommon trap: reason=class_check action=maybe_recompile pc=0x00007f5174bc25fc method=org.apache.hbase.thirdparty.io.netty.buffer.ByteBufOutputStream.write(I)V @ 5
Event: 11.372 Thread 0x00007f5118152800 Uncommon trap: reason=class_check action=maybe_recompile pc=0x00007f5174bb8fec method=org.apache.hbase.thirdparty.io.netty.buffer.ByteBufOutputStream.write([BII)V @ 12
Event: 11.372 Thread 0x00007f5118152800 Uncommon trap: reason=class_check action=maybe_recompile pc=0x00007f5174bb0d80 method=org.apache.hbase.thirdparty.io.netty.buffer.ByteBufOutputStream.write(I)V @ 5
Event: 11.372 Thread 0x00007f5118152800 Uncommon trap: reason=class_check action=maybe_recompile pc=0x00007f5174bb8fec method=org.apache.hbase.thirdparty.io.netty.buffer.ByteBufOutputStream.write([BII)V @ 12
Event: 11.372 Thread 0x00007f5118152800 Uncommon trap: reason=class_check action=maybe_recompile pc=0x00007f5174bb8fec method=org.apache.hbase.thirdparty.io.netty.buffer.ByteBufOutputStream.write([BII)V @ 12
Event: 11.372 Thread 0x00007f5118152800 Uncommon trap: reason=class_check action=maybe_recompile pc=0x00007f5174baca28 method=org.apache.hbase.thirdparty.io.netty.buffer.ByteBufOutputStream.write([BII)V @ 12
Event: 11.372 Thread 0x00007f5118152800 Uncommon trap: reason=class_check action=maybe_recompile pc=0x00007f5174bbbd50 method=org.apache.hbase.thirdparty.io.netty.buffer.ByteBufOutputStream.write([BII)V @ 12

Classes redefined (0 events):
No events

Internal exceptions (10 events):
Event: 0.872 Thread 0x00007f5184011000 Exception <a 'java/lang/NoSuchFieldError': method resolution failed> (0x00000000d7cf1a68) thrown at [/build/openjdk-8-TuolsG/openjdk-8-8u171-b11/src/hotspot/src/share/vm/prims/methodHandles.cpp, line 1167]
Event: 0.877 Thread 0x00007f5184011000 Exception <a 'java/lang/NoSuchFieldError': method resolution failed> (0x00000000d7cff9c8) thrown at [/build/openjdk-8-TuolsG/openjdk-8-8u171-b11/src/hotspot/src/share/vm/prims/methodHandles.cpp, line 1167]
Event: 1.640 Thread 0x00007f5184011000 Exception <a 'java/io/FileNotFoundException'> (0x00000000d8226db8) thrown at [/build/openjdk-8-TuolsG/openjdk-8-8u171-b11/src/hotspot/src/share/vm/prims/jni.cpp, line 709]
Event: 1.640 Thread 0x00007f5184011000 Exception <a 'java/security/PrivilegedActionException'> (0x00000000d8227220) thrown at [/build/openjdk-8-TuolsG/openjdk-8-8u171-b11/src/hotspot/src/share/vm/prims/jvm.cpp, line 1435]
Event: 1.640 Thread 0x00007f5184011000 Exception <a 'java/lang/reflect/InvocationTargetException'> (0x00000000d8229720) thrown at [/build/openjdk-8-TuolsG/openjdk-8-8u171-b11/src/hotspot/src/share/vm/runtime/reflection.cpp, line 1092]
Event: 2.346 Thread 0x00007f5184011000 Exception <a 'java/lang/NoSuchMethodError': java.lang.Object.lambda$static$0(Lorg/apache/hadoop/hbase/client/Row;Lorg/apache/hadoop/hbase/client/Row;)I> (0x00000000d9464338) thrown at [/build/openjdk-8-TuolsG/openjdk-8-8u171-b11/src/hotspot/src/share/vm/i
Event: 2.545 Thread 0x00007f5184011000 Exception <a 'java/lang/NoSuchMethodError': java.lang.Object.lambda$static$0(Lorg/apache/hadoop/hbase/client/RegionInfo;Lorg/apache/hadoop/hbase/client/RegionInfo;)I> (0x00000000da7a9460) thrown at [/build/openjdk-8-TuolsG/openjdk-8-8u171-b11/src/hotspot/
Event: 3.441 Thread 0x00007f5184f6c800 Exception <a 'java/lang/IncompatibleClassChangeError': Found class java.lang.Object, but interface was expected> (0x00000000d7e0ff30) thrown at [/build/openjdk-8-TuolsG/openjdk-8-8u171-b11/src/hotspot/src/share/vm/interpreter/linkResolver.cpp, line 653]
Event: 3.443 Thread 0x00007f5184f6c800 Exception <a 'java/lang/NoSuchMethodError': java.lang.Object.lambda$maxBy$1(Ljava/util/Comparator;Ljava/lang/Object;Ljava/lang/Object;)Ljava/lang/Object;> (0x00000000d7e18840) thrown at [/build/openjdk-8-TuolsG/openjdk-8-8u171-b11/src/hotspot/src/share/vm
Event: 4.585 Thread 0x00007f5184011000 Implicit null exception at 0x00007f5174c41a8c to 0x00007f5174c42849

Events (10 events):
Event: 24.353 Executing VM operation: BulkRevokeBias
Event: 24.353 Executing VM operation: BulkRevokeBias done
Event: 24.358 Executing VM operation: BulkRevokeBias
Event: 24.360 Executing VM operation: BulkRevokeBias done
Event: 24.873 Thread 0x00007f5184c02800 Thread added: 0x00007f5184c02800
Event: 25.579 Thread 0x00007f5184c04000 Thread added: 0x00007f5184c04000
Event: 26.227 Thread 0x00007f5184c05800 Thread added: 0x00007f5184c05800
Event: 26.973 Thread 0x00007f5184c07800 Thread added: 0x00007f5184c07800
Event: 27.822 Thread 0x00007f5184c1e800 Thread added: 0x00007f5184c1e800
Event: 28.605 Executing VM operation: ParallelGCFailedAllocation


Dynamic libraries:
83a00000-87c00000 rw-p 00000000 00:00 0 
87c00000-d6900000 ---p 00000000 00:00 0 
d6900000-f4180000 rw-p 00000000 00:00 0 
100000000-1002a0000 rw-p 00000000 00:00 0 
1002a0000-140000000 ---p 00000000 00:00 0 
5614ab25b000-5614ab25c000 r-xp 00000000 08:01 802389                     /usr/lib/jvm/java-8-openjdk-amd64/jre/bin/java
5614ab45b000-5614ab45c000 r--p 00000000 08:01 802389                     /usr/lib/jvm/java-8-openjdk-amd64/jre/bin/java
5614ab45c000-5614ab45d000 rw-p 00001000 08:01 802389                     /usr/lib/jvm/java-8-openjdk-amd64/jre/bin/java
5614abbc9000-5614abc10000 rw-p 00000000 00:00 0                          [heap]
7f50eb5f6000-7f50eb5f9000 ---p 00000000 00:00 0 
7f50eb5f9000-7f50eb6f7000 rw-p 00000000 00:00 0 
7f50eb6f7000-7f50eb6fa000 ---p 00000000 00:00 0 
7f50eb6fa000-7f50eb7f8000 rw-p 00000000 00:00 0 
7f50eb7f8000-7f50eb7fb000 ---p 00000000 00:00 0 
7f50eb7fb000-7f50eb8f9000 rw-p 00000000 00:00 0 
7f50eb8f9000-7f50eb8fc000 ---p 00000000 00:00 0 
7f50eb8fc000-7f50eb9fa000 rw-p 00000000 00:00 0 
7f50eb9fa000-7f50eb9fd000 ---p 00000000 00:00 0 
7f50eb9fd000-7f50ebafb000 rw-p 00000000 00:00 0 
7f50ebafb000-7f50ebafe000 ---p 00000000 00:00 0 
7f50ebafe000-7f50ebbfc000 rw-p 00000000 00:00 0 
7f50ebbfc000-7f50ebbff000 ---p 00000000 00:00 0 
7f50ebbff000-7f50ebcfd000 rw-p 00000000 00:00 0 
7f50ebcfd000-7f50ebd00000 ---p 00000000 00:00 0 
7f50ebd00000-7f50ebdfe000 rw-p 00000000 00:00 0 
7f50ebdfe000-7f50ebe01000 ---p 00000000 00:00 0 
7f50ebe01000-7f50ebeff000 rw-p 00000000 00:00 0 
7f50ebeff000-7f50ebf02000 ---p 00000000 00:00 0 
7f50ebf02000-7f50ec000000 rw-p 00000000 00:00 0 
7f50ec000000-7f50ec021000 rw-p 00000000 00:00 0 
7f50ec021000-7f50f0000000 ---p 00000000 00:00 0 
7f50f0000000-7f50f0021000 rw-p 00000000 00:00 0 
7f50f0021000-7f50f4000000 ---p 00000000 00:00 0 
7f50f4000000-7f50f4021000 rw-p 00000000 00:00 0 
7f50f4021000-7f50f8000000 ---p 00000000 00:00 0 
7f50f8000000-7f50f8021000 rw-p 00000000 00:00 0 
7f50f8021000-7f50fc000000 ---p 00000000 00:00 0 
7f50fc000000-7f50fc02b000 rw-p 00000000 00:00 0 
7f50fc02b000-7f5100000000 ---p 00000000 00:00 0 
7f5100000000-7f5100021000 rw-p 00000000 00:00 0 
7f5100021000-7f5104000000 ---p 00000000 00:00 0 
7f5104000000-7f5104021000 rw-p 00000000 00:00 0 
7f5104021000-7f5108000000 ---p 00000000 00:00 0 
7f5108000000-7f5108021000 rw-p 00000000 00:00 0 
7f5108021000-7f510c000000 ---p 00000000 00:00 0 
7f510c000000-7f510d042000 rw-p 00000000 00:00 0 
7f510d042000-7f5110000000 ---p 00000000 00:00 0 
7f5110000000-7f5110021000 rw-p 00000000 00:00 0 
7f5110021000-7f5114000000 ---p 00000000 00:00 0 
7f5114000000-7f5114021000 rw-p 00000000 00:00 0 
7f5114021000-7f5118000000 ---p 00000000 00:00 0 
7f5118000000-7f5118173000 rw-p 00000000 00:00 0 
7f5118173000-7f511c000000 ---p 00000000 00:00 0 
7f511c000000-7f511c021000 rw-p 00000000 00:00 0 
7f511c021000-7f5120000000 ---p 00000000 00:00 0 
7f5120000000-7f5120021000 rw-p 00000000 00:00 0 
7f5120021000-7f5124000000 ---p 00000000 00:00 0 
7f5124000000-7f5124021000 rw-p 00000000 00:00 0 
7f5124021000-7f5128000000 ---p 00000000 00:00 0 
7f5128000000-7f51280b4000 rw-p 00000000 00:00 0 
7f51280b4000-7f512c000000 ---p 00000000 00:00 0 
7f512c000000-7f512c021000 rw-p 00000000 00:00 0 
7f512c021000-7f5130000000 ---p 00000000 00:00 0 
7f5130000000-7f5130021000 rw-p 00000000 00:00 0 
7f5130021000-7f5134000000 ---p 00000000 00:00 0 
7f51340d6000-7f51340d9000 ---p 00000000 00:00 0 
7f51340d9000-7f51341d7000 rw-p 00000000 00:00 0 
7f51341d7000-7f51341da000 ---p 00000000 00:00 0 
7f51341da000-7f51342d8000 rw-p 00000000 00:00 0 
7f51342d8000-7f51342db000 ---p 00000000 00:00 0 
7f51342db000-7f51343d9000 rw-p 00000000 00:00 0 
7f51343d9000-7f51343dc000 ---p 00000000 00:00 0 
7f51343dc000-7f51344da000 rw-p 00000000 00:00 0 
7f51344da000-7f51344dd000 ---p 00000000 00:00 0 
7f51344dd000-7f51345db000 rw-p 00000000 00:00 0 
7f51345db000-7f51345de000 ---p 00000000 00:00 0 
7f51345de000-7f51346dc000 rw-p 00000000 00:00 0 
7f51346dc000-7f51346df000 ---p 00000000 00:00 0 
7f51346df000-7f51347dd000 rw-p 00000000 00:00 0 
7f51347dd000-7f51347e0000 ---p 00000000 00:00 0 
7f51347e0000-7f51348de000 rw-p 00000000 00:00 0 
7f51348de000-7f51348e1000 ---p 00000000 00:00 0 
7f51348e1000-7f51349df000 rw-p 00000000 00:00 0 
7f51349df000-7f51349e2000 ---p 00000000 00:00 0 
7f51349e2000-7f5134ae0000 rw-p 00000000 00:00 0 
7f5134ae0000-7f5134ae3000 ---p 00000000 00:00 0 
7f5134ae3000-7f5134be1000 rw-p 00000000 00:00 0 
7f5134be1000-7f5134be4000 ---p 00000000 00:00 0 
7f5134be4000-7f5134ce2000 rw-p 00000000 00:00 0 
7f5134ce2000-7f5134ce5000 ---p 00000000 00:00 0 
7f5134ce5000-7f5134de3000 rw-p 00000000 00:00 0 
7f5134de3000-7f5134de6000 ---p 00000000 00:00 0 
7f5134de6000-7f5134ee4000 rw-p 00000000 00:00 0 
7f5134ee4000-7f5134ee7000 ---p 00000000 00:00 0 
7f5134ee7000-7f5134fe5000 rw-p 00000000 00:00 0 
7f5134fe5000-7f5134fe8000 ---p 00000000 00:00 0 
7f5134fe8000-7f51350e6000 rw-p 00000000 00:00 0 
7f51350e6000-7f51350e9000 ---p 00000000 00:00 0 
7f51350e9000-7f51351e7000 rw-p 00000000 00:00 0 
7f51351e7000-7f51351ea000 ---p 00000000 00:00 0 
7f51351ea000-7f51352e8000 rw-p 00000000 00:00 0 
7f51352e8000-7f51352eb000 ---p 00000000 00:00 0 
7f51352eb000-7f51353e9000 rw-p 00000000 00:00 0 
7f51353e9000-7f51353ec000 ---p 00000000 00:00 0 
7f51353ec000-7f51354ea000 rw-p 00000000 00:00 0 
7f51354ea000-7f51354ed000 ---p 00000000 00:00 0 
7f51354ed000-7f51355eb000 rw-p 00000000 00:00 0 
7f51355eb000-7f51355ee000 ---p 00000000 00:00 0 
7f51355ee000-7f51356ec000 rw-p 00000000 00:00 0 
7f51356ec000-7f51356ef000 ---p 00000000 00:00 0 
7f51356ef000-7f51357ed000 rw-p 00000000 00:00 0 
7f51357ed000-7f51357f0000 ---p 00000000 00:00 0 
7f51357f0000-7f51358ee000 rw-p 00000000 00:00 0 
7f51358ee000-7f51358f1000 ---p 00000000 00:00 0 
7f51358f1000-7f51359ef000 rw-p 00000000 00:00 0 
7f51359ef000-7f51359f2000 ---p 00000000 00:00 0 
7f51359f2000-7f5135af0000 rw-p 00000000 00:00 0 
7f5135af0000-7f5135af3000 ---p 00000000 00:00 0 
7f5135af3000-7f5135bf1000 rw-p 00000000 00:00 0 
7f5135bf1000-7f5135bf4000 ---p 00000000 00:00 0 
7f5135bf4000-7f5135cf2000 rw-p 00000000 00:00 0 
7f5135cf2000-7f5135cf5000 ---p 00000000 00:00 0 
7f5135cf5000-7f5135df3000 rw-p 00000000 00:00 0 
7f5135df3000-7f5135df6000 ---p 00000000 00:00 0 
7f5135df6000-7f5135ef4000 rw-p 00000000 00:00 0 
7f5135ef4000-7f5135ef7000 ---p 00000000 00:00 0 
7f5135ef7000-7f5135ff5000 rw-p 00000000 00:00 0 
7f5135ff5000-7f5135ff8000 ---p 00000000 00:00 0 
7f5135ff8000-7f51360f6000 rw-p 00000000 00:00 0 
7f51360f6000-7f51360f9000 ---p 00000000 00:00 0 
7f51360f9000-7f51361f7000 rw-p 00000000 00:00 0 
7f51361f7000-7f51361fa000 ---p 00000000 00:00 0 
7f51361fa000-7f51362f8000 rw-p 00000000 00:00 0 
7f51362f8000-7f51362fb000 ---p 00000000 00:00 0 
7f51362fb000-7f51363f9000 rw-p 00000000 00:00 0 
7f51363f9000-7f51363fc000 ---p 00000000 00:00 0 
7f51363fc000-7f513657a000 rw-p 00000000 00:00 0 
7f513657a000-7f51366fa000 ---p 00000000 00:00 0 
7f51366fa000-7f51366fd000 ---p 00000000 00:00 0 
7f51366fd000-7f51367fb000 rw-p 00000000 00:00 0 
7f51367fb000-7f51367fe000 ---p 00000000 00:00 0 
7f51367fe000-7f51378fd000 rw-p 00000000 00:00 0 
7f51378fd000-7f5137900000 ---p 00000000 00:00 0 
7f5137900000-7f51379fe000 rw-p 00000000 00:00 0 
7f51379fe000-7f5137a01000 ---p 00000000 00:00 0 
7f5137a01000-7f5137aff000 rw-p 00000000 00:00 0 
7f5137aff000-7f5137b02000 ---p 00000000 00:00 0 
7f5137b02000-7f5137e00000 rw-p 00000000 00:00 0 
7f5137e00000-7f5138000000 rw-p 00000000 00:00 0 
7f5138000000-7f51383e3000 rw-p 00000000 00:00 0 
7f51383e3000-7f513c000000 ---p 00000000 00:00 0 
7f513c000000-7f513c5e1000 rw-p 00000000 00:00 0 
7f513c5e1000-7f5140000000 ---p 00000000 00:00 0 
7f51400dd000-7f51400e0000 ---p 00000000 00:00 0 
7f51400e0000-7f51403de000 rw-p 00000000 00:00 0 
7f51403de000-7f51403e1000 ---p 00000000 00:00 0 
7f51403e1000-7f51406df000 rw-p 00000000 00:00 0 
7f51406df000-7f51406e2000 ---p 00000000 00:00 0 
7f51406e2000-7f51407e0000 rw-p 00000000 00:00 0 
7f51407e0000-7f51407f1000 r-xp 00000000 08:01 802426                     /usr/lib/jvm/java-8-openjdk-amd64/jre/lib/amd64/libnio.so
7f51407f1000-7f51409f1000 ---p 00011000 08:01 802426                     /usr/lib/jvm/java-8-openjdk-amd64/jre/lib/amd64/libnio.so
7f51409f1000-7f51409f2000 r--p 00011000 08:01 802426                     /usr/lib/jvm/java-8-openjdk-amd64/jre/lib/amd64/libnio.so
7f51409f2000-7f51409f3000 rw-p 00012000 08:01 802426                     /usr/lib/jvm/java-8-openjdk-amd64/jre/lib/amd64/libnio.so
7f51409f3000-7f5140bf3000 rw-p 00000000 00:00 0 
7f5140bf3000-7f5140bf4000 r-xp 00000000 08:01 802413                     /usr/lib/jvm/java-8-openjdk-amd64/jre/lib/amd64/libjaas_unix.so
7f5140bf4000-7f5140df3000 ---p 00001000 08:01 802413                     /usr/lib/jvm/java-8-openjdk-amd64/jre/lib/amd64/libjaas_unix.so
7f5140df3000-7f5140df4000 r--p 00000000 08:01 802413                     /usr/lib/jvm/java-8-openjdk-amd64/jre/lib/amd64/libjaas_unix.so
7f5140df4000-7f5140df5000 rw-p 00001000 08:01 802413                     /usr/lib/jvm/java-8-openjdk-amd64/jre/lib/amd64/libjaas_unix.so
7f5140df5000-7f5140dfe000 r-xp 00000000 08:01 802423                     /usr/lib/jvm/java-8-openjdk-amd64/jre/lib/amd64/libmanagement.so
7f5140dfe000-7f5140ffd000 ---p 00009000 08:01 802423                     /usr/lib/jvm/java-8-openjdk-amd64/jre/lib/amd64/libmanagement.so
7f5140ffd000-7f5140ffe000 r--p 00008000 08:01 802423                     /usr/lib/jvm/java-8-openjdk-amd64/jre/lib/amd64/libmanagement.so
7f5140ffe000-7f5140fff000 rw-p 00009000 08:01 802423                     /usr/lib/jvm/java-8-openjdk-amd64/jre/lib/amd64/libmanagement.so
7f5140fff000-7f5144000000 rw-p 00000000 00:00 0 
7f5144000000-7f5144032000 rw-p 00000000 00:00 0 
7f5144032000-7f5148000000 ---p 00000000 00:00 0 
7f5148000000-7f51489ec000 rw-p 00000000 00:00 0 
7f51489ec000-7f514c000000 ---p 00000000 00:00 0 
7f514c000000-7f514c021000 rw-p 00000000 00:00 0 
7f514c021000-7f5150000000 ---p 00000000 00:00 0 
7f5150000000-7f5150021000 rw-p 00000000 00:00 0 
7f5150021000-7f5154000000 ---p 00000000 00:00 0 
7f5154000000-7f5154028000 rw-p 00000000 00:00 0 
7f5154028000-7f5158000000 ---p 00000000 00:00 0 
7f5158000000-7f5158021000 rw-p 00000000 00:00 0 
7f5158021000-7f515c000000 ---p 00000000 00:00 0 
7f515c000000-7f515c021000 rw-p 00000000 00:00 0 
7f515c021000-7f5160000000 ---p 00000000 00:00 0 
7f5160000000-7f5160025000 rw-p 00000000 00:00 0 
7f5160025000-7f5164000000 ---p 00000000 00:00 0 
7f5164000000-7f5164021000 rw-p 00000000 00:00 0 
7f5164021000-7f5168000000 ---p 00000000 00:00 0 
7f51680cf000-7f51680d2000 ---p 00000000 00:00 0 
7f51680d2000-7f516c000000 rw-p 00000000 00:00 0 
7f516c000000-7f516c021000 rw-p 00000000 00:00 0 
7f516c021000-7f5170000000 ---p 00000000 00:00 0 
7f517008e000-7f517028e000 rw-p 00000000 00:00 0 
7f517028e000-7f5170291000 ---p 00000000 00:00 0 
7f5170291000-7f517038f000 rw-p 00000000 00:00 0 
7f517038f000-7f5170392000 ---p 00000000 00:00 0 
7f5170392000-7f51703c8000 rw-p 00000000 00:00 0 
7f51703c8000-7f51703cd000 r--s 0009d000 08:01 802465                     /usr/lib/jvm/java-8-openjdk-amd64/jre/lib/jsse.jar
7f51703cd000-7f51703ce000 ---p 00000000 00:00 0 
7f51703ce000-7f51704ce000 rw-p 00000000 00:00 0 
7f51704ce000-7f51704d1000 ---p 00000000 00:00 0 
7f51704d1000-7f51705cf000 rw-p 00000000 00:00 0 
7f51705cf000-7f51705e5000 r-xp 00000000 08:01 802425                     /usr/lib/jvm/java-8-openjdk-amd64/jre/lib/amd64/libnet.so
7f51705e5000-7f51707e5000 ---p 00016000 08:01 802425                     /usr/lib/jvm/java-8-openjdk-amd64/jre/lib/amd64/libnet.so
7f51707e5000-7f51707e6000 r--p 00016000 08:01 802425                     /usr/lib/jvm/java-8-openjdk-amd64/jre/lib/amd64/libnet.so
7f51707e6000-7f51707e7000 rw-p 00017000 08:01 802425                     /usr/lib/jvm/java-8-openjdk-amd64/jre/lib/amd64/libnet.so
7f51707e7000-7f51707e8000 ---p 00000000 00:00 0 
7f51707e8000-7f51707eb000 ---p 00000000 00:00 0 
7f51707eb000-7f51708e8000 rw-p 00000000 00:00 0 
7f51708e8000-7f51708e9000 ---p 00000000 00:00 0 
7f51708e9000-7f51708ec000 ---p 00000000 00:00 0 
7f51708ec000-7f51709e9000 rw-p 00000000 00:00 0 
7f51709e9000-7f51709ea000 ---p 00000000 00:00 0 
7f51709ea000-7f51709ed000 ---p 00000000 00:00 0 
7f51709ed000-7f5170aea000 rw-p 00000000 00:00 0 
7f5170aea000-7f5170aed000 ---p 00000000 00:00 0 
7f5170aed000-7f5170beb000 rw-p 00000000 00:00 0 
7f5170beb000-7f5170bed000 r--s 0001a000 08:01 819015                     /usr/local/idea/lib/idea_rt.jar
7f5170bed000-7f5170bf1000 r--s 00032000 08:01 1091412                    /usr/local/hbase/lib/hadoop-yarn-server-applicationhistoryservice-2.7.4.jar
7f5170bf1000-7f5170bf3000 r--s 0000b000 08:01 1091396                    /usr/local/hbase/lib/javax.servlet.jsp.jstl-1.2.0.v201105211821.jar
7f5170bf3000-7f5170c09000 r--s 00126000 08:01 1091411                    /usr/local/hbase/lib/hadoop-yarn-server-resourcemanager-2.7.4.jar
7f5170c09000-7f5170c0b000 r--s 0000e000 08:01 1091390                    /usr/local/hbase/lib/hadoop-mapreduce-client-jobclient-2.7.4.jar
7f5170c0b000-7f5170c0d000 r--s 00007000 08:01 1091402                    /usr/local/hbase/lib/jackson-module-jaxb-annotations-2.9.2.jar
7f5170c0d000-7f5170c0f000 r--s 00010000 08:01 1091389                    /usr/local/hbase/lib/hadoop-mapreduce-client-shuffle-2.7.4.jar
7f5170c0f000-7f5170c1e000 r--s 001a0000 08:01 1091398                    /usr/local/hbase/lib/org.eclipse.jdt.core-3.8.2.v20130121.jar
7f5170c1e000-7f5170c21000 r--s 0000e000 08:01 1091366                    /usr/local/hbase/lib/jersey-container-servlet-core-2.25.1.jar
7f5170c21000-7f5170c23000 r--s 00011000 08:01 1091409                    /usr/local/hbase/lib/hadoop-yarn-server-tests-2.7.4-tests.jar
7f5170c23000-7f5170c31000 r--s 000a2000 08:01 1091410                    /usr/local/hbase/lib/hadoop-yarn-server-nodemanager-2.7.4.jar
7f5170c31000-7f5170c3e000 r--s 000b1000 08:01 1091379                    /usr/local/hbase/lib/hadoop-mapreduce-client-common-2.7.4.jar
7f5170c3e000-7f5170c40000 r--s 0000d000 08:01 1091413                    /usr/local/hbase/lib/hadoop-yarn-server-web-proxy-2.7.4.jar
7f5170c40000-7f5170c59000 r--s 00164000 08:01 1091387                    /usr/local/hbase/lib/hadoop-mapreduce-client-core-2.7.4.jar
7f5170c59000-7f5170c5a000 r--s 00003000 08:01 1091400                    /usr/local/hbase/lib/jackson-jaxrs-json-provider-2.9.2.jar
7f5170c5a000-7f5170c64000 r--s 0007b000 08:01 1091378                    /usr/local/hbase/lib/hadoop-mapreduce-client-app-2.7.4.jar
7f5170c64000-7f5170c76000 r--s 00097000 08:01 1091325                    /usr/local/hbase/lib/apacheds-kerberos-codec-2.0.0-M15.jar
7f5170c76000-7f5170c78000 r--s 00008000 08:01 1091348                    /usr/local/hbase/lib/jetty-util-ajax-9.3.19.v20170502.jar
7f5170c78000-7f5170ccf000 r--s 00362000 08:01 1091277                    /usr/local/hbase/lib/hbase-shaded-miscellaneous-2.1.0.jar
7f5170ccf000-7f5170cd1000 r--s 00007000 08:01 1091405                    /usr/local/hbase/lib/hbase-hadoop2-compat-2.0.0-tests.jar
7f5170cd1000-7f5170cd4000 r--s 0002c000 08:01 1091414                    /usr/local/hbase/lib/hadoop-mapreduce-client-hs-2.7.4.jar
7f5170cd4000-7f5170cd6000 r--s 00002000 08:01 1091358                    /usr/local/hbase/lib/aopalliance-repackaged-2.5.0-b32.jar
7f5170cd6000-7f5170cd9000 r--s 00015000 08:01 1091347                    /usr/local/hbase/lib/jetty-security-9.3.19.v20170502.jar
7f5170cd9000-7f5170cdb000 r--s 00004000 08:01 1091404                    /usr/local/hbase/lib/hbase-hadoop-compat-2.0.0-tests.jar
7f5170cdb000-7f5170cdc000 r--s 00004000 08:01 1091276                    /usr/local/hbase/lib/hbase-external-blockcache-2.0.0.jar
7f5170cdc000-7f5170ce3000 r--s 00058000 08:01 1091388                    /usr/local/hbase/lib/hadoop-yarn-server-common-2.7.4.jar
7f5170ce3000-7f5170ce6000 r--s 0001b000 08:01 1091346                    /usr/local/hbase/lib/jetty-servlet-9.3.19.v20170502.jar
7f5170ce6000-7f5170ce8000 r--s 0001a000 08:01 1091349                    /usr/local/hbase/lib/jetty-webapp-9.3.19.v20170502.jar
7f5170ce8000-7f5170cef000 r--s 00079000 08:01 1091341                    /usr/local/hbase/lib/jetty-server-9.3.19.v20170502.jar
7f5170cef000-7f5170d09000 r--s 00156000 08:01 1091283                    /usr/local/hbase/lib/htrace-core4-4.2.0-incubating.jar
7f5170d09000-7f5170d0b000 r--s 00002000 08:01 1079666                    /usr/local/hbase/lib/hbase-annotations-2.0.0-tests.jar
7f5170d0b000-7f5170d14000 r--s 0005b000 08:01 1091397                    /usr/local/hbase/lib/javax.servlet.jsp.jstl-1.2.2.jar
7f5170d14000-7f5170d2d000 r--s 00152000 08:01 1091371                    /usr/local/hbase/lib/htrace-core-3.2.0-incubating.jar
7f5170d2d000-7f5170d2f000 r--s 00002000 08:01 1091285                    /usr/local/hbase/lib/findbugs-annotations-1.3.9-1.jar
7f5170d2f000-7f5170d33000 r--s 0002f000 08:01 1091316                    /usr/local/hbase/lib/commons-beanutils-core-1.8.0.jar
7f5170d33000-7f5170d34000 r--s 00004000 08:01 1091362                    /usr/local/hbase/lib/osgi-resource-locator-1.0.1.jar
7f5170d34000-7f5170d3c000 r--s 00067000 08:01 1091344                    /usr/local/hbase/lib/jetty-util-9.3.19.v20170502.jar
7f5170d3c000-7f5170d3f000 r--s 00022000 08:01 1091343                    /usr/local/hbase/lib/jetty-http-9.3.19.v20170502.jar
7f5170d3f000-7f5170d41000 r--s 0000b000 08:01 1091369                    /usr/local/hbase/lib/javax.servlet.jsp-api-2.3.1.jar
7f5170d41000-7f5170d43000 r--s 0000e000 08:01 1091403                    /usr/local/hbase/lib/hbase-zookeeper-2.0.0-tests.jar
7f5170d43000-7f5170d57000 r--s 0015a000 08:01 1091336                    /usr/local/hbase/lib/hbase-shaded-protobuf-2.1.0.jar
7f5170d57000-7f5170d58000 r--s 0000d000 08:01 1091415                    /usr/local/hbase/lib/hbase-resource-bundle-2.0.0.jar
7f5170d58000-7f5170da0000 r--s 0053b000 08:01 1079850                    /usr/local/hbase/lib/hbase-protocol-shaded-2.0.0.jar
7f5170da0000-7f5170da6000 r--s 0006f000 08:01 1079847                    /usr/local/hbase/lib/hbase-mapreduce-2.0.0-tests.jar
7f5170da6000-7f5170daa000 r--s 0000c000 08:01 1091365                    /usr/local/hbase/lib/validation-api-1.1.0.Final.jar
7f5170daa000-7f5170dac000 r--s 0000b000 08:01 1091350                    /usr/local/hbase/lib/jetty-xml-9.3.19.v20170502.jar
7f5170dac000-7f5170dad000 r--s 00001000 08:01 1091394                    /usr/local/hbase/lib/jetty-jsp-9.2.19.v20160908.jar
7f5170dad000-7f5170dae000 r--s 00005000 08:01 1091399                    /usr/local/hbase/lib/jetty-jmx-9.3.19.v20170502.jar
7f5170dae000-7f5170db2000 r--s 00020000 08:01 1091260                    /usr/local/hbase/lib/hbase-hadoop2-compat-2.0.0.jar
7f5170db2000-7f5170db3000 r--s 00004000 08:01 1091334                    /usr/local/hbase/lib/audience-annotations-0.5.0.jar
7f5170db3000-7f5170db6000 r--s 0001b000 08:01 1091345                    /usr/local/hbase/lib/jetty-io-9.3.19.v20170502.jar
7f5170db6000-7f5170dc4000 r--s 000b1000 08:01 1091383                    /usr/local/hbase/lib/jackson-mapper-asl-1.9.13.jar
7f5170dc4000-7f5170dc7000 r--s 0000e000 08:01 1091287                    /usr/local/hbase/lib/jackson-annotations-2.9.0.jar
7f5170dc7000-7f5170dca000 r--s 00013000 08:01 1079846                    /usr/local/hbase/lib/hbase-rsgroup-2.0.0-tests.jar
7f5170dca000-7f5170dcd000 r--s 0000d000 08:01 1091258                    /usr/local/hbase/lib/hbase-hadoop-compat-2.0.0.jar
7f5170dcd000-7f5170dec000 r--s 001c5000 08:01 1091408                    /usr/local/hbase/lib/hadoop-common-2.7.4-tests.jar
7f5170dec000-7f5170df2000 r--s 00043000 08:01 1091314                    /usr/local/hbase/lib/commons-configuration-1.6.jar
7f5170df2000-7f5170dff000 r--s 00083000 08:01 1091299                    /usr/local/hbase/lib/commons-collections-3.2.2.jar
7f5170dff000-7f5170e01000 r--s 00010000 08:01 1091364                    /usr/local/hbase/lib/jersey-media-jaxb-2.25.1.jar
7f5170e01000-7f5170e03000 r--s 00005000 08:01 1091354                    /usr/local/hbase/lib/javax.annotation-api-1.2.jar
7f5170e03000-7f5170e04000 r--s 00007000 08:01 1091401                    /usr/local/hbase/lib/jackson-jaxrs-base-2.9.2.jar
7f5170e04000-7f5170e05000 r--s 00002000 08:01 1091269                    /usr/local/hbase/lib/hbase-testing-util-2.0.0.jar
7f5170e05000-7f5170e59000 r--s 00377000 08:01 1091338                    /usr/local/hbase/lib/hbase-shaded-netty-2.1.0.jar
7f5170e59000-7f5170ea0000 r--s 0077e000 08:01 1079664                    /usr/local/hbase/lib/hbase-server-2.0.0-tests.jar
7f5170ea0000-7f5170ea6000 r--s 00047000 08:01 1079845                    /usr/local/hbase/lib/hbase-common-2.0.0-tests.jar
7f5170ea6000-7f5170ebe000 r--s 00183000 08:01 1091380                    /usr/local/hbase/lib/hadoop-yarn-common-2.7.4.jar
7f5170ebe000-7f5170ec1000 r--s 00026000 08:01 1091386                    /usr/local/hbase/lib/hadoop-yarn-client-2.7.4.jar
7f5170ec1000-7f5170ec2000 r--s 00006000 08:01 1091407                    /usr/local/hbase/lib/hadoop-minicluster-2.7.4.jar
7f5170ec2000-7f5170ec4000 r--s 00009000 08:01 1091291                    /usr/local/hbase/lib/hadoop-annotations-2.7.4.jar
7f5170ec4000-7f5170ecb000 r--s 0007f000 08:01 1091367                    /usr/local/hbase/lib/javax.servlet.jsp-2.3.2.jar
7f5170ecb000-7f5170ece000 r--s 00015000 08:01 1091342                    /usr/local/hbase/lib/javax.servlet-api-3.1.0.jar
7f5170ece000-7f5170ed2000 r--s 00035000 08:01 1091382                    /usr/local/hbase/lib/jackson-core-asl-1.9.13.jar
7f5170ed2000-7f5170ed4000 r--s 0000e000 08:01 1091264                    /usr/local/hbase/lib/hbase-replication-2.0.0.jar
7f5170ed4000-7f5170ed6000 r--s 00004000 08:01 1079857                    /usr/local/hbase/lib/hbase-metrics-api-2.0.0.jar
7f5170ed6000-7f5170ed7000 r--s 00001000 08:01 1079849                    /usr/local/hbase/lib/hbase-annotations-2.0.0.jar
7f5170ed7000-7f5170efc000 r--s 00334000 08:01 1091406                    /usr/local/hbase/lib/hadoop-hdfs-2.7.4-tests.jar
7f5170efc000-7f5170f05000 r--s 00043000 08:01 1091330                    /usr/local/hbase/lib/curator-framework-4.0.0.jar
7f5170f05000-7f5170f06000 r--s 0000a000 08:01 1091326                    /usr/local/hbase/lib/apacheds-i18n-2.0.0-M15.jar
7f5170f06000-7f5170f23000 r--s 00196000 08:01 1091376                    /usr/local/hbase/lib/netty-all-4.0.23.Final.jar
7f5170f23000-7f5170f24000 r--s 00004000 08:01 1091302                    /usr/local/hbase/lib/jetty-sslengine-6.1.26.jar
7f5170f24000-7f5170f25000 r--s 00001000 08:01 1091359                    /usr/local/hbase/lib/javax.inject-2.5.0-b32.jar
7f5170f25000-7f5170f38000 r--s 00133000 08:01 1091286                    /usr/local/hbase/lib/jackson-databind-2.9.2.jar
7f5170f38000-7f5170f3e000 r--s 00045000 08:01 1091296                    /usr/local/hbase/lib/commons-httpclient-3.1.jar
7f5170f3e000-7f5170f43000 r--s 00036000 08:01 1091321                    /usr/local/hbase/lib/commons-compress-1.4.1.jar
7f5170f43000-7f5170f45000 r--s 00003000 08:01 1091327                    /usr/local/hbase/lib/api-asn1-api-1.0.0-M20.jar
7f5170f45000-7f5170f49000 r--s 00019000 08:01 1091353                    /usr/local/hbase/lib/javax.ws.rs-api-2.0.1.jar
7f5170f49000-7f5170f4c000 r--s 0002b000 08:01 1091360                    /usr/local/hbase/lib/hk2-locator-2.5.0-b32.jar
7f5170f4c000-7f5170f4e000 r--s 00018000 08:01 1091263                    /usr/local/hbase/lib/hbase-zookeeper-2.0.0.jar
7f5170f4e000-7f5170f52000 r--s 0002a000 08:01 1091266                    /usr/local/hbase/lib/hbase-procedure-2.0.0.jar
7f5170f52000-7f5170f58000 r--s 0005d000 08:01 1091268                    /usr/local/hbase/lib/hbase-mapreduce-2.0.0.jar
7f5170f58000-7f5170f74000 r--s 001d6000 08:01 1091381                    /usr/local/hbase/lib/hadoop-yarn-api-2.7.4.jar
7f5170f74000-7f5170f7b000 r--s 00041000 08:01 1091333                    /usr/local/hbase/lib/curator-recipes-4.0.0.jar
7f5170f7b000-7f5170f7c000 r--s 00005000 08:01 1091392                    /usr/local/hbase/lib/commons-daemon-1.0.13.jar
7f5170f7c000-7f5170f7d000 r--s 00002000 08:01 1091317                    /usr/local/hbase/lib/slf4j-log4j12-1.7.25.jar
7f5170f7d000-7f5170f7f000 r--s 0002c000 08:01 1091395                    /usr/local/hbase/lib/jetty-schemas-3.1.M0.jar
7f5170f7f000-7f5170f94000 r--s 000d1000 08:01 1091351                    /usr/local/hbase/lib/jersey-server-2.25.1.jar
7f5170f94000-7f5170fa2000 r--s 000a1000 08:01 1091352                    /usr/local/hbase/lib/jersey-common-2.25.1.jar
7f5170fa2000-7f5170fa6000 r--s 00026000 08:01 1091363                    /usr/local/hbase/lib/jersey-client-2.25.1.jar
7f5170fa6000-7f5170fcf000 r--s 002ea000 08:01 1091261                    /usr/local/hbase/lib/hbase-protocol-2.0.0.jar
7f5170fcf000-7f5170fd7000 r--s 002b6000 08:01 1079665                    /usr/local/hbase/lib/hbase-it-2.0.0-tests.jar
7f5170fd7000-7f5170fdb000 r--s 00025000 08:01 1091274                    /usr/local/hbase/lib/hbase-examples-2.0.0.jar
7f5170fdb000-7f5170fe4000 r--s 00063000 08:01 1091416                    /usr/local/hbase/lib/hbase-endpoint-2.0.0.jar
7f5170fe4000-7f5171020000 r--s 0024d000 08:01 1091331                    /usr/local/hbase/lib/curator-client-4.0.0.jar
7f5171020000-7f5171024000 r--s 00020000 08:01 1091315                    /usr/local/hbase/lib/commons-digester-1.8.jar
7f5171024000-7f5171026000 r--s 0001f000 08:01 1091284                    /usr/local/hbase/lib/commons-crypto-1.0.0.jar
7f5171026000-7f517102e000 r--s 0006c000 08:01 1091417                    /usr/local/hbase/lib/spymemcached-2.12.2.jar
7f517102e000-7f5171036000 r--s 0007b000 08:01 1091282                    /usr/local/hbase/lib/protobuf-java-2.5.0.jar
7f5171036000-7f517104e000 r--s 000d6000 08:01 1091355                    /usr/local/hbase/lib/jersey-guava-2.25.1.jar
7f517104e000-7f5171058000 r--s 000ae000 08:01 1091361                    /usr/local/hbase/lib/javassist-3.20.0-GA.jar
7f5171058000-7f5171059000 r--s 00004000 08:01 1091312                    /usr/local/hbase/lib/java-xmlbuilder-0.4.jar
7f5171059000-7f517105a000 r--s 00005000 08:01 1091370                    /usr/local/hbase/lib/jamon-runtime-2.4.1.jar
7f517105a000-7f517105b000 r--s 00004000 08:01 1091306                    /usr/local/hbase/lib/jackson-jaxrs-1.8.3.jar
7f517105b000-7f517105e000 r--s 0001e000 08:01 1091357                    /usr/local/hbase/lib/hk2-utils-2.5.0-b32.jar
7f517105e000-7f5171063000 r--s 0004d000 08:01 1091271                    /usr/local/hbase/lib/hbase-rsgroup-2.0.0.jar
7f5171063000-7f5171064000 r--s 00006000 08:01 1091259                    /usr/local/hbase/lib/hbase-metrics-2.0.0.jar
7f5171064000-7f5171066000 r--s 0001e000 08:01 1091373                    /usr/local/hbase/lib/hadoop-distcp-2.7.4.jar
7f5171066000-7f517109d000 r--s 00320000 08:01 1091290                    /usr/local/hbase/lib/hadoop-common-2.7.4.jar
7f517109d000-7f517109e000 r--s 00006000 08:01 1091374                    /usr/local/hbase/lib/hadoop-client-2.7.4.jar
7f517109e000-7f51710c5000 r--s 001f6000 08:01 1091294                    /usr/local/hbase/lib/commons-math3-3.6.1.jar
7f51710c5000-7f51710c7000 r--s 0000e000 08:01 1091297                    /usr/local/hbase/lib/commons-logging-1.2.jar
7f51710c7000-7f51710cb000 r--s 0001c000 08:01 1091337                    /usr/local/hbase/lib/metrics-core-3.2.1.jar
7f51710cb000-7f51710ce000 r--s 000fd000 08:01 1091377                    /usr/local/hbase/lib/leveldbjni-all-1.8.jar
7f51710ce000-7f51710d3000 r--s 00036000 08:01 1091368                    /usr/local/hbase/lib/javax.el-3.0.1-b08.jar
7f51710d3000-7f51710d7000 r--s 0004b000 08:01 1091288                    /usr/local/hbase/lib/jackson-core-2.9.2.jar
7f51710d7000-7f5171104000 r--s 00288000 08:01 1091270                    /usr/local/hbase/lib/hbase-thrift-2.0.0.jar
7f5171104000-7f517113e000 r--s 00431000 08:01 1091267                    /usr/local/hbase/lib/hbase-server-2.0.0.jar
7f517113e000-7f517114a000 r--s 000b2000 08:01 1079856                    /usr/local/hbase/lib/hbase-common-2.0.0.jar
7f517114a000-7f5171162000 r--s 00194000 08:01 1091262                    /usr/local/hbase/lib/hbase-client-2.0.0.jar
7f5171162000-7f5171169000 r--s 0003f000 08:01 1091279                    /usr/local/hbase/lib/commons-codec-1.10.jar
7f5171169000-7f517116b000 r--s 00012000 08:01 1091328                    /usr/local/hbase/lib/api-util-1.0.0-M20.jar
7f517116b000-7f517116d000 r--s 00130000 08:01 1091320                    /usr/local/hbase/lib/snappy-java-1.0.5.jar
7f517116d000-7f5171171000 r--s 00028000 08:01 1091301                    /usr/local/hbase/lib/jetty-util-6.1.26.jar
7f5171171000-7f5171184000 r--s 000c7000 08:01 1091304                    /usr/local/hbase/lib/jaxb-impl-2.2.3-1.jar
7f5171184000-7f517118a000 r--s 00028000 08:01 1091356                    /usr/local/hbase/lib/hk2-api-2.5.0-b32.jar
7f517118a000-7f517118b000 r--s 00003000 08:01 1091272                    /usr/local/hbase/lib/hbase-shell-2.0.0.jar
7f517118b000-7f51711f5000 r--s 0078d000 08:01 1091375                    /usr/local/hbase/lib/hadoop-hdfs-2.7.4.jar
7f51711f5000-7f51711f8000 r--s 00015000 08:01 1091324                    /usr/local/hbase/lib/hadoop-auth-2.7.4.jar
7f51711f8000-7f51711fa000 r--s 0000e000 08:01 1091391                    /usr/local/hbase/lib/guice-servlet-3.0.jar
7f51711fa000-7f5171202000 r--s 00071000 08:01 1091280                    /usr/local/hbase/lib/commons-lang3-3.6.jar
7f5171202000-7f517120f000 r--s 000c8000 08:01 1091329                    /usr/local/hbase/lib/zookeeper-3.4.10.jar
7f517120f000-7f5171211000 r--s 00009000 08:01 1091278                    /usr/local/hbase/lib/slf4j-api-1.7.25.jar
7f5171211000-7f5171212000 r--s 00007000 08:01 1091307                    /usr/local/hbase/lib/jackson-xc-1.8.3.jar
7f5171212000-7f517121f000 r--s 000aa000 08:01 1091310                    /usr/local/hbase/lib/httpclient-4.5.3.jar
7f517121f000-7f5171226000 r--s 0006a000 08:01 1091275                    /usr/local/hbase/lib/hbase-rest-2.0.0.jar
7f5171226000-7f5171228000 r--s 0000f000 08:01 1091265                    /usr/local/hbase/lib/hbase-http-2.0.0.jar
7f5171228000-7f517122d000 r--s 00041000 08:01 1091313                    /usr/local/hbase/lib/commons-lang-2.6.jar
7f517122d000-7f5171233000 r--s 00034000 08:01 1091393                    /usr/local/hbase/lib/libthrift-0.9.3.jar
7f5171233000-7f5171242000 r--s 00178000 08:01 1091339                    /usr/local/hbase/lib/jcodings-1.0.18.jar
7f5171242000-7f5171246000 r--s 00016000 08:01 1091305                    /usr/local/hbase/lib/jaxb-api-2.2.12.jar
7f5171246000-7f5171249000 r--s 00012000 08:01 1091372                    /usr/local/hbase/lib/disruptor-3.3.6.jar
7f5171249000-7f517124e000 r--s 0003e000 08:01 1091298                    /usr/local/hbase/lib/commons-net-3.1.jar
7f517124e000-7f5171250000 r--s 00009000 08:01 1091293                    /usr/local/hbase/lib/commons-cli-1.2.jar
7f5171250000-7f5171252000 r--s 00000000 08:01 1091385                    /usr/local/hbase/lib/aopalliance-1.0.jar
7f5171252000-7f5171255000 r--s 00013000 08:01 1091303                    /usr/local/hbase/lib/jettison-1.3.8.jar
7f5171255000-7f517125d000 r--s 00048000 08:01 1091311                    /usr/local/hbase/lib/httpcore-4.4.6.jar
7f517125d000-7f517125e000 r--s 00003000 08:01 1091273                    /usr/local/hbase/lib/hbase-it-2.0.0.jar
7f517125e000-7f5171262000 r--s 0002f000 08:01 1091281                    /usr/local/hbase/lib/commons-io-2.5.jar
7f5171262000-7f5171264000 r--s 00006000 08:01 1091319                    /usr/local/hbase/lib/paranamer-2.3.jar
7f5171264000-7f517126d000 r--s 0006f000 08:01 1091289                    /usr/local/hbase/lib/log4j-1.2.17.jar
7f517126d000-7f5171274000 r--s 0007d000 08:01 1091300                    /usr/local/hbase/lib/jetty-6.1.26.jar
7f5171274000-7f517127d000 r--s 0007b000 08:01 1091309                    /usr/local/hbase/lib/jets3t-0.9.0.jar
7f517127d000-7f517129e000 r--s 00172000 08:01 1091292                    /usr/local/hbase/lib/guava-11.0.2.jar
7f517129e000-7f517129f000 r--s 00003000 08:01 1091295                    /usr/local/hbase/lib/xmlenc-0.52.jar
7f517129f000-7f51712a4000 r--s 00040000 08:01 1091332                    /usr/local/hbase/lib/jsch-0.1.54.jar
7f51712a4000-7f51712ac000 r--s 00045000 08:01 1091335                    /usr/local/hbase/lib/junit-4.12.jar
7f51712ac000-7f51712b1000 r--s 0002a000 08:01 1091323                    /usr/local/hbase/lib/gson-2.2.4.jar
7f51712b1000-7f517131d000 r--s 00689000 08:01 399498                     /root/.gradle/caches/modules-2/files-2.1/org.codehaus.groovy/groovy-all/2.3.11/f6b34997d04c1538ce451d3955298f46fdb4dbd4/groovy-all-2.3.11.jar
7f517131d000-7f5171320000 ---p 00000000 00:00 0 
7f5171320000-7f517141e000 rw-p 00000000 00:00 0 
7f517141e000-7f51718b2000 r--p 00000000 08:01 796900                     /usr/lib/locale/locale-archive
7f51718b2000-7f51718b5000 ---p 00000000 00:00 0 
7f51718b5000-7f51719b3000 rw-p 00000000 00:00 0 
7f51719b3000-7f51719b6000 ---p 00000000 00:00 0 
7f51719b6000-7f5171ab4000 rw-p 00000000 00:00 0 
7f5171ab4000-7f5171ab5000 ---p 00000000 00:00 0 
7f5171ab5000-7f5172ac4000 rw-p 00000000 00:00 0 
7f5172ac4000-7f5172c93000 r--s 03c2f000 08:01 802470                     /usr/lib/jvm/java-8-openjdk-amd64/jre/lib/rt.jar
7f5172c93000-7f5173876000 rw-p 00000000 00:00 0 
7f5173876000-7f5173877000 ---p 00000000 00:00 0 
7f5173877000-7f5173977000 rw-p 00000000 00:00 0 
7f5173977000-7f5173978000 ---p 00000000 00:00 0 
7f5173978000-7f5173a78000 rw-p 00000000 00:00 0 
7f5173a78000-7f5173a79000 ---p 00000000 00:00 0 
7f5173a79000-7f5173b9a000 rw-p 00000000 00:00 0 
7f5173b9a000-7f5173e11000 ---p 00000000 00:00 0 
7f5173e11000-7f5173e32000 rw-p 00000000 00:00 0 
7f5173e32000-7f51740a8000 ---p 00000000 00:00 0 
7f51740a8000-7f5174195000 rw-p 00000000 00:00 0 
7f5174195000-7f51741f4000 ---p 00000000 00:00 0 
7f51741f4000-7f5174215000 rw-p 00000000 00:00 0 
7f5174215000-7f51745b5000 ---p 00000000 00:00 0 
7f51745b5000-7f5174da5000 rwxp 00000000 00:00 0 
7f5174da5000-7f51835b5000 ---p 00000000 00:00 0 
7f51835b5000-7f51835bd000 r-xp 00000000 08:01 802433                     /usr/lib/jvm/java-8-openjdk-amd64/jre/lib/amd64/libzip.so
7f51835bd000-7f51837bc000 ---p 00008000 08:01 802433                     /usr/lib/jvm/java-8-openjdk-amd64/jre/lib/amd64/libzip.so
7f51837bc000-7f51837bd000 r--p 00007000 08:01 802433                     /usr/lib/jvm/java-8-openjdk-amd64/jre/lib/amd64/libzip.so
7f51837bd000-7f51837be000 rw-p 00008000 08:01 802433                     /usr/lib/jvm/java-8-openjdk-amd64/jre/lib/amd64/libzip.so
7f51837be000-7f51837c9000 r-xp 00000000 08:01 1179874                    /lib/x86_64-linux-gnu/libnss_files-2.27.so
7f51837c9000-7f51839c8000 ---p 0000b000 08:01 1179874                    /lib/x86_64-linux-gnu/libnss_files-2.27.so
7f51839c8000-7f51839c9000 r--p 0000a000 08:01 1179874                    /lib/x86_64-linux-gnu/libnss_files-2.27.so
7f51839c9000-7f51839ca000 rw-p 0000b000 08:01 1179874                    /lib/x86_64-linux-gnu/libnss_files-2.27.so
7f51839ca000-7f51839d0000 rw-p 00000000 00:00 0 
7f51839d0000-7f51839e7000 r-xp 00000000 08:01 1179871                    /lib/x86_64-linux-gnu/libnsl-2.27.so
7f51839e7000-7f5183be6000 ---p 00017000 08:01 1179871                    /lib/x86_64-linux-gnu/libnsl-2.27.so
7f5183be6000-7f5183be7000 r--p 00016000 08:01 1179871                    /lib/x86_64-linux-gnu/libnsl-2.27.so
7f5183be7000-7f5183be8000 rw-p 00017000 08:01 1179871                    /lib/x86_64-linux-gnu/libnsl-2.27.so
7f5183be8000-7f5183bea000 rw-p 00000000 00:00 0 
7f5183bea000-7f5183bf5000 r-xp 00000000 08:01 1179876                    /lib/x86_64-linux-gnu/libnss_nis-2.27.so
7f5183bf5000-7f5183df4000 ---p 0000b000 08:01 1179876                    /lib/x86_64-linux-gnu/libnss_nis-2.27.so
7f5183df4000-7f5183df5000 r--p 0000a000 08:01 1179876                    /lib/x86_64-linux-gnu/libnss_nis-2.27.so
7f5183df5000-7f5183df6000 rw-p 0000b000 08:01 1179876                    /lib/x86_64-linux-gnu/libnss_nis-2.27.so
7f5183df6000-7f5183dfe000 r-xp 00000000 08:01 1179872                    /lib/x86_64-linux-gnu/libnss_compat-2.27.so
7f5183dfe000-7f5183ffe000 ---p 00008000 08:01 1179872                    /lib/x86_64-linux-gnu/libnss_compat-2.27.so
7f5183ffe000-7f5183fff000 r--p 00008000 08:01 1179872                    /lib/x86_64-linux-gnu/libnss_compat-2.27.so
7f5183fff000-7f5184000000 rw-p 00009000 08:01 1179872                    /lib/x86_64-linux-gnu/libnss_compat-2.27.so
7f5184000000-7f5184f74000 rw-p 00000000 00:00 0 
7f5184f74000-7f5188000000 ---p 00000000 00:00 0 
7f5188000000-7f5188003000 r--s 0002c000 08:01 1091340                    /usr/local/hbase/lib/joni-2.1.11.jar
7f5188003000-7f518800c000 r--s 00062000 08:01 1091318                    /usr/local/hbase/lib/avro-1.7.7.jar
7f518800c000-7f518801b000 r--s 0009f000 08:01 1091384                    /usr/local/hbase/lib/guice-3.0.jar
7f518801b000-7f518801c000 r--s 0000a000 08:01 1091308                    /usr/local/hbase/lib/asm-3.1.jar
7f518801c000-7f5188020000 r--s 00014000 08:01 1091322                    /usr/local/hbase/lib/xz-1.0.jar
7f5188020000-7f5188033000 r--s 00346000 08:01 802469                     /usr/lib/jvm/java-8-openjdk-amd64/jre/lib/resources.jar
7f5188033000-7f5188038000 r--s 0009d000 08:01 802465                     /usr/lib/jvm/java-8-openjdk-amd64/jre/lib/jsse.jar
7f5188038000-7f518803a000 r--s 00016000 08:01 802463                     /usr/lib/jvm/java-8-openjdk-amd64/jre/lib/jce.jar
7f518803a000-7f518803f000 r--s 002f9000 08:01 802436                     /usr/lib/jvm/java-8-openjdk-amd64/jre/lib/charsets.jar
7f518803f000-7f518805a000 r--s 001d6000 08:01 802449                     /usr/lib/jvm/java-8-openjdk-amd64/jre/lib/ext/nashorn.jar
7f518805a000-7f5188075000 r--s 00394000 08:01 802444                     /usr/lib/jvm/java-8-openjdk-amd64/jre/lib/ext/cldrdata.jar
7f5188075000-7f51880eb000 rw-p 00000000 00:00 0 
7f51880eb000-7f51880ec000 ---p 00000000 00:00 0 
7f51880ec000-7f51881ec000 rw-p 00000000 00:00 0 
7f51881ec000-7f51881f6000 r-xp 00000000 08:01 802409                     /usr/lib/jvm/java-8-openjdk-amd64/jre/lib/amd64/libinstrument.so
7f51881f6000-7f51883f5000 ---p 0000a000 08:01 802409                     /usr/lib/jvm/java-8-openjdk-amd64/jre/lib/amd64/libinstrument.so
7f51883f5000-7f51883f6000 r--p 00009000 08:01 802409                     /usr/lib/jvm/java-8-openjdk-amd64/jre/lib/amd64/libinstrument.so
7f51883f6000-7f51883f7000 rw-p 0000a000 08:01 802409                     /usr/lib/jvm/java-8-openjdk-amd64/jre/lib/amd64/libinstrument.so
7f51883f7000-7f5188425000 r-xp 00000000 08:01 802414                     /usr/lib/jvm/java-8-openjdk-amd64/jre/lib/amd64/libjava.so
7f5188425000-7f5188624000 ---p 0002e000 08:01 802414                     /usr/lib/jvm/java-8-openjdk-amd64/jre/lib/amd64/libjava.so
7f5188624000-7f5188625000 r--p 0002d000 08:01 802414                     /usr/lib/jvm/java-8-openjdk-amd64/jre/lib/amd64/libjava.so
7f5188625000-7f5188627000 rw-p 0002e000 08:01 802414                     /usr/lib/jvm/java-8-openjdk-amd64/jre/lib/amd64/libjava.so
7f5188627000-7f5188637000 r-xp 00000000 08:01 802432                     /usr/lib/jvm/java-8-openjdk-amd64/jre/lib/amd64/libverify.so
7f5188637000-7f5188836000 ---p 00010000 08:01 802432                     /usr/lib/jvm/java-8-openjdk-amd64/jre/lib/amd64/libverify.so
7f5188836000-7f5188838000 r--p 0000f000 08:01 802432                     /usr/lib/jvm/java-8-openjdk-amd64/jre/lib/amd64/libverify.so
7f5188838000-7f5188839000 rw-p 00011000 08:01 802432                     /usr/lib/jvm/java-8-openjdk-amd64/jre/lib/amd64/libverify.so
7f5188839000-7f5188840000 r-xp 00000000 08:01 1179881                    /lib/x86_64-linux-gnu/librt-2.27.so
7f5188840000-7f5188a3f000 ---p 00007000 08:01 1179881                    /lib/x86_64-linux-gnu/librt-2.27.so
7f5188a3f000-7f5188a40000 r--p 00006000 08:01 1179881                    /lib/x86_64-linux-gnu/librt-2.27.so
7f5188a40000-7f5188a41000 rw-p 00007000 08:01 1179881                    /lib/x86_64-linux-gnu/librt-2.27.so
7f5188a41000-7f5188a58000 r-xp 00000000 08:01 1180113                    /lib/x86_64-linux-gnu/libgcc_s.so.1
7f5188a58000-7f5188c57000 ---p 00017000 08:01 1180113                    /lib/x86_64-linux-gnu/libgcc_s.so.1
7f5188c57000-7f5188c58000 r--p 00016000 08:01 1180113                    /lib/x86_64-linux-gnu/libgcc_s.so.1
7f5188c58000-7f5188c59000 rw-p 00017000 08:01 1180113                    /lib/x86_64-linux-gnu/libgcc_s.so.1
7f5188c59000-7f5188df6000 r-xp 00000000 08:01 1179868                    /lib/x86_64-linux-gnu/libm-2.27.so
7f5188df6000-7f5188ff5000 ---p 0019d000 08:01 1179868                    /lib/x86_64-linux-gnu/libm-2.27.so
7f5188ff5000-7f5188ff6000 r--p 0019c000 08:01 1179868                    /lib/x86_64-linux-gnu/libm-2.27.so
7f5188ff6000-7f5188ff7000 rw-p 0019d000 08:01 1179868                    /lib/x86_64-linux-gnu/libm-2.27.so
7f5188ff7000-7f5189175000 r-xp 00000000 08:01 789373                     /usr/lib/x86_64-linux-gnu/libstdc++.so.6.0.25
7f5189175000-7f5189375000 ---p 0017e000 08:01 789373                     /usr/lib/x86_64-linux-gnu/libstdc++.so.6.0.25
7f5189375000-7f518937f000 r--p 0017e000 08:01 789373                     /usr/lib/x86_64-linux-gnu/libstdc++.so.6.0.25
7f518937f000-7f5189381000 rw-p 00188000 08:01 789373                     /usr/lib/x86_64-linux-gnu/libstdc++.so.6.0.25
7f5189381000-7f5189385000 rw-p 00000000 00:00 0 
7f5189385000-7f518a016000 r-xp 00000000 08:01 802435                     /usr/lib/jvm/java-8-openjdk-amd64/jre/lib/amd64/server/libjvm.so
7f518a016000-7f518a216000 ---p 00c91000 08:01 802435                     /usr/lib/jvm/java-8-openjdk-amd64/jre/lib/amd64/server/libjvm.so
7f518a216000-7f518a2a9000 r--p 00c91000 08:01 802435                     /usr/lib/jvm/java-8-openjdk-amd64/jre/lib/amd64/server/libjvm.so
7f518a2a9000-7f518a2d1000 rw-p 00d24000 08:01 802435                     /usr/lib/jvm/java-8-openjdk-amd64/jre/lib/amd64/server/libjvm.so
7f518a2d1000-7f518a302000 rw-p 00000000 00:00 0 
7f518a302000-7f518a31c000 r-xp 00000000 08:01 1179879                    /lib/x86_64-linux-gnu/libpthread-2.27.so
7f518a31c000-7f518a51b000 ---p 0001a000 08:01 1179879                    /lib/x86_64-linux-gnu/libpthread-2.27.so
7f518a51b000-7f518a51c000 r--p 00019000 08:01 1179879                    /lib/x86_64-linux-gnu/libpthread-2.27.so
7f518a51c000-7f518a51d000 rw-p 0001a000 08:01 1179879                    /lib/x86_64-linux-gnu/libpthread-2.27.so
7f518a51d000-7f518a521000 rw-p 00000000 00:00 0 
7f518a521000-7f518a524000 r-xp 00000000 08:01 1179867                    /lib/x86_64-linux-gnu/libdl-2.27.so
7f518a524000-7f518a723000 ---p 00003000 08:01 1179867                    /lib/x86_64-linux-gnu/libdl-2.27.so
7f518a723000-7f518a724000 r--p 00002000 08:01 1179867                    /lib/x86_64-linux-gnu/libdl-2.27.so
7f518a724000-7f518a725000 rw-p 00003000 08:01 1179867                    /lib/x86_64-linux-gnu/libdl-2.27.so
7f518a725000-7f518a741000 r-xp 00000000 08:01 1188611                    /lib/x86_64-linux-gnu/libz.so.1.2.11
7f518a741000-7f518a940000 ---p 0001c000 08:01 1188611                    /lib/x86_64-linux-gnu/libz.so.1.2.11
7f518a940000-7f518a941000 r--p 0001b000 08:01 1188611                    /lib/x86_64-linux-gnu/libz.so.1.2.11
7f518a941000-7f518a942000 rw-p 0001c000 08:01 1188611                    /lib/x86_64-linux-gnu/libz.so.1.2.11
7f518a942000-7f518ab29000 r-xp 00000000 08:01 1179864                    /lib/x86_64-linux-gnu/libc-2.27.so
7f518ab29000-7f518ad29000 ---p 001e7000 08:01 1179864                    /lib/x86_64-linux-gnu/libc-2.27.so
7f518ad29000-7f518ad2d000 r--p 001e7000 08:01 1179864                    /lib/x86_64-linux-gnu/libc-2.27.so
7f518ad2d000-7f518ad2f000 rw-p 001eb000 08:01 1179864                    /lib/x86_64-linux-gnu/libc-2.27.so
7f518ad2f000-7f518ad33000 rw-p 00000000 00:00 0 
7f518ad33000-7f518ad41000 r-xp 00000000 08:01 802400                     /usr/lib/jvm/java-8-openjdk-amd64/jre/lib/amd64/jli/libjli.so
7f518ad41000-7f518af40000 ---p 0000e000 08:01 802400                     /usr/lib/jvm/java-8-openjdk-amd64/jre/lib/amd64/jli/libjli.so
7f518af40000-7f518af41000 r--p 0000d000 08:01 802400                     /usr/lib/jvm/java-8-openjdk-amd64/jre/lib/amd64/jli/libjli.so
7f518af41000-7f518af42000 rw-p 0000e000 08:01 802400                     /usr/lib/jvm/java-8-openjdk-amd64/jre/lib/amd64/jli/libjli.so
7f518af42000-7f518af69000 r-xp 00000000 08:01 1179860                    /lib/x86_64-linux-gnu/ld-2.27.so
7f518af69000-7f518af6a000 r--s 00000000 08:01 802467                     /usr/lib/jvm/java-8-openjdk-amd64/jre/lib/management-agent.jar
7f518af6a000-7f518af6c000 r--s 00007000 08:01 1054589                    /usr/share/java/java-atk-wrapper.jar
7f518af6c000-7f518af72000 r--s 0003b000 08:01 802451                     /usr/lib/jvm/java-8-openjdk-amd64/jre/lib/ext/sunjce_provider.jar
7f518af72000-7f518af74000 r--s 00008000 08:01 802450                     /usr/lib/jvm/java-8-openjdk-amd64/jre/lib/ext/sunec.jar
7f518af74000-7f518af75000 r--s 0000a000 08:01 802447                     /usr/lib/jvm/java-8-openjdk-amd64/jre/lib/ext/jaccess.jar
7f518af75000-7f518af78000 r--s 0000f000 08:01 802446                     /usr/lib/jvm/java-8-openjdk-amd64/jre/lib/ext/icedtea-sound.jar
7f518af78000-7f518af79000 r--s 00010000 08:01 802453                     /usr/lib/jvm/java-8-openjdk-amd64/jre/lib/ext/zipfs.jar
7f518af79000-7f518af7b000 r--s 00007000 08:01 1054589                    /usr/share/java/java-atk-wrapper.jar
7f518af7b000-7f518b04b000 rw-p 00000000 00:00 0 
7f518b04b000-7f518b04c000 ---p 00000000 00:00 0 
7f518b04c000-7f518b04f000 ---p 00000000 00:00 0 
7f518b04f000-7f518b14e000 rw-p 00000000 00:00 0 
7f518b14e000-7f518b150000 r--s 00001000 08:01 802445                     /usr/lib/jvm/java-8-openjdk-amd64/jre/lib/ext/dnsns.jar
7f518b150000-7f518b15a000 r--s 00116000 08:01 802448                     /usr/lib/jvm/java-8-openjdk-amd64/jre/lib/ext/localedata.jar
7f518b15a000-7f518b15d000 r--s 00038000 08:01 802452                     /usr/lib/jvm/java-8-openjdk-amd64/jre/lib/ext/sunpkcs11.jar
7f518b15d000-7f518b165000 rw-s 00000000 08:01 1310820                    /tmp/hsperfdata_root/23318
7f518b165000-7f518b166000 rw-p 00000000 00:00 0 
7f518b166000-7f518b167000 ---p 00000000 00:00 0 
7f518b167000-7f518b169000 rw-p 00000000 00:00 0 
7f518b169000-7f518b16a000 r--p 00027000 08:01 1179860                    /lib/x86_64-linux-gnu/ld-2.27.so
7f518b16a000-7f518b16b000 rw-p 00028000 08:01 1179860                    /lib/x86_64-linux-gnu/ld-2.27.so
7f518b16b000-7f518b16c000 rw-p 00000000 00:00 0 
7ffd9a60b000-7ffd9a62f000 rw-p 00000000 00:00 0                          [stack]
7ffd9a651000-7ffd9a654000 r--p 00000000 00:00 0                          [vvar]
7ffd9a654000-7ffd9a656000 r-xp 00000000 00:00 0                          [vdso]
ffffffffff600000-ffffffffff601000 r-xp 00000000 00:00 0                  [vsyscall]

VM Arguments:
jvm_args: -javaagent:/usr/local/idea/lib/idea_rt.jar=42821:/usr/local/idea/bin -Dfile.encoding=UTF-8 
java_command: PutData
java_class_path (initial): /usr/lib/jvm/java-1.8.0-openjdk-amd64/jre/lib/charsets.jar:/usr/lib/jvm/java-1.8.0-openjdk-amd64/jre/lib/ext/cldrdata.jar:/usr/lib/jvm/java-1.8.0-openjdk-amd64/jre/lib/ext/dnsns.jar:/usr/lib/jvm/java-1.8.0-openjdk-amd64/jre/lib/ext/icedtea-sound.jar:/usr/lib/jvm/java-1.8.0-openjdk-amd64/jre/lib/ext/jaccess.jar:/usr/lib/jvm/java-1.8.0-openjdk-amd64/jre/lib/ext/java-atk-wrapper.jar:/usr/lib/jvm/java-1.8.0-openjdk-amd64/jre/lib/ext/localedata.jar:/usr/lib/jvm/java-1.8.0-openjdk-amd64/jre/lib/ext/nashorn.jar:/usr/lib/jvm/java-1.8.0-openjdk-amd64/jre/lib/ext/sunec.jar:/usr/lib/jvm/java-1.8.0-openjdk-amd64/jre/lib/ext/sunjce_provider.jar:/usr/lib/jvm/java-1.8.0-openjdk-amd64/jre/lib/ext/sunpkcs11.jar:/usr/lib/jvm/java-1.8.0-openjdk-amd64/jre/lib/ext/zipfs.jar:/usr/lib/jvm/java-1.8.0-openjdk-amd64/jre/lib/jce.jar:/usr/lib/jvm/java-1.8.0-openjdk-amd64/jre/lib/jsse.jar:/usr/lib/jvm/java-1.8.0-openjdk-amd64/jre/lib/management-agent.jar:/usr/lib/jvm/java-1.8.0-openjdk-amd64/jre/lib/resources.jar:/usr/lib/jvm/java-1.8.0-openjdk-amd64/jre/lib/rt.jar:/root/IdeaProjects/PerformanceTest/out/production/classes:/root/.gradle/caches/modules-2/files-2.1/org.codehaus.groovy/groovy-all/2.3.11/f6b34997d04c1538ce451d3955298f46fdb4dbd4/groovy-all-2.3.11.jar:/usr/local/hbase/lib/xz-1.0.jar:/usr/local/hbase/lib/asm-3.1.jar:/usr/local/hbase/lib/guice-3.0.jar:/usr/local/hbase/lib/avro-1.7.7.jar:/usr/local/hbase/lib/gson-2.2.4.jar:/usr/local/hbase/lib/junit-4.12.jar:/usr/local/hbase/lib/joni-2.1.11.jar:/usr/local/hbase/lib/jsch-0.1.54.jar:/usr/local/hbase/lib/xmlenc-0.52.jar:/usr/local/hbase/lib/guava-11.0.2.jar:/usr/local/hbase/lib/jets3t-0.9.0.jar:/usr/local/hbase/lib/jetty-6.1.26.jar:/usr/local/hbase/lib/log4j-1.2.17.jar:/usr/local/hbase/lib/paranamer-2.3.jar:/usr/local/hbase/lib/commons-io-2.5.jar:/usr/local/hbase/lib/hbase-it-2.0.0.jar:/usr/local/hbase/lib/httpcore-4.4.6.jar:/usr/local/hbase/lib/jettison-1.3.8.jar:/usr/local/hbase/lib/aopalliance-1.0.jar:/usr/lo
Launcher Type: SUN_STANDARD

Environment Variables:
JAVA_HOME=/usr/lib/jvm/java-8-openjdk-amd64
PATH=/usr/local/hadoop/bin:/usr/local/sbin:/usr/local/bin:/usr/sbin:/usr/bin:/sbin:/bin:/usr/games:/usr/local/games
USERNAME=damon
LD_LIBRARY_PATH=/usr/local/idea/bin:
SHELL=/bin/bash
DISPLAY=:0

Signal Handlers:
SIGSEGV: [libjvm.so+0xaabcd0], sa_mask[0]=11111111011111111101111111111110, sa_flags=SA_RESTART|SA_SIGINFO
SIGBUS: [libjvm.so+0xaabcd0], sa_mask[0]=11111111011111111101111111111110, sa_flags=SA_RESTART|SA_SIGINFO
SIGFPE: [libjvm.so+0x8e1d50], sa_mask[0]=11111111011111111101111111111110, sa_flags=SA_RESTART|SA_SIGINFO
SIGPIPE: [libjvm.so+0x8e1d50], sa_mask[0]=11111111011111111101111111111110, sa_flags=SA_RESTART|SA_SIGINFO
SIGXFSZ: [libjvm.so+0x8e1d50], sa_mask[0]=11111111011111111101111111111110, sa_flags=SA_RESTART|SA_SIGINFO
SIGILL: [libjvm.so+0x8e1d50], sa_mask[0]=11111111011111111101111111111110, sa_flags=SA_RESTART|SA_SIGINFO
SIGUSR1: SIG_DFL, sa_mask[0]=00000000000000000000000000000000, sa_flags=none
SIGUSR2: [libjvm.so+0x8e1c00], sa_mask[0]=00100000000000000000000000000000, sa_flags=SA_RESTART|SA_SIGINFO
SIGHUP: [libjvm.so+0x8e20b0], sa_mask[0]=11111111011111111101111111111110, sa_flags=SA_RESTART|SA_SIGINFO
SIGINT: [libjvm.so+0x8e20b0], sa_mask[0]=11111111011111111101111111111110, sa_flags=SA_RESTART|SA_SIGINFO
SIGTERM: [libjvm.so+0x8e20b0], sa_mask[0]=11111111011111111101111111111110, sa_flags=SA_RESTART|SA_SIGINFO
SIGQUIT: [libjvm.so+0x8e20b0], sa_mask[0]=11111111011111111101111111111110, sa_flags=SA_RESTART|SA_SIGINFO


---------------  S Y S T E M  ---------------

OS:DISTRIB_ID=Ubuntu
DISTRIB_RELEASE=18.04
DISTRIB_CODENAME=bionic
DISTRIB_DESCRIPTION="Ubuntu 18.04 LTS"

uname:Linux 4.15.0-22-generic #24-Ubuntu SMP Wed May 16 12:15:17 UTC 2018 x86_64
libc:glibc 2.27 NPTL 2.27 
rlimit: STACK 8192k, CORE 0k, NPROC 31576, NOFILE 1048576, AS infinity
load average:1.37 0.50 0.58

/proc/meminfo:
MemTotal:        8144452 kB
MemFree:          126296 kB
MemAvailable:      35496 kB
Buffers:            1272 kB
Cached:            73936 kB
SwapCached:         6388 kB
Active:          6284536 kB
Inactive:         923388 kB
Active(anon):    6263412 kB
Inactive(anon):   894684 kB
Active(file):      21124 kB
Inactive(file):    28704 kB
Unevictable:          32 kB
Mlocked:              32 kB
SwapTotal:        969960 kB
SwapFree:          62052 kB
Dirty:               728 kB
Writeback:          3612 kB
AnonPages:       7127488 kB
Mapped:            43152 kB
Shmem:             24908 kB
Slab:             125012 kB
SReclaimable:      42432 kB
SUnreclaim:        82580 kB
KernelStack:       27168 kB
PageTables:        74184 kB
NFS_Unstable:          0 kB
Bounce:                0 kB
WritebackTmp:          0 kB
CommitLimit:     5042184 kB
Committed_AS:   15757084 kB
VmallocTotal:   34359738367 kB
VmallocUsed:           0 kB
VmallocChunk:          0 kB
HardwareCorrupted:     0 kB
AnonHugePages:         0 kB
ShmemHugePages:        0 kB
ShmemPmdMapped:        0 kB
CmaTotal:              0 kB
CmaFree:               0 kB
HugePages_Total:       0
HugePages_Free:        0
HugePages_Rsvd:        0
HugePages_Surp:        0
Hugepagesize:       2048 kB
DirectMap4k:      171840 kB
DirectMap2M:     8216576 kB
DirectMap1G:     2097152 kB


CPU:total 4 (initial active 4) (1 cores per cpu, 1 threads per core) family 6 model 142 stepping 10, cmov, cx8, fxsr, mmx, sse, sse2, sse3, ssse3, sse4.1, sse4.2, popcnt, avx, avx2, aes, clmul, erms, 3dnowpref, lzcnt, tsc, tscinvbit, bmi1, bmi2, adx

/proc/cpuinfo:
processor	: 0
vendor_id	: GenuineIntel
cpu family	: 6
model		: 142
model name	: Intel(R) Core(TM) i7-8550U CPU @ 1.80GHz
stepping	: 10
microcode	: 0x70
cpu MHz		: 2001.000
cache size	: 8192 KB
physical id	: 0
siblings	: 1
core id		: 0
cpu cores	: 1
apicid		: 0
initial apicid	: 0
fpu		: yes
fpu_exception	: yes
cpuid level	: 22
wp		: yes
flags		: fpu vme de pse tsc msr pae mce cx8 apic sep mtrr pge mca cmov pat pse36 clflush mmx fxsr sse sse2 ss syscall nx pdpe1gb rdtscp lm constant_tsc arch_perfmon nopl xtopology tsc_reliable nonstop_tsc cpuid pni pclmulqdq ssse3 fma cx16 pcid sse4_1 sse4_2 x2apic movbe popcnt tsc_deadline_timer aes xsave avx f16c rdrand hypervisor lahf_lm abm 3dnowprefetch cpuid_fault invpcid_single pti fsgsbase tsc_adjust bmi1 avx2 smep bmi2 invpcid mpx rdseed adx smap clflushopt xsaveopt xsavec xsaves arat
bugs		: cpu_meltdown spectre_v1 spectre_v2 spec_store_bypass
bogomips	: 4002.00
clflush size	: 64
cache_alignment	: 64
address sizes	: 43 bits physical, 48 bits virtual
power management:

processor	: 1
vendor_id	: GenuineIntel
cpu family	: 6
model		: 142
model name	: Intel(R) Core(TM) i7-8550U CPU @ 1.80GHz
stepping	: 10
microcode	: 0x70
cpu MHz		: 2001.000
cache size	: 8192 KB
physical id	: 2
siblings	: 1
core id		: 0
cpu cores	: 1
apicid		: 2
initial apicid	: 2
fpu		: yes
fpu_exception	: yes
cpuid level	: 22
wp		: yes
flags		: fpu vme de pse tsc msr pae mce cx8 apic sep mtrr pge mca cmov pat pse36 clflush mmx fxsr sse sse2 ss syscall nx pdpe1gb rdtscp lm constant_tsc arch_perfmon nopl xtopology tsc_reliable nonstop_tsc cpuid pni pclmulqdq ssse3 fma cx16 pcid sse4_1 sse4_2 x2apic movbe popcnt tsc_deadline_timer aes xsave avx f16c rdrand hypervisor lahf_lm abm 3dnowprefetch cpuid_fault invpcid_single pti fsgsbase tsc_adjust bmi1 avx2 smep bmi2 invpcid mpx rdseed adx smap clflushopt xsaveopt xsavec xsaves arat
bugs		: cpu_meltdown spectre_v1 spectre_v2 spec_store_bypass
bogomips	: 4002.00
clflush size	: 64
cache_alignment	: 64
address sizes	: 43 bits physical, 48 bits virtual
power management:

processor	: 2
vendor_id	: GenuineIntel
cpu family	: 6
model		: 142
model name	: Intel(R) Core(TM) i7-8550U CPU @ 1.80GHz
stepping	: 10
microcode	: 0x70
cpu MHz		: 2001.000
cache size	: 8192 KB
physical id	: 4
siblings	: 1
core id		: 0
cpu cores	: 1
apicid		: 4
initial apicid	: 4
fpu		: yes
fpu_exception	: yes
cpuid level	: 22
wp		: yes
flags		: fpu vme de pse tsc msr pae mce cx8 apic sep mtrr pge mca cmov pat pse36 clflush mmx fxsr sse sse2 ss syscall nx pdpe1gb rdtscp lm constant_tsc arch_perfmon nopl xtopology tsc_reliable nonstop_tsc cpuid pni pclmulqdq ssse3 fma cx16 pcid sse4_1 sse4_2 x2apic movbe popcnt tsc_deadline_timer aes xsave avx f16c rdrand hypervisor lahf_lm abm 3dnowprefetch cpuid_fault invpcid_single pti fsgsbase tsc_adjust bmi1 avx2 smep bmi2 invpcid mpx rdseed adx smap clflushopt xsaveopt xsavec xsaves arat
bugs		: cpu_meltdown spectre_v1 spectre_v2 spec_store_bypass
bogomips	: 4002.00
clflush size	: 64
cache_alignment	: 64
address sizes	: 43 bits physical, 48 bits virtual
power management:

processor	: 3
vendor_id	: GenuineIntel
cpu family	: 6
model		: 142
model name	: Intel(R) Core(TM) i7-8550U CPU @ 1.80GHz
stepping	: 10
microcode	: 0x70
cpu MHz		: 2001.000
cache size	: 8192 KB
physical id	: 6
siblings	: 1
core id		: 0
cpu cores	: 1
apicid		: 6
initial apicid	: 6
fpu		: yes
fpu_exception	: yes
cpuid level	: 22
wp		: yes
flags		: fpu vme de pse tsc msr pae mce cx8 apic sep mtrr pge mca cmov pat pse36 clflush mmx fxsr sse sse2 ss syscall nx pdpe1gb rdtscp lm constant_tsc arch_perfmon nopl xtopology tsc_reliable nonstop_tsc cpuid pni pclmulqdq ssse3 fma cx16 pcid sse4_1 sse4_2 x2apic movbe popcnt tsc_deadline_timer aes xsave avx f16c rdrand hypervisor lahf_lm abm 3dnowprefetch cpuid_fault invpcid_single pti fsgsbase tsc_adjust bmi1 avx2 smep bmi2 invpcid mpx rdseed adx smap clflushopt xsaveopt xsavec xsaves arat
bugs		: cpu_meltdown spectre_v1 spectre_v2 spec_store_bypass
bogomips	: 4002.00
clflush size	: 64
cache_alignment	: 64
address sizes	: 43 bits physical, 48 bits virtual
power management:



Memory: 4k page, physical 8144452k(126296k free), swap 969960k(62052k free)

vm_info: OpenJDK 64-Bit Server VM (25.171-b11) for linux-amd64 JRE (1.8.0_171-8u171-b11-0ubuntu0.18.04.1-b11), built on Apr 26 2018 15:59:34 by "buildd" with gcc 7.3.0

time: Tue Jun  5 02:24:03 2018
elapsed time: 28 seconds (0d 0h 0m 28s)

