2018-06-22 01:13:56  [ main:0 ] - [ DEBUG ]  field org.apache.hadoop.metrics2.lib.MutableRate org.apache.hadoop.security.UserGroupInformation$UgiMetrics.loginSuccess with annotation @org.apache.hadoop.metrics2.annotation.Metric(about=, sampleName=Ops, always=false, type=DEFAULT, valueName=Time, value=[Rate of successful kerberos logins and latency (milliseconds)])
2018-06-22 01:13:56  [ main:26 ] - [ DEBUG ]  field org.apache.hadoop.metrics2.lib.MutableRate org.apache.hadoop.security.UserGroupInformation$UgiMetrics.loginFailure with annotation @org.apache.hadoop.metrics2.annotation.Metric(about=, sampleName=Ops, always=false, type=DEFAULT, valueName=Time, value=[Rate of failed kerberos logins and latency (milliseconds)])
2018-06-22 01:13:56  [ main:27 ] - [ DEBUG ]  field org.apache.hadoop.metrics2.lib.MutableRate org.apache.hadoop.security.UserGroupInformation$UgiMetrics.getGroups with annotation @org.apache.hadoop.metrics2.annotation.Metric(about=, sampleName=Ops, always=false, type=DEFAULT, valueName=Time, value=[GetGroups])
2018-06-22 01:13:56  [ main:29 ] - [ DEBUG ]  UgiMetrics, User and group related metrics
2018-06-22 01:13:56  [ main:267 ] - [ DEBUG ]  Kerberos krb5 configuration not found, setting default realm to empty
2018-06-22 01:13:56  [ main:275 ] - [ DEBUG ]   Creating new Groups object
2018-06-22 01:13:56  [ main:296 ] - [ DEBUG ]  Trying to load the custom-built native-hadoop library...
2018-06-22 01:13:56  [ main:318 ] - [ DEBUG ]  Failed to load native-hadoop with error: java.lang.UnsatisfiedLinkError: no hadoop in java.library.path
2018-06-22 01:13:56  [ main:318 ] - [ DEBUG ]  java.library.path=/usr/local/idea/bin::/usr/java/packages/lib/amd64:/usr/lib/x86_64-linux-gnu/jni:/lib/x86_64-linux-gnu:/usr/lib/x86_64-linux-gnu:/usr/lib/jni:/lib:/usr/lib
2018-06-22 01:13:56  [ main:318 ] - [ WARN ]  Unable to load native-hadoop library for your platform... using builtin-java classes where applicable
2018-06-22 01:13:56  [ main:321 ] - [ DEBUG ]  Falling back to shell based
2018-06-22 01:13:56  [ main:323 ] - [ DEBUG ]  Group mapping impl=org.apache.hadoop.security.ShellBasedUnixGroupsMapping
2018-06-22 01:13:57  [ main:603 ] - [ DEBUG ]  setsid exited with exit code 0
2018-06-22 01:13:57  [ main:603 ] - [ DEBUG ]  Group mapping impl=org.apache.hadoop.security.JniBasedUnixGroupsMappingWithFallback; cacheTimeout=300000; warningDeltaMs=5000
2018-06-22 01:13:57  [ main:610 ] - [ DEBUG ]  hadoop login
2018-06-22 01:13:57  [ main:611 ] - [ DEBUG ]  hadoop login commit
2018-06-22 01:13:57  [ main:619 ] - [ DEBUG ]  using local user:UnixPrincipal: root
2018-06-22 01:13:57  [ main:627 ] - [ DEBUG ]  UGI loginUser:root (auth:SIMPLE)
2018-06-22 01:13:57  [ main:968 ] - [ INFO ]  Process identifier=hconnection-0x3b94d659 connecting to ZooKeeper ensemble=localhost:2181
2018-06-22 01:13:57  [ main:985 ] - [ INFO ]  Client environment:zookeeper.version=3.4.6-1569965, built on 02/20/2014 09:09 GMT
2018-06-22 01:13:57  [ main:985 ] - [ INFO ]  Client environment:host.name=host1
2018-06-22 01:13:57  [ main:985 ] - [ INFO ]  Client environment:java.version=1.8.0_171
2018-06-22 01:13:57  [ main:985 ] - [ INFO ]  Client environment:java.vendor=Oracle Corporation
2018-06-22 01:13:57  [ main:986 ] - [ INFO ]  Client environment:java.home=/usr/lib/jvm/java-8-openjdk-amd64/jre
2018-06-22 01:13:57  [ main:986 ] - [ INFO ]  Client environment:java.class.path=/usr/lib/jvm/java-1.8.0-openjdk-amd64/jre/lib/charsets.jar:/usr/lib/jvm/java-1.8.0-openjdk-amd64/jre/lib/ext/cldrdata.jar:/usr/lib/jvm/java-1.8.0-openjdk-amd64/jre/lib/ext/dnsns.jar:/usr/lib/jvm/java-1.8.0-openjdk-amd64/jre/lib/ext/icedtea-sound.jar:/usr/lib/jvm/java-1.8.0-openjdk-amd64/jre/lib/ext/jaccess.jar:/usr/lib/jvm/java-1.8.0-openjdk-amd64/jre/lib/ext/java-atk-wrapper.jar:/usr/lib/jvm/java-1.8.0-openjdk-amd64/jre/lib/ext/localedata.jar:/usr/lib/jvm/java-1.8.0-openjdk-amd64/jre/lib/ext/nashorn.jar:/usr/lib/jvm/java-1.8.0-openjdk-amd64/jre/lib/ext/sunec.jar:/usr/lib/jvm/java-1.8.0-openjdk-amd64/jre/lib/ext/sunjce_provider.jar:/usr/lib/jvm/java-1.8.0-openjdk-amd64/jre/lib/ext/sunpkcs11.jar:/usr/lib/jvm/java-1.8.0-openjdk-amd64/jre/lib/ext/zipfs.jar:/usr/lib/jvm/java-1.8.0-openjdk-amd64/jre/lib/jce.jar:/usr/lib/jvm/java-1.8.0-openjdk-amd64/jre/lib/jsse.jar:/usr/lib/jvm/java-1.8.0-openjdk-amd64/jre/lib/management-agent.jar:/usr/lib/jvm/java-1.8.0-openjdk-amd64/jre/lib/resources.jar:/usr/lib/jvm/java-1.8.0-openjdk-amd64/jre/lib/rt.jar:/root/IdeaProjects/PerformanceTest/out/production/classes:/root/IdeaProjects/PerformanceTest/out/production/resources:/root/.gradle/caches/modules-2/files-2.1/org.codehaus.groovy/groovy-all/2.3.11/f6b34997d04c1538ce451d3955298f46fdb4dbd4/groovy-all-2.3.11.jar:/root/.gradle/caches/modules-2/files-2.1/org.apache.logging.log4j/log4j-core/2.11.0/e6b751e02120c08702d98750f6a80bc25343b7f5/log4j-core-2.11.0.jar:/root/.gradle/caches/modules-2/files-2.1/org.apache.logging.log4j/log4j-api/2.11.0/bede79a3f150711634a3047985517431bf6499f2/log4j-api-2.11.0.jar:/usr/local/hbase-1.1/lib/xz-1.0.jar:/usr/local/hbase-1.1/lib/asm-3.1.jar:/usr/local/hbase-1.1/lib/guice-3.0.jar:/usr/local/hbase-1.1/lib/avro-1.7.4.jar:/usr/local/hbase-1.1/lib/joni-2.1.2.jar:/usr/local/hbase-1.1/lib/junit-4.11.jar:/usr/local/hbase-1.1/lib/jsch-0.1.42.jar:/usr/local/hbase-1.1/lib/xmlenc-0.52.jar:/usr/local/hbase-1.1/lib/guava-12.0.1.jar:/usr/local/hbase-1.1/lib/jets3t-0.9.0.jar:/usr/local/hbase-1.1/lib/jetty-6.1.26.jar:/usr/local/hbase-1.1/lib/jsr305-1.3.9.jar:/usr/local/hbase-1.1/lib/log4j-1.2.17.jar:/usr/local/hbase-1.1/lib/paranamer-2.3.jar:/usr/local/hbase-1.1/lib/activation-1.1.jar:/usr/local/hbase-1.1/lib/commons-el-1.0.jar:/usr/local/hbase-1.1/lib/commons-io-2.4.jar:/usr/local/hbase-1.1/lib/hbase-it-1.1.2.jar:/usr/local/hbase-1.1/lib/httpcore-4.1.3.jar:/usr/local/hbase-1.1/lib/javax.inject-1.jar:/usr/local/hbase-1.1/lib/jaxb-api-2.2.2.jar:/usr/local/hbase-1.1/lib/jcodings-1.0.8.jar:/usr/local/hbase-1.1/lib/jettison-1.3.3.jar:/usr/local/hbase-1.1/lib/jsp-2.1-6.1.14.jar:/usr/local/hbase-1.1/lib/aopalliance-1.0.jar:/usr/local/hbase-1.1/lib/commons-cli-1.2.jar:/usr/local/hbase-1.1/lib/commons-net-3.1.jar:/usr/local/hbase-1.1/lib/disruptor-3.3.0.jar:/usr/local/hbase-1.1/lib/jersey-core-1.9.jar:/usr/local/hbase-1.1/lib/jersey-json-1.9.jar:/usr/local/hbase-1.1/lib/libthrift-0.9.0.jar:/usr/local/hbase-1.1/lib/servlet-api-2.5.jar:/usr/local/hbase-1.1/lib/slf4j-api-1.7.7.jar:/usr/local/hbase-1.1/lib/zookeeper-3.4.6.jar:/usr/local/hbase-1.1/lib/commons-lang-2.6.jar:/usr/local/hbase-1.1/lib/commons-math-2.2.jar:/usr/local/hbase-1.1/lib/hbase-rest-1.1.2.jar:/usr/local/hbase-1.1/lib/httpclient-4.2.5.jar:/usr/local/hbase-1.1/lib/jersey-guice-1.9.jar:/usr/local/hbase-1.1/lib/commons-codec-1.9.jar:/usr/local/hbase-1.1/lib/guice-servlet-3.0.jar:/usr/local/hbase-1.1/lib/hadoop-auth-2.5.1.jar:/usr/local/hbase-1.1/lib/hadoop-hdfs-2.5.1.jar:/usr/local/hbase-1.1/lib/hbase-shell-1.1.2.jar:/usr/local/hbase-1.1/lib/jackson-xc-1.9.13.jar:/usr/local/hbase-1.1/lib/jaxb-impl-2.2.3-1.jar:/usr/local/hbase-1.1/lib/jersey-client-1.9.jar:/usr/local/hbase-1.1/lib/jersey-server-1.9.jar:/usr/local/hbase-1.1/lib/jetty-util-6.1.26.jar:/usr/local/hbase-1.1/lib/netty-3.2.4.Final.jar:/usr/local/hbase-1.1/lib/api-util-1.0.0-M20.jar:/usr/local/hbase-1.1/lib/hbase-client-1.1.2.jar:/usr/local/hbase-1.1/lib/hbase-common-1.1.2.jar:/usr/local/hbase-1.1/lib/hbase-server-1.1.2.jar:/usr/local/hbase-1.1/lib/hbase-thrift-1.1.2.jar:/usr/local/hbase-1.1/lib/jsp-api-2.1-6.1.14.jar:/usr/local/hbase-1.1/lib/leveldbjni-all-1.8.jar:/usr/local/hbase-1.1/lib/metrics-core-2.2.0.jar:/usr/local/hbase-1.1/lib/commons-logging-1.2.jar:/usr/local/hbase-1.1/lib/commons-math3-3.1.1.jar:/usr/local/hbase-1.1/lib/hadoop-client-2.5.1.jar:/usr/local/hbase-1.1/lib/hadoop-common-2.5.1.jar:/usr/local/hbase-1.1/lib/jamon-runtime-2.3.1.jar:/usr/local/hbase-1.1/lib/java-xmlbuilder-0.4.jar:/usr/local/hbase-1.1/lib/protobuf-java-2.5.0.jar:/usr/local/hbase-1.1/lib/slf4j-log4j12-1.7.5.jar:/usr/local/hbase-1.1/lib/snappy-java-1.0.4.1.jar:/usr/local/hbase-1.1/lib/spymemcached-2.11.6.jar:/usr/local/hbase-1.1/lib/commons-digester-1.8.jar:/usr/local/hbase-1.1/lib/hbase-examples-1.1.2.jar:/usr/local/hbase-1.1/lib/hbase-it-1.1.2-tests.jar:/usr/local/hbase-1.1/lib/hbase-protocol-1.1.2.jar:/usr/local/hbase-1.1/lib/jackson-jaxrs-1.9.13.jar:/usr/local/hbase-1.1/lib/jruby-complete-1.6.8.jar:/usr/local/hbase-1.1/lib/commons-daemon-1.0.13.jar:/usr/local/hbase-1.1/lib/hadoop-yarn-api-2.5.1.jar:/usr/local/hbase-1.1/lib/hbase-procedure-1.1.2.jar:/usr/local/hbase-1.1/lib/jasper-runtime-5.5.23.jar:/usr/local/hbase-1.1/lib/api-asn1-api-1.0.0-M20.jar:/usr/local/hbase-1.1/lib/commons-compress-1.4.1.jar:/usr/local/hbase-1.1/lib/commons-httpclient-3.1.jar:/usr/local/hbase-1.1/lib/jasper-compiler-5.5.23.jar:/usr/local/hbase-1.1/lib/jetty-sslengine-6.1.26.jar:/usr/local/hbase-1.1/lib/netty-all-4.0.23.Final.jar:/usr/local/hbase-1.1/lib/servlet-api-2.5-6.1.14.jar:/usr/local/hbase-1.1/lib/apacheds-i18n-2.0.0-M15.jar:/usr/local/hbase-1.1/lib/commons-beanutils-1.7.0.jar:/usr/local/hbase-1.1/lib/hbase-annotations-1.1.2.jar:/usr/local/hbase-1.1/lib/hbase-prefix-tree-1.1.2.jar:/usr/local/hbase-1.1/lib/jackson-core-asl-1.9.13.jar:/usr/local/hbase-1.1/lib/hadoop-annotations-2.5.1.jar:/usr/local/hbase-1.1/lib/hadoop-yarn-client-2.5.1.jar:/usr/local/hbase-1.1/lib/hadoop-yarn-common-2.5.1.jar:/usr/local/hbase-1.1/lib/hbase-common-1.1.2-tests.jar:/usr/local/hbase-1.1/lib/hbase-server-1.1.2-tests.jar:/usr/local/hbase-1.1/lib/commons-collections-3.2.1.jar:/usr/local/hbase-1.1/lib/commons-configuration-1.6.jar:/usr/local/hbase-1.1/lib/hbase-hadoop-compat-1.1.2.jar:/usr/local/hbase-1.1/lib/jackson-mapper-asl-1.9.13.jar:/usr/local/hbase-1.1/lib/hbase-hadoop2-compat-1.1.2.jar:/usr/local/hbase-1.1/lib/hbase-resource-bundle-1.1.2.jar:/usr/local/hbase-1.1/lib/commons-beanutils-core-1.8.0.jar:/usr/local/hbase-1.1/lib/findbugs-annotations-1.3.9-1.jar:/usr/local/hbase-1.1/lib/htrace-core-3.1.0-incubating.jar:/usr/local/hbase-1.1/lib/hbase-annotations-1.1.2-tests.jar:/usr/local/hbase-1.1/lib/hadoop-yarn-server-common-2.5.1.jar:/usr/local/hbase-1.1/lib/apacheds-kerberos-codec-2.0.0-M15.jar:/usr/local/hbase-1.1/lib/hadoop-mapreduce-client-app-2.5.1.jar:/usr/local/hbase-1.1/lib/hadoop-mapreduce-client-core-2.5.1.jar:/usr/local/hbase-1.1/lib/hadoop-mapreduce-client-common-2.5.1.jar:/usr/local/hbase-1.1/lib/hadoop-mapreduce-client-shuffle-2.5.1.jar:/usr/local/hbase-1.1/lib/hadoop-mapreduce-client-jobclient-2.5.1.jar:/usr/local/idea/lib/idea_rt.jar
2018-06-22 01:13:57  [ main:987 ] - [ INFO ]  Client environment:java.library.path=/usr/local/idea/bin::/usr/java/packages/lib/amd64:/usr/lib/x86_64-linux-gnu/jni:/lib/x86_64-linux-gnu:/usr/lib/x86_64-linux-gnu:/usr/lib/jni:/lib:/usr/lib
2018-06-22 01:13:57  [ main:988 ] - [ INFO ]  Client environment:java.io.tmpdir=/tmp
2018-06-22 01:13:57  [ main:990 ] - [ INFO ]  Client environment:java.compiler=<NA>
2018-06-22 01:13:57  [ main:990 ] - [ INFO ]  Client environment:os.name=Linux
2018-06-22 01:13:57  [ main:990 ] - [ INFO ]  Client environment:os.arch=amd64
2018-06-22 01:13:57  [ main:990 ] - [ INFO ]  Client environment:os.version=4.15.0-23-generic
2018-06-22 01:13:57  [ main:990 ] - [ INFO ]  Client environment:user.name=root
2018-06-22 01:13:57  [ main:993 ] - [ INFO ]  Client environment:user.home=/root
2018-06-22 01:13:57  [ main:993 ] - [ INFO ]  Client environment:user.dir=/root/IdeaProjects/PerformanceTest
2018-06-22 01:13:57  [ main:994 ] - [ INFO ]  Initiating client connection, connectString=localhost:2181 sessionTimeout=90000 watcher=hconnection-0x3b94d6590x0, quorum=localhost:2181, baseZNode=/hbase
2018-06-22 01:13:57  [ main:1005 ] - [ DEBUG ]  zookeeper.disableAutoWatchReset is false
2018-06-22 01:13:57  [ main-SendThread(localhost:2181):1034 ] - [ INFO ]  Opening socket connection to server localhost/127.0.0.1:2181. Will not attempt to authenticate using SASL (unknown error)
2018-06-22 01:13:57  [ main-SendThread(localhost:2181):1065 ] - [ INFO ]  Socket connection established to localhost/127.0.0.1:2181, initiating session
2018-06-22 01:13:57  [ main-SendThread(localhost:2181):1080 ] - [ DEBUG ]  Session establishment request sent on localhost/127.0.0.1:2181
2018-06-22 01:13:57  [ main-SendThread(localhost:2181):1095 ] - [ INFO ]  Session establishment complete on server localhost/127.0.0.1:2181, sessionid = 0x164265e57630013, negotiated timeout = 90000
2018-06-22 01:13:57  [ main-EventThread:1101 ] - [ DEBUG ]  hconnection-0x3b94d6590x0, quorum=localhost:2181, baseZNode=/hbase Received ZooKeeper Event, type=None, state=SyncConnected, path=null
2018-06-22 01:13:57  [ main-EventThread:1103 ] - [ DEBUG ]  hconnection-0x3b94d659-0x164265e57630013 connected
2018-06-22 01:13:57  [ main-SendThread(localhost:2181):1112 ] - [ DEBUG ]  Reading reply sessionid:0x164265e57630013, packet:: clientPath:null serverPath:null finished:false header:: 1,3  replyHeader:: 1,461,0  request:: '/hbase/hbaseid,F  response:: s{17,333,1529648298952,1529652077656,2,0,0,0,67,0,17} 
2018-06-22 01:13:57  [ main-SendThread(localhost:2181):1117 ] - [ DEBUG ]  Reading reply sessionid:0x164265e57630013, packet:: clientPath:null serverPath:null finished:false header:: 2,4  replyHeader:: 2,461,0  request:: '/hbase/hbaseid,F  response:: #ffffffff000146d61737465723a3136303030ffffffa36e5bffffff92ffffffc03b7cffffff8250425546a2461366133663831612d656636622d343234382d383864632d366465663236353532333566,s{17,333,1529648298952,1529652077656,2,0,0,0,67,0,17} 
2018-06-22 01:13:58  [ main:1669 ] - [ DEBUG ]  Codec=org.apache.hadoop.hbase.codec.KeyValueCodec@1b1473ab, compressor=null, tcpKeepAlive=true, tcpNoDelay=true, connectTO=10000, readTO=20000, writeTO=60000, minIdleTimeBeforeClose=120000, maxRetries=0, fallbackAllowed=false, bind address=null
2018-06-22 01:13:58  [ main-SendThread(localhost:2181):1821 ] - [ DEBUG ]  Reading reply sessionid:0x164265e57630013, packet:: clientPath:null serverPath:null finished:false header:: 3,8  replyHeader:: 3,461,0  request:: '/hbase,F  response:: v{'replication,'meta-region-server,'rs,'splitWAL,'backup-masters,'table-lock,'flush-table-proc,'region-in-transition,'online-snapshot,'master,'running,'recovering-regions,'draining,'namespace,'hbaseid,'table} 
2018-06-22 01:13:58  [ main-SendThread(localhost:2181):1826 ] - [ DEBUG ]  Reading reply sessionid:0x164265e57630013, packet:: clientPath:null serverPath:null finished:false header:: 4,4  replyHeader:: 4,461,0  request:: '/hbase/meta-region-server,F  response:: #ffffffff0001a726567696f6e7365727665723a31363032335e76fffffffbffffffb0ffffffc03747150425546a11a5686f73743110ffffff977d18fffffff6ffffff85ffffff96ffffffb3ffffffc22c100183,s{399,399,1529652575432,1529652575432,0,0,0,0,58,0,399} 
2018-06-22 01:13:58  [ hconnection-0x3b94d659-metaLookup-shared--pool2-t1:2143 ] - [ DEBUG ]  Use SIMPLE authentication for service ClientService, sasl=false
2018-06-22 01:13:58  [ hconnection-0x3b94d659-metaLookup-shared--pool2-t1:2164 ] - [ DEBUG ]  Connecting to host1/192.168.137.129:16023
2018-06-22 01:13:59  [ hconnection-0x3b94d659-shared--pool1-t1:2480 ] - [ DEBUG ]  Use SIMPLE authentication for service ClientService, sasl=false
2018-06-22 01:13:59  [ hconnection-0x3b94d659-shared--pool1-t1:2484 ] - [ DEBUG ]  Connecting to host1/192.168.137.129:16020
2018-06-22 01:14:00  [ main:4090 ] - [ INFO ]  Closing zookeeper sessionid=0x164265e57630013
2018-06-22 01:14:00  [ main:4091 ] - [ DEBUG ]  Closing session: 0x164265e57630013
2018-06-22 01:14:00  [ main:4091 ] - [ DEBUG ]  Closing client for session: 0x164265e57630013
2018-06-22 01:14:00  [ main-SendThread(localhost:2181):4092 ] - [ DEBUG ]  Reading reply sessionid:0x164265e57630013, packet:: clientPath:null serverPath:null finished:false header:: 5,-11  replyHeader:: 5,462,0  request:: null response:: null
2018-06-22 01:14:00  [ main:4093 ] - [ DEBUG ]  Disconnecting client for session: 0x164265e57630013
2018-06-22 01:14:00  [ main:4093 ] - [ INFO ]  Session: 0x164265e57630013 closed
2018-06-22 01:14:00  [ main-SendThread(localhost:2181):4093 ] - [ DEBUG ]  An exception was thrown while closing send thread for session 0x164265e57630013 : Unable to read additional data from server sessionid 0x164265e57630013, likely server has closed socket
2018-06-22 01:14:00  [ main:4093 ] - [ DEBUG ]  Stopping rpc client
2018-06-22 01:14:00  [ main-EventThread:4094 ] - [ INFO ]  EventThread shut down
2018-06-22 01:14:44  [ main:0 ] - [ DEBUG ]  setsid exited with exit code 0
2018-06-22 01:14:44  [ main:252 ] - [ DEBUG ]  field org.apache.hadoop.metrics2.lib.MutableRate org.apache.hadoop.security.UserGroupInformation$UgiMetrics.loginSuccess with annotation @org.apache.hadoop.metrics2.annotation.Metric(about=, sampleName=Ops, always=false, type=DEFAULT, valueName=Time, value=[Rate of successful kerberos logins and latency (milliseconds)])
2018-06-22 01:14:44  [ main:262 ] - [ DEBUG ]  field org.apache.hadoop.metrics2.lib.MutableRate org.apache.hadoop.security.UserGroupInformation$UgiMetrics.loginFailure with annotation @org.apache.hadoop.metrics2.annotation.Metric(about=, sampleName=Ops, always=false, type=DEFAULT, valueName=Time, value=[Rate of failed kerberos logins and latency (milliseconds)])
2018-06-22 01:14:44  [ main:263 ] - [ DEBUG ]  field org.apache.hadoop.metrics2.lib.MutableRate org.apache.hadoop.security.UserGroupInformation$UgiMetrics.getGroups with annotation @org.apache.hadoop.metrics2.annotation.Metric(about=, sampleName=Ops, always=false, type=DEFAULT, valueName=Time, value=[GetGroups])
2018-06-22 01:14:44  [ main:264 ] - [ DEBUG ]  UgiMetrics, User and group related metrics
2018-06-22 01:14:45  [ main:350 ] - [ DEBUG ]  Kerberos krb5 configuration not found, setting default realm to empty
2018-06-22 01:14:45  [ main:358 ] - [ DEBUG ]   Creating new Groups object
2018-06-22 01:14:45  [ main:360 ] - [ DEBUG ]  Trying to load the custom-built native-hadoop library...
2018-06-22 01:14:45  [ main:361 ] - [ DEBUG ]  Failed to load native-hadoop with error: java.lang.UnsatisfiedLinkError: no hadoop in java.library.path
2018-06-22 01:14:45  [ main:362 ] - [ DEBUG ]  java.library.path=/usr/local/idea/bin::/usr/java/packages/lib/amd64:/usr/lib/x86_64-linux-gnu/jni:/lib/x86_64-linux-gnu:/usr/lib/x86_64-linux-gnu:/usr/lib/jni:/lib:/usr/lib
2018-06-22 01:14:45  [ main:362 ] - [ WARN ]  Unable to load native-hadoop library for your platform... using builtin-java classes where applicable
2018-06-22 01:14:45  [ main:362 ] - [ DEBUG ]  Falling back to shell based
2018-06-22 01:14:45  [ main:362 ] - [ DEBUG ]  Group mapping impl=org.apache.hadoop.security.ShellBasedUnixGroupsMapping
2018-06-22 01:14:45  [ main:375 ] - [ DEBUG ]  Group mapping impl=org.apache.hadoop.security.JniBasedUnixGroupsMappingWithFallback; cacheTimeout=300000; warningDeltaMs=5000
2018-06-22 01:14:45  [ main:383 ] - [ DEBUG ]  hadoop login
2018-06-22 01:14:45  [ main:386 ] - [ DEBUG ]  hadoop login commit
2018-06-22 01:14:45  [ main:395 ] - [ DEBUG ]  using local user:UnixPrincipal: root
2018-06-22 01:14:45  [ main:397 ] - [ DEBUG ]  UGI loginUser:root (auth:SIMPLE)
2018-06-22 01:14:45  [ main:653 ] - [ INFO ]  Process identifier=hconnection-0x57f23557 connecting to ZooKeeper ensemble=localhost:2181
2018-06-22 01:14:45  [ main:662 ] - [ INFO ]  Client environment:zookeeper.version=3.4.6-1569965, built on 02/20/2014 09:09 GMT
2018-06-22 01:14:45  [ main:662 ] - [ INFO ]  Client environment:host.name=host1
2018-06-22 01:14:45  [ main:662 ] - [ INFO ]  Client environment:java.version=1.8.0_171
2018-06-22 01:14:45  [ main:663 ] - [ INFO ]  Client environment:java.vendor=Oracle Corporation
2018-06-22 01:14:45  [ main:663 ] - [ INFO ]  Client environment:java.home=/usr/lib/jvm/java-8-openjdk-amd64/jre
2018-06-22 01:14:45  [ main:663 ] - [ INFO ]  Client environment:java.class.path=/usr/lib/jvm/java-1.8.0-openjdk-amd64/jre/lib/charsets.jar:/usr/lib/jvm/java-1.8.0-openjdk-amd64/jre/lib/ext/cldrdata.jar:/usr/lib/jvm/java-1.8.0-openjdk-amd64/jre/lib/ext/dnsns.jar:/usr/lib/jvm/java-1.8.0-openjdk-amd64/jre/lib/ext/icedtea-sound.jar:/usr/lib/jvm/java-1.8.0-openjdk-amd64/jre/lib/ext/jaccess.jar:/usr/lib/jvm/java-1.8.0-openjdk-amd64/jre/lib/ext/java-atk-wrapper.jar:/usr/lib/jvm/java-1.8.0-openjdk-amd64/jre/lib/ext/localedata.jar:/usr/lib/jvm/java-1.8.0-openjdk-amd64/jre/lib/ext/nashorn.jar:/usr/lib/jvm/java-1.8.0-openjdk-amd64/jre/lib/ext/sunec.jar:/usr/lib/jvm/java-1.8.0-openjdk-amd64/jre/lib/ext/sunjce_provider.jar:/usr/lib/jvm/java-1.8.0-openjdk-amd64/jre/lib/ext/sunpkcs11.jar:/usr/lib/jvm/java-1.8.0-openjdk-amd64/jre/lib/ext/zipfs.jar:/usr/lib/jvm/java-1.8.0-openjdk-amd64/jre/lib/jce.jar:/usr/lib/jvm/java-1.8.0-openjdk-amd64/jre/lib/jsse.jar:/usr/lib/jvm/java-1.8.0-openjdk-amd64/jre/lib/management-agent.jar:/usr/lib/jvm/java-1.8.0-openjdk-amd64/jre/lib/resources.jar:/usr/lib/jvm/java-1.8.0-openjdk-amd64/jre/lib/rt.jar:/root/IdeaProjects/PerformanceTest/out/production/classes:/root/IdeaProjects/PerformanceTest/out/production/resources:/root/.gradle/caches/modules-2/files-2.1/org.codehaus.groovy/groovy-all/2.3.11/f6b34997d04c1538ce451d3955298f46fdb4dbd4/groovy-all-2.3.11.jar:/root/.gradle/caches/modules-2/files-2.1/org.apache.logging.log4j/log4j-core/2.11.0/e6b751e02120c08702d98750f6a80bc25343b7f5/log4j-core-2.11.0.jar:/root/.gradle/caches/modules-2/files-2.1/org.apache.logging.log4j/log4j-api/2.11.0/bede79a3f150711634a3047985517431bf6499f2/log4j-api-2.11.0.jar:/usr/local/hbase-1.1/lib/xz-1.0.jar:/usr/local/hbase-1.1/lib/asm-3.1.jar:/usr/local/hbase-1.1/lib/guice-3.0.jar:/usr/local/hbase-1.1/lib/avro-1.7.4.jar:/usr/local/hbase-1.1/lib/joni-2.1.2.jar:/usr/local/hbase-1.1/lib/junit-4.11.jar:/usr/local/hbase-1.1/lib/jsch-0.1.42.jar:/usr/local/hbase-1.1/lib/xmlenc-0.52.jar:/usr/local/hbase-1.1/lib/guava-12.0.1.jar:/usr/local/hbase-1.1/lib/jets3t-0.9.0.jar:/usr/local/hbase-1.1/lib/jetty-6.1.26.jar:/usr/local/hbase-1.1/lib/jsr305-1.3.9.jar:/usr/local/hbase-1.1/lib/log4j-1.2.17.jar:/usr/local/hbase-1.1/lib/paranamer-2.3.jar:/usr/local/hbase-1.1/lib/activation-1.1.jar:/usr/local/hbase-1.1/lib/commons-el-1.0.jar:/usr/local/hbase-1.1/lib/commons-io-2.4.jar:/usr/local/hbase-1.1/lib/hbase-it-1.1.2.jar:/usr/local/hbase-1.1/lib/httpcore-4.1.3.jar:/usr/local/hbase-1.1/lib/javax.inject-1.jar:/usr/local/hbase-1.1/lib/jaxb-api-2.2.2.jar:/usr/local/hbase-1.1/lib/jcodings-1.0.8.jar:/usr/local/hbase-1.1/lib/jettison-1.3.3.jar:/usr/local/hbase-1.1/lib/jsp-2.1-6.1.14.jar:/usr/local/hbase-1.1/lib/aopalliance-1.0.jar:/usr/local/hbase-1.1/lib/commons-cli-1.2.jar:/usr/local/hbase-1.1/lib/commons-net-3.1.jar:/usr/local/hbase-1.1/lib/disruptor-3.3.0.jar:/usr/local/hbase-1.1/lib/jersey-core-1.9.jar:/usr/local/hbase-1.1/lib/jersey-json-1.9.jar:/usr/local/hbase-1.1/lib/libthrift-0.9.0.jar:/usr/local/hbase-1.1/lib/servlet-api-2.5.jar:/usr/local/hbase-1.1/lib/slf4j-api-1.7.7.jar:/usr/local/hbase-1.1/lib/zookeeper-3.4.6.jar:/usr/local/hbase-1.1/lib/commons-lang-2.6.jar:/usr/local/hbase-1.1/lib/commons-math-2.2.jar:/usr/local/hbase-1.1/lib/hbase-rest-1.1.2.jar:/usr/local/hbase-1.1/lib/httpclient-4.2.5.jar:/usr/local/hbase-1.1/lib/jersey-guice-1.9.jar:/usr/local/hbase-1.1/lib/commons-codec-1.9.jar:/usr/local/hbase-1.1/lib/guice-servlet-3.0.jar:/usr/local/hbase-1.1/lib/hadoop-auth-2.5.1.jar:/usr/local/hbase-1.1/lib/hadoop-hdfs-2.5.1.jar:/usr/local/hbase-1.1/lib/hbase-shell-1.1.2.jar:/usr/local/hbase-1.1/lib/jackson-xc-1.9.13.jar:/usr/local/hbase-1.1/lib/jaxb-impl-2.2.3-1.jar:/usr/local/hbase-1.1/lib/jersey-client-1.9.jar:/usr/local/hbase-1.1/lib/jersey-server-1.9.jar:/usr/local/hbase-1.1/lib/jetty-util-6.1.26.jar:/usr/local/hbase-1.1/lib/netty-3.2.4.Final.jar:/usr/local/hbase-1.1/lib/api-util-1.0.0-M20.jar:/usr/local/hbase-1.1/lib/hbase-client-1.1.2.jar:/usr/local/hbase-1.1/lib/hbase-common-1.1.2.jar:/usr/local/hbase-1.1/lib/hbase-server-1.1.2.jar:/usr/local/hbase-1.1/lib/hbase-thrift-1.1.2.jar:/usr/local/hbase-1.1/lib/jsp-api-2.1-6.1.14.jar:/usr/local/hbase-1.1/lib/leveldbjni-all-1.8.jar:/usr/local/hbase-1.1/lib/metrics-core-2.2.0.jar:/usr/local/hbase-1.1/lib/commons-logging-1.2.jar:/usr/local/hbase-1.1/lib/commons-math3-3.1.1.jar:/usr/local/hbase-1.1/lib/hadoop-client-2.5.1.jar:/usr/local/hbase-1.1/lib/hadoop-common-2.5.1.jar:/usr/local/hbase-1.1/lib/jamon-runtime-2.3.1.jar:/usr/local/hbase-1.1/lib/java-xmlbuilder-0.4.jar:/usr/local/hbase-1.1/lib/protobuf-java-2.5.0.jar:/usr/local/hbase-1.1/lib/slf4j-log4j12-1.7.5.jar:/usr/local/hbase-1.1/lib/snappy-java-1.0.4.1.jar:/usr/local/hbase-1.1/lib/spymemcached-2.11.6.jar:/usr/local/hbase-1.1/lib/commons-digester-1.8.jar:/usr/local/hbase-1.1/lib/hbase-examples-1.1.2.jar:/usr/local/hbase-1.1/lib/hbase-it-1.1.2-tests.jar:/usr/local/hbase-1.1/lib/hbase-protocol-1.1.2.jar:/usr/local/hbase-1.1/lib/jackson-jaxrs-1.9.13.jar:/usr/local/hbase-1.1/lib/jruby-complete-1.6.8.jar:/usr/local/hbase-1.1/lib/commons-daemon-1.0.13.jar:/usr/local/hbase-1.1/lib/hadoop-yarn-api-2.5.1.jar:/usr/local/hbase-1.1/lib/hbase-procedure-1.1.2.jar:/usr/local/hbase-1.1/lib/jasper-runtime-5.5.23.jar:/usr/local/hbase-1.1/lib/api-asn1-api-1.0.0-M20.jar:/usr/local/hbase-1.1/lib/commons-compress-1.4.1.jar:/usr/local/hbase-1.1/lib/commons-httpclient-3.1.jar:/usr/local/hbase-1.1/lib/jasper-compiler-5.5.23.jar:/usr/local/hbase-1.1/lib/jetty-sslengine-6.1.26.jar:/usr/local/hbase-1.1/lib/netty-all-4.0.23.Final.jar:/usr/local/hbase-1.1/lib/servlet-api-2.5-6.1.14.jar:/usr/local/hbase-1.1/lib/apacheds-i18n-2.0.0-M15.jar:/usr/local/hbase-1.1/lib/commons-beanutils-1.7.0.jar:/usr/local/hbase-1.1/lib/hbase-annotations-1.1.2.jar:/usr/local/hbase-1.1/lib/hbase-prefix-tree-1.1.2.jar:/usr/local/hbase-1.1/lib/jackson-core-asl-1.9.13.jar:/usr/local/hbase-1.1/lib/hadoop-annotations-2.5.1.jar:/usr/local/hbase-1.1/lib/hadoop-yarn-client-2.5.1.jar:/usr/local/hbase-1.1/lib/hadoop-yarn-common-2.5.1.jar:/usr/local/hbase-1.1/lib/hbase-common-1.1.2-tests.jar:/usr/local/hbase-1.1/lib/hbase-server-1.1.2-tests.jar:/usr/local/hbase-1.1/lib/commons-collections-3.2.1.jar:/usr/local/hbase-1.1/lib/commons-configuration-1.6.jar:/usr/local/hbase-1.1/lib/hbase-hadoop-compat-1.1.2.jar:/usr/local/hbase-1.1/lib/jackson-mapper-asl-1.9.13.jar:/usr/local/hbase-1.1/lib/hbase-hadoop2-compat-1.1.2.jar:/usr/local/hbase-1.1/lib/hbase-resource-bundle-1.1.2.jar:/usr/local/hbase-1.1/lib/commons-beanutils-core-1.8.0.jar:/usr/local/hbase-1.1/lib/findbugs-annotations-1.3.9-1.jar:/usr/local/hbase-1.1/lib/htrace-core-3.1.0-incubating.jar:/usr/local/hbase-1.1/lib/hbase-annotations-1.1.2-tests.jar:/usr/local/hbase-1.1/lib/hadoop-yarn-server-common-2.5.1.jar:/usr/local/hbase-1.1/lib/apacheds-kerberos-codec-2.0.0-M15.jar:/usr/local/hbase-1.1/lib/hadoop-mapreduce-client-app-2.5.1.jar:/usr/local/hbase-1.1/lib/hadoop-mapreduce-client-core-2.5.1.jar:/usr/local/hbase-1.1/lib/hadoop-mapreduce-client-common-2.5.1.jar:/usr/local/hbase-1.1/lib/hadoop-mapreduce-client-shuffle-2.5.1.jar:/usr/local/hbase-1.1/lib/hadoop-mapreduce-client-jobclient-2.5.1.jar:/usr/local/idea/lib/idea_rt.jar
2018-06-22 01:14:45  [ main:663 ] - [ INFO ]  Client environment:java.library.path=/usr/local/idea/bin::/usr/java/packages/lib/amd64:/usr/lib/x86_64-linux-gnu/jni:/lib/x86_64-linux-gnu:/usr/lib/x86_64-linux-gnu:/usr/lib/jni:/lib:/usr/lib
2018-06-22 01:14:45  [ main:663 ] - [ INFO ]  Client environment:java.io.tmpdir=/tmp
2018-06-22 01:14:45  [ main:663 ] - [ INFO ]  Client environment:java.compiler=<NA>
2018-06-22 01:14:45  [ main:664 ] - [ INFO ]  Client environment:os.name=Linux
2018-06-22 01:14:45  [ main:664 ] - [ INFO ]  Client environment:os.arch=amd64
2018-06-22 01:14:45  [ main:664 ] - [ INFO ]  Client environment:os.version=4.15.0-23-generic
2018-06-22 01:14:45  [ main:664 ] - [ INFO ]  Client environment:user.name=root
2018-06-22 01:14:45  [ main:664 ] - [ INFO ]  Client environment:user.home=/root
2018-06-22 01:14:45  [ main:664 ] - [ INFO ]  Client environment:user.dir=/root/IdeaProjects/PerformanceTest
2018-06-22 01:14:45  [ main:665 ] - [ INFO ]  Initiating client connection, connectString=localhost:2181 sessionTimeout=180000 watcher=hconnection-0x57f235570x0, quorum=localhost:2181, baseZNode=/hbase
2018-06-22 01:14:45  [ main:668 ] - [ DEBUG ]  zookeeper.disableAutoWatchReset is false
2018-06-22 01:14:45  [ main-SendThread(localhost:2181):772 ] - [ INFO ]  Opening socket connection to server localhost/127.0.0.1:2181. Will not attempt to authenticate using SASL (unknown error)
2018-06-22 01:14:45  [ main-SendThread(localhost:2181):784 ] - [ INFO ]  Socket connection established to localhost/127.0.0.1:2181, initiating session
2018-06-22 01:14:45  [ main-SendThread(localhost:2181):785 ] - [ DEBUG ]  Session establishment request sent on localhost/127.0.0.1:2181
2018-06-22 01:14:45  [ main-SendThread(localhost:2181):798 ] - [ INFO ]  Session establishment complete on server localhost/127.0.0.1:2181, sessionid = 0x164265e57630014, negotiated timeout = 90000
2018-06-22 01:14:45  [ main-EventThread:810 ] - [ DEBUG ]  hconnection-0x57f235570x0, quorum=localhost:2181, baseZNode=/hbase Received ZooKeeper Event, type=None, state=SyncConnected, path=null
2018-06-22 01:14:45  [ main-EventThread:812 ] - [ DEBUG ]  hconnection-0x57f23557-0x164265e57630014 connected
2018-06-22 01:14:45  [ main-SendThread(localhost:2181):814 ] - [ DEBUG ]  Reading reply sessionid:0x164265e57630014, packet:: clientPath:null serverPath:null finished:false header:: 1,3  replyHeader:: 1,463,0  request:: '/hbase/hbaseid,F  response:: s{17,333,1529648298952,1529652077656,2,0,0,0,67,0,17} 
2018-06-22 01:14:45  [ main-SendThread(localhost:2181):823 ] - [ DEBUG ]  Reading reply sessionid:0x164265e57630014, packet:: clientPath:null serverPath:null finished:false header:: 2,4  replyHeader:: 2,463,0  request:: '/hbase/hbaseid,F  response:: #ffffffff000146d61737465723a3136303030ffffffa36e5bffffff92ffffffc03b7cffffff8250425546a2461366133663831612d656636622d343234382d383864632d366465663236353532333566,s{17,333,1529648298952,1529652077656,2,0,0,0,67,0,17} 
2018-06-22 01:14:45  [ main:1167 ] - [ DEBUG ]  Codec=org.apache.hadoop.hbase.codec.KeyValueCodec@3c130745, compressor=null, tcpKeepAlive=true, tcpNoDelay=true, connectTO=10000, readTO=20000, writeTO=60000, minIdleTimeBeforeClose=120000, maxRetries=0, fallbackAllowed=false, bind address=null
2018-06-22 01:14:46  [ main-SendThread(localhost:2181):1309 ] - [ DEBUG ]  Reading reply sessionid:0x164265e57630014, packet:: clientPath:null serverPath:null finished:false header:: 3,8  replyHeader:: 3,463,0  request:: '/hbase,F  response:: v{'replication,'meta-region-server,'rs,'splitWAL,'backup-masters,'table-lock,'flush-table-proc,'region-in-transition,'online-snapshot,'master,'running,'recovering-regions,'draining,'namespace,'hbaseid,'table} 
2018-06-22 01:14:46  [ main-SendThread(localhost:2181):1315 ] - [ DEBUG ]  Reading reply sessionid:0x164265e57630014, packet:: clientPath:null serverPath:null finished:false header:: 4,4  replyHeader:: 4,463,0  request:: '/hbase/meta-region-server,F  response:: #ffffffff0001a726567696f6e7365727665723a31363032335e76fffffffbffffffb0ffffffc03747150425546a11a5686f73743110ffffff977d18fffffff6ffffff85ffffff96ffffffb3ffffffc22c100183,s{399,399,1529652575432,1529652575432,0,0,0,0,58,0,399} 
2018-06-22 01:14:46  [ hconnection-0x57f23557-metaLookup-shared--pool2-t1:1531 ] - [ DEBUG ]  Use SIMPLE authentication for service ClientService, sasl=false
2018-06-22 01:14:46  [ hconnection-0x57f23557-metaLookup-shared--pool2-t1:1550 ] - [ DEBUG ]  Connecting to host1/192.168.137.129:16023
2018-06-22 01:14:46  [ htable-pool1-t1:1641 ] - [ DEBUG ]  Use SIMPLE authentication for service ClientService, sasl=false
2018-06-22 01:14:46  [ htable-pool1-t1:1642 ] - [ DEBUG ]  Connecting to host1/192.168.137.129:16020
2018-06-22 01:14:46  [ htable-pool1-t1:1736 ] - [ WARN ]  #2, table=t1, attempt=1/31 failed=100ops, last exception: null on host1,16020,1529652589239, tracking started Fri Jun 22 01:14:46 PDT 2018; not retrying 100 - final failure
2018-06-22 01:14:46  [ main:2025 ] - [ INFO ]  Failed to sent put {"totalColumns":1,"row":"someRow","families":{"f":[{"qualifier":"someQualifier","vlen":10,"tag":[],"timestamp":9223372036854775807}]}}.
2018-06-22 01:14:46  [ main:2025 ] - [ INFO ]  Failed to sent put {"totalColumns":1,"row":"someRow","families":{"f":[{"qualifier":"someQualifier","vlen":10,"tag":[],"timestamp":9223372036854775807}]}}.
2018-06-22 01:14:46  [ main:2026 ] - [ INFO ]  Failed to sent put {"totalColumns":1,"row":"someRow","families":{"f":[{"qualifier":"someQualifier","vlen":10,"tag":[],"timestamp":9223372036854775807}]}}.
2018-06-22 01:14:46  [ main:2026 ] - [ INFO ]  Failed to sent put {"totalColumns":1,"row":"someRow","families":{"f":[{"qualifier":"someQualifier","vlen":10,"tag":[],"timestamp":9223372036854775807}]}}.
2018-06-22 01:14:46  [ main:2026 ] - [ INFO ]  Failed to sent put {"totalColumns":1,"row":"someRow","families":{"f":[{"qualifier":"someQualifier","vlen":10,"tag":[],"timestamp":9223372036854775807}]}}.
2018-06-22 01:14:46  [ main:2026 ] - [ INFO ]  Failed to sent put {"totalColumns":1,"row":"someRow","families":{"f":[{"qualifier":"someQualifier","vlen":10,"tag":[],"timestamp":9223372036854775807}]}}.
2018-06-22 01:14:46  [ main:2026 ] - [ INFO ]  Failed to sent put {"totalColumns":1,"row":"someRow","families":{"f":[{"qualifier":"someQualifier","vlen":10,"tag":[],"timestamp":9223372036854775807}]}}.
2018-06-22 01:14:46  [ main:2027 ] - [ INFO ]  Failed to sent put {"totalColumns":1,"row":"someRow","families":{"f":[{"qualifier":"someQualifier","vlen":10,"tag":[],"timestamp":9223372036854775807}]}}.
2018-06-22 01:14:46  [ main:2027 ] - [ INFO ]  Failed to sent put {"totalColumns":1,"row":"someRow","families":{"f":[{"qualifier":"someQualifier","vlen":10,"tag":[],"timestamp":9223372036854775807}]}}.
2018-06-22 01:14:46  [ main:2027 ] - [ INFO ]  Failed to sent put {"totalColumns":1,"row":"someRow","families":{"f":[{"qualifier":"someQualifier","vlen":10,"tag":[],"timestamp":9223372036854775807}]}}.
2018-06-22 01:14:46  [ main:2027 ] - [ INFO ]  Failed to sent put {"totalColumns":1,"row":"someRow","families":{"f":[{"qualifier":"someQualifier","vlen":10,"tag":[],"timestamp":9223372036854775807}]}}.
2018-06-22 01:14:46  [ main:2031 ] - [ INFO ]  Failed to sent put {"totalColumns":1,"row":"someRow","families":{"f":[{"qualifier":"someQualifier","vlen":10,"tag":[],"timestamp":9223372036854775807}]}}.
2018-06-22 01:14:46  [ main:2032 ] - [ INFO ]  Failed to sent put {"totalColumns":1,"row":"someRow","families":{"f":[{"qualifier":"someQualifier","vlen":10,"tag":[],"timestamp":9223372036854775807}]}}.
2018-06-22 01:14:46  [ main:2032 ] - [ INFO ]  Failed to sent put {"totalColumns":1,"row":"someRow","families":{"f":[{"qualifier":"someQualifier","vlen":10,"tag":[],"timestamp":9223372036854775807}]}}.
2018-06-22 01:14:46  [ main:2032 ] - [ INFO ]  Failed to sent put {"totalColumns":1,"row":"someRow","families":{"f":[{"qualifier":"someQualifier","vlen":10,"tag":[],"timestamp":9223372036854775807}]}}.
2018-06-22 01:14:46  [ main:2032 ] - [ INFO ]  Failed to sent put {"totalColumns":1,"row":"someRow","families":{"f":[{"qualifier":"someQualifier","vlen":10,"tag":[],"timestamp":9223372036854775807}]}}.
2018-06-22 01:14:46  [ main:2032 ] - [ INFO ]  Failed to sent put {"totalColumns":1,"row":"someRow","families":{"f":[{"qualifier":"someQualifier","vlen":10,"tag":[],"timestamp":9223372036854775807}]}}.
2018-06-22 01:14:46  [ main:2032 ] - [ INFO ]  Failed to sent put {"totalColumns":1,"row":"someRow","families":{"f":[{"qualifier":"someQualifier","vlen":10,"tag":[],"timestamp":9223372036854775807}]}}.
2018-06-22 01:14:46  [ main:2032 ] - [ INFO ]  Failed to sent put {"totalColumns":1,"row":"someRow","families":{"f":[{"qualifier":"someQualifier","vlen":10,"tag":[],"timestamp":9223372036854775807}]}}.
2018-06-22 01:14:46  [ main:2035 ] - [ INFO ]  Failed to sent put {"totalColumns":1,"row":"someRow","families":{"f":[{"qualifier":"someQualifier","vlen":10,"tag":[],"timestamp":9223372036854775807}]}}.
2018-06-22 01:14:46  [ main:2035 ] - [ INFO ]  Failed to sent put {"totalColumns":1,"row":"someRow","families":{"f":[{"qualifier":"someQualifier","vlen":10,"tag":[],"timestamp":9223372036854775807}]}}.
2018-06-22 01:14:46  [ main:2035 ] - [ INFO ]  Failed to sent put {"totalColumns":1,"row":"someRow","families":{"f":[{"qualifier":"someQualifier","vlen":10,"tag":[],"timestamp":9223372036854775807}]}}.
2018-06-22 01:14:46  [ main:2035 ] - [ INFO ]  Failed to sent put {"totalColumns":1,"row":"someRow","families":{"f":[{"qualifier":"someQualifier","vlen":10,"tag":[],"timestamp":9223372036854775807}]}}.
2018-06-22 01:14:46  [ main:2036 ] - [ INFO ]  Failed to sent put {"totalColumns":1,"row":"someRow","families":{"f":[{"qualifier":"someQualifier","vlen":10,"tag":[],"timestamp":9223372036854775807}]}}.
2018-06-22 01:14:46  [ main:2036 ] - [ INFO ]  Failed to sent put {"totalColumns":1,"row":"someRow","families":{"f":[{"qualifier":"someQualifier","vlen":10,"tag":[],"timestamp":9223372036854775807}]}}.
2018-06-22 01:14:46  [ main:2036 ] - [ INFO ]  Failed to sent put {"totalColumns":1,"row":"someRow","families":{"f":[{"qualifier":"someQualifier","vlen":10,"tag":[],"timestamp":9223372036854775807}]}}.
2018-06-22 01:14:46  [ main:2036 ] - [ INFO ]  Failed to sent put {"totalColumns":1,"row":"someRow","families":{"f":[{"qualifier":"someQualifier","vlen":10,"tag":[],"timestamp":9223372036854775807}]}}.
2018-06-22 01:14:46  [ main:2037 ] - [ INFO ]  Failed to sent put {"totalColumns":1,"row":"someRow","families":{"f":[{"qualifier":"someQualifier","vlen":10,"tag":[],"timestamp":9223372036854775807}]}}.
2018-06-22 01:14:46  [ main:2037 ] - [ INFO ]  Failed to sent put {"totalColumns":1,"row":"someRow","families":{"f":[{"qualifier":"someQualifier","vlen":10,"tag":[],"timestamp":9223372036854775807}]}}.
2018-06-22 01:14:46  [ main:2038 ] - [ INFO ]  Failed to sent put {"totalColumns":1,"row":"someRow","families":{"f":[{"qualifier":"someQualifier","vlen":10,"tag":[],"timestamp":9223372036854775807}]}}.
2018-06-22 01:14:46  [ main:2038 ] - [ INFO ]  Failed to sent put {"totalColumns":1,"row":"someRow","families":{"f":[{"qualifier":"someQualifier","vlen":10,"tag":[],"timestamp":9223372036854775807}]}}.
2018-06-22 01:14:46  [ main:2038 ] - [ INFO ]  Failed to sent put {"totalColumns":1,"row":"someRow","families":{"f":[{"qualifier":"someQualifier","vlen":10,"tag":[],"timestamp":9223372036854775807}]}}.
2018-06-22 01:14:46  [ main:2038 ] - [ INFO ]  Failed to sent put {"totalColumns":1,"row":"someRow","families":{"f":[{"qualifier":"someQualifier","vlen":10,"tag":[],"timestamp":9223372036854775807}]}}.
2018-06-22 01:14:46  [ main:2039 ] - [ INFO ]  Failed to sent put {"totalColumns":1,"row":"someRow","families":{"f":[{"qualifier":"someQualifier","vlen":10,"tag":[],"timestamp":9223372036854775807}]}}.
2018-06-22 01:14:46  [ main:2039 ] - [ INFO ]  Failed to sent put {"totalColumns":1,"row":"someRow","families":{"f":[{"qualifier":"someQualifier","vlen":10,"tag":[],"timestamp":9223372036854775807}]}}.
2018-06-22 01:14:46  [ main:2039 ] - [ INFO ]  Failed to sent put {"totalColumns":1,"row":"someRow","families":{"f":[{"qualifier":"someQualifier","vlen":10,"tag":[],"timestamp":9223372036854775807}]}}.
2018-06-22 01:14:46  [ main:2039 ] - [ INFO ]  Failed to sent put {"totalColumns":1,"row":"someRow","families":{"f":[{"qualifier":"someQualifier","vlen":10,"tag":[],"timestamp":9223372036854775807}]}}.
2018-06-22 01:14:46  [ main:2039 ] - [ INFO ]  Failed to sent put {"totalColumns":1,"row":"someRow","families":{"f":[{"qualifier":"someQualifier","vlen":10,"tag":[],"timestamp":9223372036854775807}]}}.
2018-06-22 01:14:46  [ main:2040 ] - [ INFO ]  Failed to sent put {"totalColumns":1,"row":"someRow","families":{"f":[{"qualifier":"someQualifier","vlen":10,"tag":[],"timestamp":9223372036854775807}]}}.
2018-06-22 01:14:46  [ main:2040 ] - [ INFO ]  Failed to sent put {"totalColumns":1,"row":"someRow","families":{"f":[{"qualifier":"someQualifier","vlen":10,"tag":[],"timestamp":9223372036854775807}]}}.
2018-06-22 01:14:46  [ main:2040 ] - [ INFO ]  Failed to sent put {"totalColumns":1,"row":"someRow","families":{"f":[{"qualifier":"someQualifier","vlen":10,"tag":[],"timestamp":9223372036854775807}]}}.
2018-06-22 01:14:46  [ main:2041 ] - [ INFO ]  Failed to sent put {"totalColumns":1,"row":"someRow","families":{"f":[{"qualifier":"someQualifier","vlen":10,"tag":[],"timestamp":9223372036854775807}]}}.
2018-06-22 01:14:46  [ main:2041 ] - [ INFO ]  Failed to sent put {"totalColumns":1,"row":"someRow","families":{"f":[{"qualifier":"someQualifier","vlen":10,"tag":[],"timestamp":9223372036854775807}]}}.
2018-06-22 01:14:46  [ main:2042 ] - [ INFO ]  Failed to sent put {"totalColumns":1,"row":"someRow","families":{"f":[{"qualifier":"someQualifier","vlen":10,"tag":[],"timestamp":9223372036854775807}]}}.
2018-06-22 01:14:46  [ main:2043 ] - [ INFO ]  Failed to sent put {"totalColumns":1,"row":"someRow","families":{"f":[{"qualifier":"someQualifier","vlen":10,"tag":[],"timestamp":9223372036854775807}]}}.
2018-06-22 01:14:46  [ main:2043 ] - [ INFO ]  Failed to sent put {"totalColumns":1,"row":"someRow","families":{"f":[{"qualifier":"someQualifier","vlen":10,"tag":[],"timestamp":9223372036854775807}]}}.
2018-06-22 01:14:46  [ main:2043 ] - [ INFO ]  Failed to sent put {"totalColumns":1,"row":"someRow","families":{"f":[{"qualifier":"someQualifier","vlen":10,"tag":[],"timestamp":9223372036854775807}]}}.
2018-06-22 01:14:46  [ main:2043 ] - [ INFO ]  Failed to sent put {"totalColumns":1,"row":"someRow","families":{"f":[{"qualifier":"someQualifier","vlen":10,"tag":[],"timestamp":9223372036854775807}]}}.
2018-06-22 01:14:46  [ main:2043 ] - [ INFO ]  Failed to sent put {"totalColumns":1,"row":"someRow","families":{"f":[{"qualifier":"someQualifier","vlen":10,"tag":[],"timestamp":9223372036854775807}]}}.
2018-06-22 01:14:46  [ main:2044 ] - [ INFO ]  Failed to sent put {"totalColumns":1,"row":"someRow","families":{"f":[{"qualifier":"someQualifier","vlen":10,"tag":[],"timestamp":9223372036854775807}]}}.
2018-06-22 01:14:46  [ main:2045 ] - [ INFO ]  Failed to sent put {"totalColumns":1,"row":"someRow","families":{"f":[{"qualifier":"someQualifier","vlen":10,"tag":[],"timestamp":9223372036854775807}]}}.
2018-06-22 01:14:46  [ main:2045 ] - [ INFO ]  Failed to sent put {"totalColumns":1,"row":"someRow","families":{"f":[{"qualifier":"someQualifier","vlen":10,"tag":[],"timestamp":9223372036854775807}]}}.
2018-06-22 01:14:46  [ main:2045 ] - [ INFO ]  Failed to sent put {"totalColumns":1,"row":"someRow","families":{"f":[{"qualifier":"someQualifier","vlen":10,"tag":[],"timestamp":9223372036854775807}]}}.
2018-06-22 01:14:46  [ main:2045 ] - [ INFO ]  Failed to sent put {"totalColumns":1,"row":"someRow","families":{"f":[{"qualifier":"someQualifier","vlen":10,"tag":[],"timestamp":9223372036854775807}]}}.
2018-06-22 01:14:46  [ main:2045 ] - [ INFO ]  Failed to sent put {"totalColumns":1,"row":"someRow","families":{"f":[{"qualifier":"someQualifier","vlen":10,"tag":[],"timestamp":9223372036854775807}]}}.
2018-06-22 01:14:46  [ main:2045 ] - [ INFO ]  Failed to sent put {"totalColumns":1,"row":"someRow","families":{"f":[{"qualifier":"someQualifier","vlen":10,"tag":[],"timestamp":9223372036854775807}]}}.
2018-06-22 01:14:46  [ main:2045 ] - [ INFO ]  Failed to sent put {"totalColumns":1,"row":"someRow","families":{"f":[{"qualifier":"someQualifier","vlen":10,"tag":[],"timestamp":9223372036854775807}]}}.
2018-06-22 01:14:46  [ main:2045 ] - [ INFO ]  Failed to sent put {"totalColumns":1,"row":"someRow","families":{"f":[{"qualifier":"someQualifier","vlen":10,"tag":[],"timestamp":9223372036854775807}]}}.
2018-06-22 01:14:46  [ main:2048 ] - [ INFO ]  Failed to sent put {"totalColumns":1,"row":"someRow","families":{"f":[{"qualifier":"someQualifier","vlen":10,"tag":[],"timestamp":9223372036854775807}]}}.
2018-06-22 01:14:46  [ main:2049 ] - [ INFO ]  Failed to sent put {"totalColumns":1,"row":"someRow","families":{"f":[{"qualifier":"someQualifier","vlen":10,"tag":[],"timestamp":9223372036854775807}]}}.
2018-06-22 01:14:46  [ main:2049 ] - [ INFO ]  Failed to sent put {"totalColumns":1,"row":"someRow","families":{"f":[{"qualifier":"someQualifier","vlen":10,"tag":[],"timestamp":9223372036854775807}]}}.
2018-06-22 01:14:46  [ main:2049 ] - [ INFO ]  Failed to sent put {"totalColumns":1,"row":"someRow","families":{"f":[{"qualifier":"someQualifier","vlen":10,"tag":[],"timestamp":9223372036854775807}]}}.
2018-06-22 01:14:46  [ main:2049 ] - [ INFO ]  Failed to sent put {"totalColumns":1,"row":"someRow","families":{"f":[{"qualifier":"someQualifier","vlen":10,"tag":[],"timestamp":9223372036854775807}]}}.
2018-06-22 01:14:46  [ main:2049 ] - [ INFO ]  Failed to sent put {"totalColumns":1,"row":"someRow","families":{"f":[{"qualifier":"someQualifier","vlen":10,"tag":[],"timestamp":9223372036854775807}]}}.
2018-06-22 01:14:46  [ main:2049 ] - [ INFO ]  Failed to sent put {"totalColumns":1,"row":"someRow","families":{"f":[{"qualifier":"someQualifier","vlen":10,"tag":[],"timestamp":9223372036854775807}]}}.
2018-06-22 01:14:46  [ main:2050 ] - [ INFO ]  Failed to sent put {"totalColumns":1,"row":"someRow","families":{"f":[{"qualifier":"someQualifier","vlen":10,"tag":[],"timestamp":9223372036854775807}]}}.
2018-06-22 01:14:46  [ main:2050 ] - [ INFO ]  Failed to sent put {"totalColumns":1,"row":"someRow","families":{"f":[{"qualifier":"someQualifier","vlen":10,"tag":[],"timestamp":9223372036854775807}]}}.
2018-06-22 01:14:46  [ main:2050 ] - [ INFO ]  Failed to sent put {"totalColumns":1,"row":"someRow","families":{"f":[{"qualifier":"someQualifier","vlen":10,"tag":[],"timestamp":9223372036854775807}]}}.
2018-06-22 01:14:46  [ main:2050 ] - [ INFO ]  Failed to sent put {"totalColumns":1,"row":"someRow","families":{"f":[{"qualifier":"someQualifier","vlen":10,"tag":[],"timestamp":9223372036854775807}]}}.
2018-06-22 01:14:46  [ main:2050 ] - [ INFO ]  Failed to sent put {"totalColumns":1,"row":"someRow","families":{"f":[{"qualifier":"someQualifier","vlen":10,"tag":[],"timestamp":9223372036854775807}]}}.
2018-06-22 01:14:46  [ main:2050 ] - [ INFO ]  Failed to sent put {"totalColumns":1,"row":"someRow","families":{"f":[{"qualifier":"someQualifier","vlen":10,"tag":[],"timestamp":9223372036854775807}]}}.
2018-06-22 01:14:46  [ main:2051 ] - [ INFO ]  Failed to sent put {"totalColumns":1,"row":"someRow","families":{"f":[{"qualifier":"someQualifier","vlen":10,"tag":[],"timestamp":9223372036854775807}]}}.
2018-06-22 01:14:46  [ main:2051 ] - [ INFO ]  Failed to sent put {"totalColumns":1,"row":"someRow","families":{"f":[{"qualifier":"someQualifier","vlen":10,"tag":[],"timestamp":9223372036854775807}]}}.
2018-06-22 01:14:46  [ main:2051 ] - [ INFO ]  Failed to sent put {"totalColumns":1,"row":"someRow","families":{"f":[{"qualifier":"someQualifier","vlen":10,"tag":[],"timestamp":9223372036854775807}]}}.
2018-06-22 01:14:46  [ main:2051 ] - [ INFO ]  Failed to sent put {"totalColumns":1,"row":"someRow","families":{"f":[{"qualifier":"someQualifier","vlen":10,"tag":[],"timestamp":9223372036854775807}]}}.
2018-06-22 01:14:46  [ main:2051 ] - [ INFO ]  Failed to sent put {"totalColumns":1,"row":"someRow","families":{"f":[{"qualifier":"someQualifier","vlen":10,"tag":[],"timestamp":9223372036854775807}]}}.
2018-06-22 01:14:46  [ main:2051 ] - [ INFO ]  Failed to sent put {"totalColumns":1,"row":"someRow","families":{"f":[{"qualifier":"someQualifier","vlen":10,"tag":[],"timestamp":9223372036854775807}]}}.
2018-06-22 01:14:46  [ main:2052 ] - [ INFO ]  Failed to sent put {"totalColumns":1,"row":"someRow","families":{"f":[{"qualifier":"someQualifier","vlen":10,"tag":[],"timestamp":9223372036854775807}]}}.
2018-06-22 01:14:46  [ main:2052 ] - [ INFO ]  Failed to sent put {"totalColumns":1,"row":"someRow","families":{"f":[{"qualifier":"someQualifier","vlen":10,"tag":[],"timestamp":9223372036854775807}]}}.
2018-06-22 01:14:46  [ main:2052 ] - [ INFO ]  Failed to sent put {"totalColumns":1,"row":"someRow","families":{"f":[{"qualifier":"someQualifier","vlen":10,"tag":[],"timestamp":9223372036854775807}]}}.
2018-06-22 01:14:46  [ main:2052 ] - [ INFO ]  Failed to sent put {"totalColumns":1,"row":"someRow","families":{"f":[{"qualifier":"someQualifier","vlen":10,"tag":[],"timestamp":9223372036854775807}]}}.
2018-06-22 01:14:46  [ main:2053 ] - [ INFO ]  Failed to sent put {"totalColumns":1,"row":"someRow","families":{"f":[{"qualifier":"someQualifier","vlen":10,"tag":[],"timestamp":9223372036854775807}]}}.
2018-06-22 01:14:46  [ main:2053 ] - [ INFO ]  Failed to sent put {"totalColumns":1,"row":"someRow","families":{"f":[{"qualifier":"someQualifier","vlen":10,"tag":[],"timestamp":9223372036854775807}]}}.
2018-06-22 01:14:46  [ main:2053 ] - [ INFO ]  Failed to sent put {"totalColumns":1,"row":"someRow","families":{"f":[{"qualifier":"someQualifier","vlen":10,"tag":[],"timestamp":9223372036854775807}]}}.
2018-06-22 01:14:46  [ main:2054 ] - [ INFO ]  Failed to sent put {"totalColumns":1,"row":"someRow","families":{"f":[{"qualifier":"someQualifier","vlen":10,"tag":[],"timestamp":9223372036854775807}]}}.
2018-06-22 01:14:46  [ main:2054 ] - [ INFO ]  Failed to sent put {"totalColumns":1,"row":"someRow","families":{"f":[{"qualifier":"someQualifier","vlen":10,"tag":[],"timestamp":9223372036854775807}]}}.
2018-06-22 01:14:46  [ main:2054 ] - [ INFO ]  Failed to sent put {"totalColumns":1,"row":"someRow","families":{"f":[{"qualifier":"someQualifier","vlen":10,"tag":[],"timestamp":9223372036854775807}]}}.
2018-06-22 01:14:46  [ main:2054 ] - [ INFO ]  Failed to sent put {"totalColumns":1,"row":"someRow","families":{"f":[{"qualifier":"someQualifier","vlen":10,"tag":[],"timestamp":9223372036854775807}]}}.
2018-06-22 01:14:46  [ main:2054 ] - [ INFO ]  Failed to sent put {"totalColumns":1,"row":"someRow","families":{"f":[{"qualifier":"someQualifier","vlen":10,"tag":[],"timestamp":9223372036854775807}]}}.
2018-06-22 01:14:46  [ main:2054 ] - [ INFO ]  Failed to sent put {"totalColumns":1,"row":"someRow","families":{"f":[{"qualifier":"someQualifier","vlen":10,"tag":[],"timestamp":9223372036854775807}]}}.
2018-06-22 01:14:46  [ main:2055 ] - [ INFO ]  Failed to sent put {"totalColumns":1,"row":"someRow","families":{"f":[{"qualifier":"someQualifier","vlen":10,"tag":[],"timestamp":9223372036854775807}]}}.
2018-06-22 01:14:46  [ main:2055 ] - [ INFO ]  Failed to sent put {"totalColumns":1,"row":"someRow","families":{"f":[{"qualifier":"someQualifier","vlen":10,"tag":[],"timestamp":9223372036854775807}]}}.
2018-06-22 01:14:46  [ main:2055 ] - [ INFO ]  Failed to sent put {"totalColumns":1,"row":"someRow","families":{"f":[{"qualifier":"someQualifier","vlen":10,"tag":[],"timestamp":9223372036854775807}]}}.
2018-06-22 01:14:46  [ main:2055 ] - [ INFO ]  Failed to sent put {"totalColumns":1,"row":"someRow","families":{"f":[{"qualifier":"someQualifier","vlen":10,"tag":[],"timestamp":9223372036854775807}]}}.
2018-06-22 01:14:46  [ main:2055 ] - [ INFO ]  Failed to sent put {"totalColumns":1,"row":"someRow","families":{"f":[{"qualifier":"someQualifier","vlen":10,"tag":[],"timestamp":9223372036854775807}]}}.
2018-06-22 01:14:46  [ main:2055 ] - [ INFO ]  Failed to sent put {"totalColumns":1,"row":"someRow","families":{"f":[{"qualifier":"someQualifier","vlen":10,"tag":[],"timestamp":9223372036854775807}]}}.
2018-06-22 01:14:46  [ main:2055 ] - [ INFO ]  Failed to sent put {"totalColumns":1,"row":"someRow","families":{"f":[{"qualifier":"someQualifier","vlen":10,"tag":[],"timestamp":9223372036854775807}]}}.
2018-06-22 01:14:46  [ main:2055 ] - [ INFO ]  Failed to sent put {"totalColumns":1,"row":"someRow","families":{"f":[{"qualifier":"someQualifier","vlen":10,"tag":[],"timestamp":9223372036854775807}]}}.
2018-06-22 01:14:46  [ main:2056 ] - [ INFO ]  Failed to sent put {"totalColumns":1,"row":"someRow","families":{"f":[{"qualifier":"someQualifier","vlen":10,"tag":[],"timestamp":9223372036854775807}]}}.
2018-06-22 01:14:46  [ main:2056 ] - [ INFO ]  Failed to sent put {"totalColumns":1,"row":"someRow","families":{"f":[{"qualifier":"someQualifier","vlen":10,"tag":[],"timestamp":9223372036854775807}]}}.
2018-06-22 01:14:46  [ main:2056 ] - [ INFO ]  Closing zookeeper sessionid=0x164265e57630014
2018-06-22 01:14:46  [ main:2057 ] - [ DEBUG ]  Closing session: 0x164265e57630014
2018-06-22 01:14:46  [ main:2057 ] - [ DEBUG ]  Closing client for session: 0x164265e57630014
2018-06-22 01:14:46  [ main-SendThread(localhost:2181):2059 ] - [ DEBUG ]  Reading reply sessionid:0x164265e57630014, packet:: clientPath:null serverPath:null finished:false header:: 5,-11  replyHeader:: 5,464,0  request:: null response:: null
2018-06-22 01:14:46  [ main:2059 ] - [ DEBUG ]  Disconnecting client for session: 0x164265e57630014
2018-06-22 01:14:46  [ main:2060 ] - [ INFO ]  Session: 0x164265e57630014 closed
2018-06-22 01:14:46  [ main:2060 ] - [ DEBUG ]  Stopping rpc client
2018-06-22 01:14:46  [ main-SendThread(localhost:2181):2059 ] - [ DEBUG ]  An exception was thrown while closing send thread for session 0x164265e57630014 : Unable to read additional data from server sessionid 0x164265e57630014, likely server has closed socket
2018-06-22 01:14:46  [ main-EventThread:2060 ] - [ INFO ]  EventThread shut down
2018-06-22 01:19:45  [ main:0 ] - [ DEBUG ]  field org.apache.hadoop.metrics2.lib.MutableRate org.apache.hadoop.security.UserGroupInformation$UgiMetrics.loginSuccess with annotation @org.apache.hadoop.metrics2.annotation.Metric(about=, sampleName=Ops, always=false, type=DEFAULT, valueName=Time, value=[Rate of successful kerberos logins and latency (milliseconds)])
2018-06-22 01:19:45  [ main:13 ] - [ DEBUG ]  field org.apache.hadoop.metrics2.lib.MutableRate org.apache.hadoop.security.UserGroupInformation$UgiMetrics.loginFailure with annotation @org.apache.hadoop.metrics2.annotation.Metric(about=, sampleName=Ops, always=false, type=DEFAULT, valueName=Time, value=[Rate of failed kerberos logins and latency (milliseconds)])
2018-06-22 01:19:45  [ main:13 ] - [ DEBUG ]  field org.apache.hadoop.metrics2.lib.MutableRate org.apache.hadoop.security.UserGroupInformation$UgiMetrics.getGroups with annotation @org.apache.hadoop.metrics2.annotation.Metric(about=, sampleName=Ops, always=false, type=DEFAULT, valueName=Time, value=[GetGroups])
2018-06-22 01:19:45  [ main:14 ] - [ DEBUG ]  UgiMetrics, User and group related metrics
2018-06-22 01:19:45  [ main:85 ] - [ DEBUG ]  Kerberos krb5 configuration not found, setting default realm to empty
2018-06-22 01:19:45  [ main:87 ] - [ DEBUG ]   Creating new Groups object
2018-06-22 01:19:45  [ main:89 ] - [ DEBUG ]  Trying to load the custom-built native-hadoop library...
2018-06-22 01:19:45  [ main:90 ] - [ DEBUG ]  Failed to load native-hadoop with error: java.lang.UnsatisfiedLinkError: no hadoop in java.library.path
2018-06-22 01:19:45  [ main:90 ] - [ DEBUG ]  java.library.path=/usr/local/idea/bin::/usr/java/packages/lib/amd64:/usr/lib/x86_64-linux-gnu/jni:/lib/x86_64-linux-gnu:/usr/lib/x86_64-linux-gnu:/usr/lib/jni:/lib:/usr/lib
2018-06-22 01:19:45  [ main:90 ] - [ WARN ]  Unable to load native-hadoop library for your platform... using builtin-java classes where applicable
2018-06-22 01:19:45  [ main:90 ] - [ DEBUG ]  Falling back to shell based
2018-06-22 01:19:45  [ main:91 ] - [ DEBUG ]  Group mapping impl=org.apache.hadoop.security.ShellBasedUnixGroupsMapping
2018-06-22 01:19:45  [ main:161 ] - [ DEBUG ]  setsid exited with exit code 0
2018-06-22 01:19:45  [ main:161 ] - [ DEBUG ]  Group mapping impl=org.apache.hadoop.security.JniBasedUnixGroupsMappingWithFallback; cacheTimeout=300000; warningDeltaMs=5000
2018-06-22 01:19:45  [ main:164 ] - [ DEBUG ]  hadoop login
2018-06-22 01:19:45  [ main:165 ] - [ DEBUG ]  hadoop login commit
2018-06-22 01:19:45  [ main:168 ] - [ DEBUG ]  using local user:UnixPrincipal: root
2018-06-22 01:19:45  [ main:169 ] - [ DEBUG ]  UGI loginUser:root (auth:SIMPLE)
2018-06-22 01:19:45  [ main:337 ] - [ INFO ]  Process identifier=hconnection-0x3b94d659 connecting to ZooKeeper ensemble=localhost:2181
2018-06-22 01:19:45  [ main:343 ] - [ INFO ]  Client environment:zookeeper.version=3.4.6-1569965, built on 02/20/2014 09:09 GMT
2018-06-22 01:19:45  [ main:343 ] - [ INFO ]  Client environment:host.name=host1
2018-06-22 01:19:45  [ main:344 ] - [ INFO ]  Client environment:java.version=1.8.0_171
2018-06-22 01:19:45  [ main:344 ] - [ INFO ]  Client environment:java.vendor=Oracle Corporation
2018-06-22 01:19:45  [ main:344 ] - [ INFO ]  Client environment:java.home=/usr/lib/jvm/java-8-openjdk-amd64/jre
2018-06-22 01:19:45  [ main:344 ] - [ INFO ]  Client environment:java.class.path=/usr/lib/jvm/java-1.8.0-openjdk-amd64/jre/lib/charsets.jar:/usr/lib/jvm/java-1.8.0-openjdk-amd64/jre/lib/ext/cldrdata.jar:/usr/lib/jvm/java-1.8.0-openjdk-amd64/jre/lib/ext/dnsns.jar:/usr/lib/jvm/java-1.8.0-openjdk-amd64/jre/lib/ext/icedtea-sound.jar:/usr/lib/jvm/java-1.8.0-openjdk-amd64/jre/lib/ext/jaccess.jar:/usr/lib/jvm/java-1.8.0-openjdk-amd64/jre/lib/ext/java-atk-wrapper.jar:/usr/lib/jvm/java-1.8.0-openjdk-amd64/jre/lib/ext/localedata.jar:/usr/lib/jvm/java-1.8.0-openjdk-amd64/jre/lib/ext/nashorn.jar:/usr/lib/jvm/java-1.8.0-openjdk-amd64/jre/lib/ext/sunec.jar:/usr/lib/jvm/java-1.8.0-openjdk-amd64/jre/lib/ext/sunjce_provider.jar:/usr/lib/jvm/java-1.8.0-openjdk-amd64/jre/lib/ext/sunpkcs11.jar:/usr/lib/jvm/java-1.8.0-openjdk-amd64/jre/lib/ext/zipfs.jar:/usr/lib/jvm/java-1.8.0-openjdk-amd64/jre/lib/jce.jar:/usr/lib/jvm/java-1.8.0-openjdk-amd64/jre/lib/jsse.jar:/usr/lib/jvm/java-1.8.0-openjdk-amd64/jre/lib/management-agent.jar:/usr/lib/jvm/java-1.8.0-openjdk-amd64/jre/lib/resources.jar:/usr/lib/jvm/java-1.8.0-openjdk-amd64/jre/lib/rt.jar:/root/IdeaProjects/PerformanceTest/out/production/classes:/root/IdeaProjects/PerformanceTest/out/production/resources:/root/.gradle/caches/modules-2/files-2.1/org.codehaus.groovy/groovy-all/2.3.11/f6b34997d04c1538ce451d3955298f46fdb4dbd4/groovy-all-2.3.11.jar:/root/.gradle/caches/modules-2/files-2.1/org.apache.logging.log4j/log4j-core/2.11.0/e6b751e02120c08702d98750f6a80bc25343b7f5/log4j-core-2.11.0.jar:/root/.gradle/caches/modules-2/files-2.1/org.apache.logging.log4j/log4j-api/2.11.0/bede79a3f150711634a3047985517431bf6499f2/log4j-api-2.11.0.jar:/usr/local/hbase-1.1/lib/xz-1.0.jar:/usr/local/hbase-1.1/lib/asm-3.1.jar:/usr/local/hbase-1.1/lib/guice-3.0.jar:/usr/local/hbase-1.1/lib/avro-1.7.4.jar:/usr/local/hbase-1.1/lib/joni-2.1.2.jar:/usr/local/hbase-1.1/lib/junit-4.11.jar:/usr/local/hbase-1.1/lib/jsch-0.1.42.jar:/usr/local/hbase-1.1/lib/xmlenc-0.52.jar:/usr/local/hbase-1.1/lib/guava-12.0.1.jar:/usr/local/hbase-1.1/lib/jets3t-0.9.0.jar:/usr/local/hbase-1.1/lib/jetty-6.1.26.jar:/usr/local/hbase-1.1/lib/jsr305-1.3.9.jar:/usr/local/hbase-1.1/lib/log4j-1.2.17.jar:/usr/local/hbase-1.1/lib/paranamer-2.3.jar:/usr/local/hbase-1.1/lib/activation-1.1.jar:/usr/local/hbase-1.1/lib/commons-el-1.0.jar:/usr/local/hbase-1.1/lib/commons-io-2.4.jar:/usr/local/hbase-1.1/lib/hbase-it-1.1.2.jar:/usr/local/hbase-1.1/lib/httpcore-4.1.3.jar:/usr/local/hbase-1.1/lib/javax.inject-1.jar:/usr/local/hbase-1.1/lib/jaxb-api-2.2.2.jar:/usr/local/hbase-1.1/lib/jcodings-1.0.8.jar:/usr/local/hbase-1.1/lib/jettison-1.3.3.jar:/usr/local/hbase-1.1/lib/jsp-2.1-6.1.14.jar:/usr/local/hbase-1.1/lib/aopalliance-1.0.jar:/usr/local/hbase-1.1/lib/commons-cli-1.2.jar:/usr/local/hbase-1.1/lib/commons-net-3.1.jar:/usr/local/hbase-1.1/lib/disruptor-3.3.0.jar:/usr/local/hbase-1.1/lib/jersey-core-1.9.jar:/usr/local/hbase-1.1/lib/jersey-json-1.9.jar:/usr/local/hbase-1.1/lib/libthrift-0.9.0.jar:/usr/local/hbase-1.1/lib/servlet-api-2.5.jar:/usr/local/hbase-1.1/lib/slf4j-api-1.7.7.jar:/usr/local/hbase-1.1/lib/zookeeper-3.4.6.jar:/usr/local/hbase-1.1/lib/commons-lang-2.6.jar:/usr/local/hbase-1.1/lib/commons-math-2.2.jar:/usr/local/hbase-1.1/lib/hbase-rest-1.1.2.jar:/usr/local/hbase-1.1/lib/httpclient-4.2.5.jar:/usr/local/hbase-1.1/lib/jersey-guice-1.9.jar:/usr/local/hbase-1.1/lib/commons-codec-1.9.jar:/usr/local/hbase-1.1/lib/guice-servlet-3.0.jar:/usr/local/hbase-1.1/lib/hadoop-auth-2.5.1.jar:/usr/local/hbase-1.1/lib/hadoop-hdfs-2.5.1.jar:/usr/local/hbase-1.1/lib/hbase-shell-1.1.2.jar:/usr/local/hbase-1.1/lib/jackson-xc-1.9.13.jar:/usr/local/hbase-1.1/lib/jaxb-impl-2.2.3-1.jar:/usr/local/hbase-1.1/lib/jersey-client-1.9.jar:/usr/local/hbase-1.1/lib/jersey-server-1.9.jar:/usr/local/hbase-1.1/lib/jetty-util-6.1.26.jar:/usr/local/hbase-1.1/lib/netty-3.2.4.Final.jar:/usr/local/hbase-1.1/lib/api-util-1.0.0-M20.jar:/usr/local/hbase-1.1/lib/hbase-client-1.1.2.jar:/usr/local/hbase-1.1/lib/hbase-common-1.1.2.jar:/usr/local/hbase-1.1/lib/hbase-server-1.1.2.jar:/usr/local/hbase-1.1/lib/hbase-thrift-1.1.2.jar:/usr/local/hbase-1.1/lib/jsp-api-2.1-6.1.14.jar:/usr/local/hbase-1.1/lib/leveldbjni-all-1.8.jar:/usr/local/hbase-1.1/lib/metrics-core-2.2.0.jar:/usr/local/hbase-1.1/lib/commons-logging-1.2.jar:/usr/local/hbase-1.1/lib/commons-math3-3.1.1.jar:/usr/local/hbase-1.1/lib/hadoop-client-2.5.1.jar:/usr/local/hbase-1.1/lib/hadoop-common-2.5.1.jar:/usr/local/hbase-1.1/lib/jamon-runtime-2.3.1.jar:/usr/local/hbase-1.1/lib/java-xmlbuilder-0.4.jar:/usr/local/hbase-1.1/lib/protobuf-java-2.5.0.jar:/usr/local/hbase-1.1/lib/slf4j-log4j12-1.7.5.jar:/usr/local/hbase-1.1/lib/snappy-java-1.0.4.1.jar:/usr/local/hbase-1.1/lib/spymemcached-2.11.6.jar:/usr/local/hbase-1.1/lib/commons-digester-1.8.jar:/usr/local/hbase-1.1/lib/hbase-examples-1.1.2.jar:/usr/local/hbase-1.1/lib/hbase-it-1.1.2-tests.jar:/usr/local/hbase-1.1/lib/hbase-protocol-1.1.2.jar:/usr/local/hbase-1.1/lib/jackson-jaxrs-1.9.13.jar:/usr/local/hbase-1.1/lib/jruby-complete-1.6.8.jar:/usr/local/hbase-1.1/lib/commons-daemon-1.0.13.jar:/usr/local/hbase-1.1/lib/hadoop-yarn-api-2.5.1.jar:/usr/local/hbase-1.1/lib/hbase-procedure-1.1.2.jar:/usr/local/hbase-1.1/lib/jasper-runtime-5.5.23.jar:/usr/local/hbase-1.1/lib/api-asn1-api-1.0.0-M20.jar:/usr/local/hbase-1.1/lib/commons-compress-1.4.1.jar:/usr/local/hbase-1.1/lib/commons-httpclient-3.1.jar:/usr/local/hbase-1.1/lib/jasper-compiler-5.5.23.jar:/usr/local/hbase-1.1/lib/jetty-sslengine-6.1.26.jar:/usr/local/hbase-1.1/lib/netty-all-4.0.23.Final.jar:/usr/local/hbase-1.1/lib/servlet-api-2.5-6.1.14.jar:/usr/local/hbase-1.1/lib/apacheds-i18n-2.0.0-M15.jar:/usr/local/hbase-1.1/lib/commons-beanutils-1.7.0.jar:/usr/local/hbase-1.1/lib/hbase-annotations-1.1.2.jar:/usr/local/hbase-1.1/lib/hbase-prefix-tree-1.1.2.jar:/usr/local/hbase-1.1/lib/jackson-core-asl-1.9.13.jar:/usr/local/hbase-1.1/lib/hadoop-annotations-2.5.1.jar:/usr/local/hbase-1.1/lib/hadoop-yarn-client-2.5.1.jar:/usr/local/hbase-1.1/lib/hadoop-yarn-common-2.5.1.jar:/usr/local/hbase-1.1/lib/hbase-common-1.1.2-tests.jar:/usr/local/hbase-1.1/lib/hbase-server-1.1.2-tests.jar:/usr/local/hbase-1.1/lib/commons-collections-3.2.1.jar:/usr/local/hbase-1.1/lib/commons-configuration-1.6.jar:/usr/local/hbase-1.1/lib/hbase-hadoop-compat-1.1.2.jar:/usr/local/hbase-1.1/lib/jackson-mapper-asl-1.9.13.jar:/usr/local/hbase-1.1/lib/hbase-hadoop2-compat-1.1.2.jar:/usr/local/hbase-1.1/lib/hbase-resource-bundle-1.1.2.jar:/usr/local/hbase-1.1/lib/commons-beanutils-core-1.8.0.jar:/usr/local/hbase-1.1/lib/findbugs-annotations-1.3.9-1.jar:/usr/local/hbase-1.1/lib/htrace-core-3.1.0-incubating.jar:/usr/local/hbase-1.1/lib/hbase-annotations-1.1.2-tests.jar:/usr/local/hbase-1.1/lib/hadoop-yarn-server-common-2.5.1.jar:/usr/local/hbase-1.1/lib/apacheds-kerberos-codec-2.0.0-M15.jar:/usr/local/hbase-1.1/lib/hadoop-mapreduce-client-app-2.5.1.jar:/usr/local/hbase-1.1/lib/hadoop-mapreduce-client-core-2.5.1.jar:/usr/local/hbase-1.1/lib/hadoop-mapreduce-client-common-2.5.1.jar:/usr/local/hbase-1.1/lib/hadoop-mapreduce-client-shuffle-2.5.1.jar:/usr/local/hbase-1.1/lib/hadoop-mapreduce-client-jobclient-2.5.1.jar:/usr/local/idea/lib/idea_rt.jar
2018-06-22 01:19:45  [ main:345 ] - [ INFO ]  Client environment:java.library.path=/usr/local/idea/bin::/usr/java/packages/lib/amd64:/usr/lib/x86_64-linux-gnu/jni:/lib/x86_64-linux-gnu:/usr/lib/x86_64-linux-gnu:/usr/lib/jni:/lib:/usr/lib
2018-06-22 01:19:45  [ main:345 ] - [ INFO ]  Client environment:java.io.tmpdir=/tmp
2018-06-22 01:19:45  [ main:345 ] - [ INFO ]  Client environment:java.compiler=<NA>
2018-06-22 01:19:45  [ main:345 ] - [ INFO ]  Client environment:os.name=Linux
2018-06-22 01:19:45  [ main:345 ] - [ INFO ]  Client environment:os.arch=amd64
2018-06-22 01:19:45  [ main:345 ] - [ INFO ]  Client environment:os.version=4.15.0-23-generic
2018-06-22 01:19:45  [ main:345 ] - [ INFO ]  Client environment:user.name=root
2018-06-22 01:19:45  [ main:345 ] - [ INFO ]  Client environment:user.home=/root
2018-06-22 01:19:45  [ main:346 ] - [ INFO ]  Client environment:user.dir=/root/IdeaProjects/PerformanceTest
2018-06-22 01:19:45  [ main:346 ] - [ INFO ]  Initiating client connection, connectString=localhost:2181 sessionTimeout=90000 watcher=hconnection-0x3b94d6590x0, quorum=localhost:2181, baseZNode=/hbase
2018-06-22 01:19:45  [ main:349 ] - [ DEBUG ]  zookeeper.disableAutoWatchReset is false
2018-06-22 01:19:45  [ main-SendThread(localhost:2181):367 ] - [ INFO ]  Opening socket connection to server localhost/127.0.0.1:2181. Will not attempt to authenticate using SASL (unknown error)
2018-06-22 01:19:46  [ main-SendThread(localhost:2181):373 ] - [ INFO ]  Socket connection established to localhost/127.0.0.1:2181, initiating session
2018-06-22 01:19:46  [ main-SendThread(localhost:2181):374 ] - [ DEBUG ]  Session establishment request sent on localhost/127.0.0.1:2181
2018-06-22 01:19:46  [ main-SendThread(localhost:2181):379 ] - [ INFO ]  Session establishment complete on server localhost/127.0.0.1:2181, sessionid = 0x164265e57630015, negotiated timeout = 90000
2018-06-22 01:19:46  [ main-EventThread:388 ] - [ DEBUG ]  hconnection-0x3b94d6590x0, quorum=localhost:2181, baseZNode=/hbase Received ZooKeeper Event, type=None, state=SyncConnected, path=null
2018-06-22 01:19:46  [ main-EventThread:391 ] - [ DEBUG ]  hconnection-0x3b94d659-0x164265e57630015 connected
2018-06-22 01:19:46  [ main-SendThread(localhost:2181):396 ] - [ DEBUG ]  Reading reply sessionid:0x164265e57630015, packet:: clientPath:null serverPath:null finished:false header:: 1,3  replyHeader:: 1,530,0  request:: '/hbase/hbaseid,F  response:: s{17,333,1529648298952,1529652077656,2,0,0,0,67,0,17} 
2018-06-22 01:19:46  [ main-SendThread(localhost:2181):410 ] - [ DEBUG ]  Reading reply sessionid:0x164265e57630015, packet:: clientPath:null serverPath:null finished:false header:: 2,4  replyHeader:: 2,530,0  request:: '/hbase/hbaseid,F  response:: #ffffffff000146d61737465723a3136303030ffffffa36e5bffffff92ffffffc03b7cffffff8250425546a2461366133663831612d656636622d343234382d383864632d366465663236353532333566,s{17,333,1529648298952,1529652077656,2,0,0,0,67,0,17} 
2018-06-22 01:19:46  [ main:707 ] - [ DEBUG ]  Codec=org.apache.hadoop.hbase.codec.KeyValueCodec@1b1473ab, compressor=null, tcpKeepAlive=true, tcpNoDelay=true, connectTO=10000, readTO=20000, writeTO=60000, minIdleTimeBeforeClose=120000, maxRetries=0, fallbackAllowed=false, bind address=null
2018-06-22 01:19:46  [ main-SendThread(localhost:2181):809 ] - [ DEBUG ]  Reading reply sessionid:0x164265e57630015, packet:: clientPath:null serverPath:null finished:false header:: 3,8  replyHeader:: 3,530,0  request:: '/hbase,F  response:: v{'replication,'meta-region-server,'rs,'splitWAL,'backup-masters,'table-lock,'flush-table-proc,'region-in-transition,'online-snapshot,'master,'running,'recovering-regions,'draining,'namespace,'hbaseid,'table} 
2018-06-22 01:19:46  [ main-SendThread(localhost:2181):812 ] - [ DEBUG ]  Reading reply sessionid:0x164265e57630015, packet:: clientPath:null serverPath:null finished:false header:: 4,4  replyHeader:: 4,530,0  request:: '/hbase/meta-region-server,F  response:: #ffffffff0001a726567696f6e7365727665723a31363032335e76fffffffbffffffb0ffffffc03747150425546a11a5686f73743110ffffff977d18fffffff6ffffff85ffffff96ffffffb3ffffffc22c100183,s{399,399,1529652575432,1529652575432,0,0,0,0,58,0,399} 
2018-06-22 01:19:46  [ hconnection-0x3b94d659-metaLookup-shared--pool2-t1:985 ] - [ DEBUG ]  Use SIMPLE authentication for service ClientService, sasl=false
2018-06-22 01:19:46  [ hconnection-0x3b94d659-metaLookup-shared--pool2-t1:1003 ] - [ DEBUG ]  Connecting to host1/192.168.137.129:16023
2018-06-22 01:19:46  [ hconnection-0x3b94d659-shared--pool1-t2:1144 ] - [ DEBUG ]  Use SIMPLE authentication for service ClientService, sasl=false
2018-06-22 01:19:46  [ hconnection-0x3b94d659-shared--pool1-t2:1145 ] - [ DEBUG ]  Connecting to host1/192.168.137.129:16022
2018-06-22 01:19:46  [ hconnection-0x3b94d659-shared--pool1-t1:1154 ] - [ DEBUG ]  Use SIMPLE authentication for service ClientService, sasl=false
2018-06-22 01:19:46  [ hconnection-0x3b94d659-shared--pool1-t1:1154 ] - [ DEBUG ]  Connecting to host1/192.168.137.129:16020
2018-06-22 01:19:48  [ main:2525 ] - [ INFO ]  Closing zookeeper sessionid=0x164265e57630015
2018-06-22 01:19:48  [ main:2525 ] - [ DEBUG ]  Closing session: 0x164265e57630015
2018-06-22 01:19:48  [ main:2526 ] - [ DEBUG ]  Closing client for session: 0x164265e57630015
2018-06-22 01:19:48  [ main-SendThread(localhost:2181):2528 ] - [ DEBUG ]  Reading reply sessionid:0x164265e57630015, packet:: clientPath:null serverPath:null finished:false header:: 5,-11  replyHeader:: 5,531,0  request:: null response:: null
2018-06-22 01:19:48  [ main-SendThread(localhost:2181):2529 ] - [ DEBUG ]  An exception was thrown while closing send thread for session 0x164265e57630015 : Unable to read additional data from server sessionid 0x164265e57630015, likely server has closed socket
2018-06-22 01:19:48  [ main:2531 ] - [ DEBUG ]  Disconnecting client for session: 0x164265e57630015
2018-06-22 01:19:48  [ main:2531 ] - [ INFO ]  Session: 0x164265e57630015 closed
2018-06-22 01:19:48  [ main-EventThread:2531 ] - [ INFO ]  EventThread shut down
2018-06-22 01:19:48  [ main:2531 ] - [ DEBUG ]  Stopping rpc client
